	{
		"Rule level":"critical",
		"title":"Suspicious In-Memory Module Execution - 8B78C085",
		"description":"Detects the access to processes by other suspicious processes which have reflectively loaded libraries in their memory space. An example is SilentTrinity C2 behaviour. Generally speaking, when Sysmon EventID 10 cannot reference a stack call to a dll loaded from disk (the standard way), it will display \"UNKNOWN\" as the module name. Usually this means the stack call points to a module that was reflectively loaded in memory. Adding to this, it is not common to see such few calls in the stack (ntdll.dll --\u003e kernelbase.dll --\u003e unknown) which essentially means that most of the functions required by the process to execute certain routines are already present in memory, not requiring any calls to external libraries. The latter should also be considered suspicious.",
		"row_id":6726,
		"processid":2020,
		"utctime":"2019-06-20 08:07:48.909",
		"channel":"Microsoft-Windows-Sysmon/Operational",
		"computer":"IEWIN7",
		"eventid":10,
		"eventrecordid":8117,
		"threadid":2088,
		"keywords":"0x8000000000000000",
		"level":4,
		"opcode":0,
		"guid":"5770385F-C22A-43E0-BF4C-06F5698FFBD9",
		"name":"Microsoft-Windows-Sysmon",
		"userid":"S-1-5-18",
		"task":10,
		"systemtime":"2019-06-20T08:07:48.925560Z",
		"version":3,
		"calltrace":"C:\\Windows\\SYSTEM32\\ntdll.dll+4530c|C:\\Windows\\system32\\kernel32.dll+51133|C:\\Windows\\system32\\kernel32.dll+2079|C:\\Windows\\Microsoft.NET\\Framework\\v2.0.50727\\mscorwks.dll+1ce7|UNKNOWN(01BE1547)|C:\\Windows\\assembly\\NativeImages_v2.0.50727_32\\System\\e10fc0c922927179f29b495cf47d62dc\\System.ni.dll+553119|C:\\Windows\\assembly\\NativeImages_v2.0.50727_32\\System\\e10fc0c922927179f29b495cf47d62dc\\System.ni.dll+55371a|UNKNOWN(046A1C49)|UNKNOWN(00000000)|UNKNOWN(00000000)|UNKNOWN(00000000)|UNKNOWN(00000000)|UNKNOWN(00000000)|UNKNOWN(00000000)|UNKNOWN(00000000)|UNKNOWN(00000000)",
		"grantedaccess":"0x1fffff",
		"sourceprocessguid":"365ABB72-3D05-5D0B-0000-001004220D00",
		"sourceprocessid":816,
		"sourcethreadid":2000,
		"targetimage":"C:\\Windows\\system32\\cmd.exe",
		"targetprocessguid":"365ABB72-3ED4-5D0B-0000-0010B2871A00",
		"targetprocessid":1440
	},
	{
		"Rule level":"critical",
		"title":"Suspicious In-Memory Module Execution - 8B78C085",
		"description":"Detects the access to processes by other suspicious processes which have reflectively loaded libraries in their memory space. An example is SilentTrinity C2 behaviour. Generally speaking, when Sysmon EventID 10 cannot reference a stack call to a dll loaded from disk (the standard way), it will display \"UNKNOWN\" as the module name. Usually this means the stack call points to a module that was reflectively loaded in memory. Adding to this, it is not common to see such few calls in the stack (ntdll.dll --\u003e kernelbase.dll --\u003e unknown) which essentially means that most of the functions required by the process to execute certain routines are already present in memory, not requiring any calls to external libraries. The latter should also be considered suspicious.",
		"row_id":6731,
		"processid":5424,
		"utctime":"2020-10-05 22:28:20.528",
		"channel":"Microsoft-Windows-Sysmon/Operational",
		"computer":"LAPTOP-JU4M3I0E",
		"eventid":10,
		"eventrecordid":2164914,
		"threadid":6708,
		"keywords":"0x8000000000000000",
		"level":4,
		"opcode":0,
		"guid":"5770385F-C22A-43E0-BF4C-06F5698FFBD9",
		"name":"Microsoft-Windows-Sysmon",
		"userid":"S-1-5-18",
		"task":10,
		"systemtime":"2020-10-05T22:28:20.530243Z",
		"version":3,
		"calltrace":"C:\\windows\\SYSTEM32\\ntdll.dll+9d8e4|C:\\windows\\System32\\KERNELBASE.dll+59e1a|C:\\windows\\System32\\KERNELBASE.dll+567b6|C:\\windows\\System32\\KERNEL32.DLL+1be93|C:\\windows\\assembly\\NativeImages_v4.0.30319_64\\Accessibility\\17f39a0966f33022984396aa57e95869\\Accessibility.ni.dll+1042e|UNKNOWN(000000000088B810)",
		"grantedaccess":"0x1fffff",
		"sourceimage":"C:\\Windows\\System32\\mmc.exe",
		"sourceprocessguid":"00247C92-9E03-5F7B-0000-0010A645272C",
		"sourceprocessid":20228,
		"sourcethreadid":23480,
		"targetimage":"C:\\windows\\system32\\cmd.exe",
		"targetprocessguid":"00247C92-9E04-5F7B-0000-0010CF98272C",
		"targetprocessid":12876
	},
	{
		"Rule level":"critical",
		"title":"Suspicious In-Memory Module Execution - 8B78C085",
		"description":"Detects the access to processes by other suspicious processes which have reflectively loaded libraries in their memory space. An example is SilentTrinity C2 behaviour. Generally speaking, when Sysmon EventID 10 cannot reference a stack call to a dll loaded from disk (the standard way), it will display \"UNKNOWN\" as the module name. Usually this means the stack call points to a module that was reflectively loaded in memory. Adding to this, it is not common to see such few calls in the stack (ntdll.dll --\u003e kernelbase.dll --\u003e unknown) which essentially means that most of the functions required by the process to execute certain routines are already present in memory, not requiring any calls to external libraries. The latter should also be considered suspicious.",
		"row_id":6751,
		"processid":3248,
		"utctime":"2020-06-30 20:50:25.539",
		"channel":"Microsoft-Windows-Sysmon/Operational",
		"computer":"MSEDGEWIN10",
		"eventid":10,
		"eventrecordid":303867,
		"threadid":4128,
		"keywords":"0x8000000000000000",
		"level":4,
		"opcode":0,
		"guid":"5770385F-C22A-43E0-BF4C-06F5698FFBD9",
		"name":"Microsoft-Windows-Sysmon",
		"userid":"S-1-5-18",
		"task":10,
		"systemtime":"2020-06-30T20:50:25.546713Z",
		"version":3,
		"rulename":"Evasion Suspicious NtOpenProcess Call",
		"calltrace":"UNKNOWN(000001F3C35A0014)",
		"grantedaccess":"0x1fffff",
		"sourceimage":"C:\\Users\\Public\\za3bollo.exe",
		"sourceprocessguid":"747F3D96-A591-5EFB-0000-00109FE4CC01",
		"sourceprocessid":1972,
		"sourcethreadid":7192,
		"targetimage":"C:\\Windows\\system32\\notepad.exe",
		"targetprocessguid":"747F3D96-59BB-5EFB-0000-0010D81B6400",
		"targetprocessid":2996
	},
	{
		"Rule level":"critical",
		"title":"Suspicious In-Memory Module Execution - 8B78C085",
		"description":"Detects the access to processes by other suspicious processes which have reflectively loaded libraries in their memory space. An example is SilentTrinity C2 behaviour. Generally speaking, when Sysmon EventID 10 cannot reference a stack call to a dll loaded from disk (the standard way), it will display \"UNKNOWN\" as the module name. Usually this means the stack call points to a module that was reflectively loaded in memory. Adding to this, it is not common to see such few calls in the stack (ntdll.dll --\u003e kernelbase.dll --\u003e unknown) which essentially means that most of the functions required by the process to execute certain routines are already present in memory, not requiring any calls to external libraries. The latter should also be considered suspicious.",
		"row_id":6763,
		"processid":1964,
		"utctime":"2019-04-30 12:43:43.784",
		"channel":"Microsoft-Windows-Sysmon/Operational",
		"computer":"IEWIN7",
		"eventid":10,
		"eventrecordid":9058,
		"threadid":316,
		"keywords":"0x8000000000000000",
		"level":4,
		"opcode":0,
		"guid":"5770385F-C22A-43E0-BF4C-06F5698FFBD9",
		"name":"Microsoft-Windows-Sysmon",
		"userid":"S-1-5-18",
		"task":10,
		"systemtime":"2019-04-30T12:43:43.784179Z",
		"version":3,
		"calltrace":"C:\\Windows\\SYSTEM32\\ntdll.dll+4595c|C:\\Windows\\system32\\KERNELBASE.dll+8185|UNKNOWN(01B51606)|UNKNOWN(01B51F41)|UNKNOWN(01B51515)|UNKNOWN(014A7486)|UNKNOWN(014A73A0)|UNKNOWN(014A78A3)|C:\\Windows\\system32\\kernel32.dll+4ef8c|C:\\Windows\\SYSTEM32\\ntdll.dll+6367a|C:\\Windows\\SYSTEM32\\ntdll.dll+6364d",
		"grantedaccess":"0x1f1fff",
		"sourceimage":"\\\\VBOXSVR\\HTools\\voice_mail.msg.exe",
		"sourceprocessguid":"365ABB72-4055-5CC8-0000-0010769D0B00",
		"sourceprocessid":1532,
		"sourcethreadid":2284,
		"targetimage":"C:\\Windows\\System32\\smss.exe",
		"targetprocessguid":"365ABB72-3FDE-5CC8-0000-0010142B0000",
		"targetprocessid":264
	},
	{
		"Rule level":"critical",
		"title":"Suspicious In-Memory Module Execution - 8B78C085",
		"description":"Detects the access to processes by other suspicious processes which have reflectively loaded libraries in their memory space. An example is SilentTrinity C2 behaviour. Generally speaking, when Sysmon EventID 10 cannot reference a stack call to a dll loaded from disk (the standard way), it will display \"UNKNOWN\" as the module name. Usually this means the stack call points to a module that was reflectively loaded in memory. Adding to this, it is not common to see such few calls in the stack (ntdll.dll --\u003e kernelbase.dll --\u003e unknown) which essentially means that most of the functions required by the process to execute certain routines are already present in memory, not requiring any calls to external libraries. The latter should also be considered suspicious.",
		"row_id":6764,
		"processid":1964,
		"utctime":"2019-04-30 12:43:43.784",
		"channel":"Microsoft-Windows-Sysmon/Operational",
		"computer":"IEWIN7",
		"eventid":10,
		"eventrecordid":9059,
		"threadid":316,
		"keywords":"0x8000000000000000",
		"level":4,
		"opcode":0,
		"guid":"5770385F-C22A-43E0-BF4C-06F5698FFBD9",
		"name":"Microsoft-Windows-Sysmon",
		"userid":"S-1-5-18",
		"task":10,
		"systemtime":"2019-04-30T12:43:43.784179Z",
		"version":3,
		"calltrace":"C:\\Windows\\SYSTEM32\\ntdll.dll+4595c|C:\\Windows\\system32\\KERNELBASE.dll+8185|UNKNOWN(01B51606)|UNKNOWN(01B51F41)|UNKNOWN(01B51515)|UNKNOWN(014A7486)|UNKNOWN(014A73A0)|UNKNOWN(014A78A3)|C:\\Windows\\system32\\kernel32.dll+4ef8c|C:\\Windows\\SYSTEM32\\ntdll.dll+6367a|C:\\Windows\\SYSTEM32\\ntdll.dll+6364d",
		"grantedaccess":"0x1f1fff",
		"sourceimage":"\\\\VBOXSVR\\HTools\\voice_mail.msg.exe",
		"sourceprocessguid":"365ABB72-4055-5CC8-0000-0010769D0B00",
		"sourceprocessid":1532,
		"sourcethreadid":2284,
		"targetimage":"C:\\Windows\\system32\\csrss.exe",
		"targetprocessguid":"365ABB72-3FDF-5CC8-0000-00103C480000",
		"targetprocessid":336
	},
	{
		"Rule level":"critical",
		"title":"Suspicious In-Memory Module Execution - 8B78C085",
		"description":"Detects the access to processes by other suspicious processes which have reflectively loaded libraries in their memory space. An example is SilentTrinity C2 behaviour. Generally speaking, when Sysmon EventID 10 cannot reference a stack call to a dll loaded from disk (the standard way), it will display \"UNKNOWN\" as the module name. Usually this means the stack call points to a module that was reflectively loaded in memory. Adding to this, it is not common to see such few calls in the stack (ntdll.dll --\u003e kernelbase.dll --\u003e unknown) which essentially means that most of the functions required by the process to execute certain routines are already present in memory, not requiring any calls to external libraries. The latter should also be considered suspicious.",
		"row_id":6766,
		"processid":1964,
		"utctime":"2019-04-30 12:43:43.784",
		"channel":"Microsoft-Windows-Sysmon/Operational",
		"computer":"IEWIN7",
		"eventid":10,
		"eventrecordid":9061,
		"threadid":316,
		"keywords":"0x8000000000000000",
		"level":4,
		"opcode":0,
		"guid":"5770385F-C22A-43E0-BF4C-06F5698FFBD9",
		"name":"Microsoft-Windows-Sysmon",
		"userid":"S-1-5-18",
		"task":10,
		"systemtime":"2019-04-30T12:43:43.784179Z",
		"version":3,
		"calltrace":"C:\\Windows\\SYSTEM32\\ntdll.dll+4595c|C:\\Windows\\system32\\KERNELBASE.dll+8185|UNKNOWN(01B51606)|UNKNOWN(01B51F41)|UNKNOWN(01B51515)|UNKNOWN(014A7486)|UNKNOWN(014A73A0)|UNKNOWN(014A78A3)|C:\\Windows\\system32\\kernel32.dll+4ef8c|C:\\Windows\\SYSTEM32\\ntdll.dll+6367a|C:\\Windows\\SYSTEM32\\ntdll.dll+6364d",
		"grantedaccess":"0x1f1fff",
		"sourceimage":"\\\\VBOXSVR\\HTools\\voice_mail.msg.exe",
		"sourceprocessguid":"365ABB72-4055-5CC8-0000-0010769D0B00",
		"sourceprocessid":1532,
		"sourcethreadid":2284,
		"targetimage":"C:\\Windows\\system32\\csrss.exe",
		"targetprocessguid":"365ABB72-3FE0-5CC8-0000-0010014C0000",
		"targetprocessid":384
	},
	{
		"Rule level":"critical",
		"title":"Suspicious In-Memory Module Execution - 8B78C085",
		"description":"Detects the access to processes by other suspicious processes which have reflectively loaded libraries in their memory space. An example is SilentTrinity C2 behaviour. Generally speaking, when Sysmon EventID 10 cannot reference a stack call to a dll loaded from disk (the standard way), it will display \"UNKNOWN\" as the module name. Usually this means the stack call points to a module that was reflectively loaded in memory. Adding to this, it is not common to see such few calls in the stack (ntdll.dll --\u003e kernelbase.dll --\u003e unknown) which essentially means that most of the functions required by the process to execute certain routines are already present in memory, not requiring any calls to external libraries. The latter should also be considered suspicious.",
		"row_id":6767,
		"processid":1964,
		"utctime":"2019-04-30 12:43:43.784",
		"channel":"Microsoft-Windows-Sysmon/Operational",
		"computer":"IEWIN7",
		"eventid":10,
		"eventrecordid":9062,
		"threadid":316,
		"keywords":"0x8000000000000000",
		"level":4,
		"opcode":0,
		"guid":"5770385F-C22A-43E0-BF4C-06F5698FFBD9",
		"name":"Microsoft-Windows-Sysmon",
		"userid":"S-1-5-18",
		"task":10,
		"systemtime":"2019-04-30T12:43:43.784179Z",
		"version":3,
		"calltrace":"C:\\Windows\\SYSTEM32\\ntdll.dll+4595c|C:\\Windows\\system32\\KERNELBASE.dll+8185|UNKNOWN(01B51606)|UNKNOWN(01B51F41)|UNKNOWN(01B51515)|UNKNOWN(014A7486)|UNKNOWN(014A73A0)|UNKNOWN(014A78A3)|C:\\Windows\\system32\\kernel32.dll+4ef8c|C:\\Windows\\SYSTEM32\\ntdll.dll+6367a|C:\\Windows\\SYSTEM32\\ntdll.dll+6364d",
		"grantedaccess":"0x1f1fff",
		"sourceimage":"\\\\VBOXSVR\\HTools\\voice_mail.msg.exe",
		"sourceprocessguid":"365ABB72-4055-5CC8-0000-0010769D0B00",
		"sourceprocessid":1532,
		"sourcethreadid":2284,
		"targetimage":"C:\\Windows\\system32\\wininit.exe",
		"targetprocessguid":"365ABB72-3FE0-5CC8-0000-00101E4C0000",
		"targetprocessid":392
	},
	{
		"Rule level":"critical",
		"title":"Suspicious In-Memory Module Execution - 8B78C085",
		"description":"Detects the access to processes by other suspicious processes which have reflectively loaded libraries in their memory space. An example is SilentTrinity C2 behaviour. Generally speaking, when Sysmon EventID 10 cannot reference a stack call to a dll loaded from disk (the standard way), it will display \"UNKNOWN\" as the module name. Usually this means the stack call points to a module that was reflectively loaded in memory. Adding to this, it is not common to see such few calls in the stack (ntdll.dll --\u003e kernelbase.dll --\u003e unknown) which essentially means that most of the functions required by the process to execute certain routines are already present in memory, not requiring any calls to external libraries. The latter should also be considered suspicious.",
		"row_id":6768,
		"processid":1964,
		"utctime":"2019-04-30 12:43:43.784",
		"channel":"Microsoft-Windows-Sysmon/Operational",
		"computer":"IEWIN7",
		"eventid":10,
		"eventrecordid":9063,
		"threadid":316,
		"keywords":"0x8000000000000000",
		"level":4,
		"opcode":0,
		"guid":"5770385F-C22A-43E0-BF4C-06F5698FFBD9",
		"name":"Microsoft-Windows-Sysmon",
		"userid":"S-1-5-18",
		"task":10,
		"systemtime":"2019-04-30T12:43:43.784179Z",
		"version":3,
		"calltrace":"C:\\Windows\\SYSTEM32\\ntdll.dll+4595c|C:\\Windows\\system32\\KERNELBASE.dll+8185|UNKNOWN(01B51606)|UNKNOWN(01B51F41)|UNKNOWN(01B51515)|UNKNOWN(014A7486)|UNKNOWN(014A73A0)|UNKNOWN(014A78A3)|C:\\Windows\\system32\\kernel32.dll+4ef8c|C:\\Windows\\SYSTEM32\\ntdll.dll+6367a|C:\\Windows\\SYSTEM32\\ntdll.dll+6364d",
		"grantedaccess":"0x1f1fff",
		"sourceimage":"\\\\VBOXSVR\\HTools\\voice_mail.msg.exe",
		"sourceprocessguid":"365ABB72-4055-5CC8-0000-0010769D0B00",
		"sourceprocessid":1532,
		"sourcethreadid":2284,
		"targetimage":"C:\\Windows\\system32\\winlogon.exe",
		"targetprocessguid":"365ABB72-3FE0-5CC8-0000-00104D520000",
		"targetprocessid":440
	},
	{
		"Rule level":"critical",
		"title":"Suspicious In-Memory Module Execution - 8B78C085",
		"description":"Detects the access to processes by other suspicious processes which have reflectively loaded libraries in their memory space. An example is SilentTrinity C2 behaviour. Generally speaking, when Sysmon EventID 10 cannot reference a stack call to a dll loaded from disk (the standard way), it will display \"UNKNOWN\" as the module name. Usually this means the stack call points to a module that was reflectively loaded in memory. Adding to this, it is not common to see such few calls in the stack (ntdll.dll --\u003e kernelbase.dll --\u003e unknown) which essentially means that most of the functions required by the process to execute certain routines are already present in memory, not requiring any calls to external libraries. The latter should also be considered suspicious.",
		"row_id":6769,
		"processid":1964,
		"utctime":"2019-04-30 12:43:43.784",
		"channel":"Microsoft-Windows-Sysmon/Operational",
		"computer":"IEWIN7",
		"eventid":10,
		"eventrecordid":9064,
		"threadid":316,
		"keywords":"0x8000000000000000",
		"level":4,
		"opcode":0,
		"guid":"5770385F-C22A-43E0-BF4C-06F5698FFBD9",
		"name":"Microsoft-Windows-Sysmon",
		"userid":"S-1-5-18",
		"task":10,
		"systemtime":"2019-04-30T12:43:43.784179Z",
		"version":3,
		"calltrace":"C:\\Windows\\SYSTEM32\\ntdll.dll+4595c|C:\\Windows\\system32\\KERNELBASE.dll+8185|UNKNOWN(01B51606)|UNKNOWN(01B51F41)|UNKNOWN(01B51515)|UNKNOWN(014A7486)|UNKNOWN(014A73A0)|UNKNOWN(014A78A3)|C:\\Windows\\system32\\kernel32.dll+4ef8c|C:\\Windows\\SYSTEM32\\ntdll.dll+6367a|C:\\Windows\\SYSTEM32\\ntdll.dll+6364d",
		"grantedaccess":"0x1f1fff",
		"sourceimage":"\\\\VBOXSVR\\HTools\\voice_mail.msg.exe",
		"sourceprocessguid":"365ABB72-4055-5CC8-0000-0010769D0B00",
		"sourceprocessid":1532,
		"sourcethreadid":2284,
		"targetimage":"C:\\Windows\\system32\\services.exe",
		"targetprocessguid":"365ABB72-3FE0-5CC8-0000-00100D550000",
		"targetprocessid":468
	},
	{
		"Rule level":"critical",
		"title":"Suspicious In-Memory Module Execution - 8B78C085",
		"description":"Detects the access to processes by other suspicious processes which have reflectively loaded libraries in their memory space. An example is SilentTrinity C2 behaviour. Generally speaking, when Sysmon EventID 10 cannot reference a stack call to a dll loaded from disk (the standard way), it will display \"UNKNOWN\" as the module name. Usually this means the stack call points to a module that was reflectively loaded in memory. Adding to this, it is not common to see such few calls in the stack (ntdll.dll --\u003e kernelbase.dll --\u003e unknown) which essentially means that most of the functions required by the process to execute certain routines are already present in memory, not requiring any calls to external libraries. The latter should also be considered suspicious.",
		"row_id":6770,
		"processid":1964,
		"utctime":"2019-04-30 12:43:43.784",
		"channel":"Microsoft-Windows-Sysmon/Operational",
		"computer":"IEWIN7",
		"eventid":10,
		"eventrecordid":9065,
		"threadid":316,
		"keywords":"0x8000000000000000",
		"level":4,
		"opcode":0,
		"guid":"5770385F-C22A-43E0-BF4C-06F5698FFBD9",
		"name":"Microsoft-Windows-Sysmon",
		"userid":"S-1-5-18",
		"task":10,
		"systemtime":"2019-04-30T12:43:43.784179Z",
		"version":3,
		"calltrace":"C:\\Windows\\SYSTEM32\\ntdll.dll+4595c|C:\\Windows\\system32\\KERNELBASE.dll+8185|UNKNOWN(01B51606)|UNKNOWN(01B51F41)|UNKNOWN(01B51515)|UNKNOWN(014A7486)|UNKNOWN(014A73A0)|UNKNOWN(014A78A3)|C:\\Windows\\system32\\kernel32.dll+4ef8c|C:\\Windows\\SYSTEM32\\ntdll.dll+6367a|C:\\Windows\\SYSTEM32\\ntdll.dll+6364d",
		"grantedaccess":"0x1f1fff",
		"sourceimage":"\\\\VBOXSVR\\HTools\\voice_mail.msg.exe",
		"sourceprocessguid":"365ABB72-4055-5CC8-0000-0010769D0B00",
		"sourceprocessid":1532,
		"sourcethreadid":2284,
		"targetimage":"C:\\Windows\\system32\\lsass.exe",
		"targetprocessguid":"365ABB72-3FE0-5CC8-0000-00107E590000",
		"targetprocessid":492
	},
	{
		"Rule level":"critical",
		"title":"Suspicious In-Memory Module Execution - 8B78C085",
		"description":"Detects the access to processes by other suspicious processes which have reflectively loaded libraries in their memory space. An example is SilentTrinity C2 behaviour. Generally speaking, when Sysmon EventID 10 cannot reference a stack call to a dll loaded from disk (the standard way), it will display \"UNKNOWN\" as the module name. Usually this means the stack call points to a module that was reflectively loaded in memory. Adding to this, it is not common to see such few calls in the stack (ntdll.dll --\u003e kernelbase.dll --\u003e unknown) which essentially means that most of the functions required by the process to execute certain routines are already present in memory, not requiring any calls to external libraries. The latter should also be considered suspicious.",
		"row_id":7030,
		"processid":3324,
		"utctime":"2020-07-02 17:51:37.867",
		"channel":"Microsoft-Windows-Sysmon/Operational",
		"computer":"MSEDGEWIN10",
		"eventid":10,
		"eventrecordid":304596,
		"threadid":4016,
		"keywords":"0x8000000000000000",
		"level":4,
		"opcode":0,
		"guid":"5770385F-C22A-43E0-BF4C-06F5698FFBD9",
		"name":"Microsoft-Windows-Sysmon",
		"userid":"S-1-5-18",
		"task":10,
		"systemtime":"2020-07-02T17:51:37.872769Z",
		"version":3,
		"calltrace":"C:\\Windows\\SYSTEM32\\ntdll.dll+a0fb4|C:\\Windows\\System32\\KERNELBASE.dll+48652|C:\\Windows\\System32\\KERNELBASE.dll+45f2a|C:\\Windows\\System32\\KERNELBASE.dll+45ab6|C:\\Windows\\System32\\KERNEL32.DLL+5f19b|UNKNOWN(0000000000B5003D)",
		"grantedaccess":"0x1fffff",
		"sourceimage":"C:\\Windows\\System32\\spoolsv.exe",
		"sourceprocessguid":"747F3D96-1CDA-5EFE-0000-0010E0780100",
		"sourceprocessid":2704,
		"sourcethreadid":2764,
		"targetimage":"C:\\Windows\\System32\\notepad.exe",
		"targetprocessguid":"747F3D96-1EA9-5EFE-0000-00102BF53D00",
		"targetprocessid":3344
	},
	{
		"Rule level":"critical",
		"title":"Suspicious In-Memory Module Execution - 8B78C085",
		"description":"Detects the access to processes by other suspicious processes which have reflectively loaded libraries in their memory space. An example is SilentTrinity C2 behaviour. Generally speaking, when Sysmon EventID 10 cannot reference a stack call to a dll loaded from disk (the standard way), it will display \"UNKNOWN\" as the module name. Usually this means the stack call points to a module that was reflectively loaded in memory. Adding to this, it is not common to see such few calls in the stack (ntdll.dll --\u003e kernelbase.dll --\u003e unknown) which essentially means that most of the functions required by the process to execute certain routines are already present in memory, not requiring any calls to external libraries. The latter should also be considered suspicious.",
		"row_id":7089,
		"processid":1940,
		"utctime":"2019-05-18 17:16:08.348",
		"channel":"Microsoft-Windows-Sysmon/Operational",
		"computer":"IEWIN7",
		"eventid":10,
		"eventrecordid":18649,
		"threadid":1908,
		"keywords":"0x8000000000000000",
		"level":4,
		"opcode":0,
		"guid":"5770385F-C22A-43E0-BF4C-06F5698FFBD9",
		"name":"Microsoft-Windows-Sysmon",
		"userid":"S-1-5-18",
		"task":10,
		"systemtime":"2019-05-18T17:16:08.348796Z",
		"version":3,
		"calltrace":"C:\\Windows\\SYSTEM32\\ntdll.dll+4591c|C:\\Windows\\system32\\KERNELBASE.dll+8185|C:\\Windows\\Microsoft.NET\\Framework\\v2.0.50727\\mscorwks.dll+1d59|UNKNOWN(01B4AD7F)|UNKNOWN(046B2C42)|C:\\Windows\\assembly\\NativeImages_v2.0.50727_32\\System.Management.A#\\4b93b6bd71723bed2fa9dd778436dd5e\\System.Management.Automation.ni.dll+2b0e2e|C:\\Windows\\assembly\\NativeImages_v2.0.50727_32\\System.Management.A#\\4b93b6bd71723bed2fa9dd778436dd5e\\System.Management.Automation.ni.dll+2b0e2e|C:\\Windows\\assembly\\NativeImages_v2.0.50727_32\\System.Management.A#\\4b93b6bd71723bed2fa9dd778436dd5e\\System.Management.Automation.ni.dll+2b0e2e|C:\\Windows\\assembly\\NativeImages_v2.0.50727_32\\System.Management.A#\\4b93b6bd71723bed2fa9dd778436dd5e\\System.Management.Automation.ni.dll+2b0e2e|C:\\Windows\\assembly\\NativeImages_v2.0.50727_32\\System.Management.A#\\4b93b6bd71723bed2fa9dd778436dd5e\\System.Management.Automation.ni.dll+2b0e2e|C:\\Windows\\assembly\\NativeImages_v2.0.50727_32\\System.Management.A#\\4b93b6bd71723bed2fa9dd778436dd5e\\System.Management.Automation.ni.dll+2b0e2e|C:\\Windows\\assembly\\NativeImages_v2.0.50727_32\\System.Management.A#\\4b93b6bd71723bed2fa9dd778436dd5e\\System.Management.Automation.ni.dll+2b0e2e|C:\\Windows\\assembly\\NativeImages_v2.0.50727_32\\System.Management.A#\\4b93b6bd71723bed2fa9dd778436dd5e\\System.Management.Automation.ni.dll+2b0e2e|C:\\Windows\\assembly\\NativeImages_v2.0.50727_32\\System.Management.A#\\4b93b6bd71723bed2fa9dd778436dd5e\\System.Management.Automation.ni.dll+2b0e2e|C:\\Windows\\assembly\\NativeImages_v2.0.50727_32\\System.Management.A#\\4b93b6bd71723bed2fa9dd778436dd5e\\System.Management.Automation.ni.dll+2b0e2e|C:\\Windows\\assembly\\NativeImages_v2.0.50727_32\\System.Management.A#\\4b93b6bd71723bed2fa9dd778436dd5e\\System.Management.Automation.ni.dll+2b0e2e",
		"grantedaccess":"0x1f1fff",
		"sourceimage":"\u8019\u752f\\Windows\\System32\\WindowsPowerShell\\v1.0\\powershell.exe",
		"sourceprocessguid":"365ABB72-3D37-5CE0-0000-001013DC0B00",
		"sourceprocessid":2108,
		"sourcethreadid":2284,
		"targetimage":"C:\\Windows\\system32\\notepad.exe",
		"targetprocessguid":"365ABB72-3D1B-5CE0-0000-0010C3840B00",
		"targetprocessid":2840
	},
	{
		"Rule level":"critical",
		"title":"Suspicious In-Memory Module Execution - 8B78C085",
		"description":"Detects the access to processes by other suspicious processes which have reflectively loaded libraries in their memory space. An example is SilentTrinity C2 behaviour. Generally speaking, when Sysmon EventID 10 cannot reference a stack call to a dll loaded from disk (the standard way), it will display \"UNKNOWN\" as the module name. Usually this means the stack call points to a module that was reflectively loaded in memory. Adding to this, it is not common to see such few calls in the stack (ntdll.dll --\u003e kernelbase.dll --\u003e unknown) which essentially means that most of the functions required by the process to execute certain routines are already present in memory, not requiring any calls to external libraries. The latter should also be considered suspicious.",
		"row_id":7189,
		"processid":3408,
		"utctime":"2020-10-20 22:33:02.050",
		"channel":"Microsoft-Windows-Sysmon/Operational",
		"computer":"MSEDGEWIN10",
		"eventid":10,
		"eventrecordid":422696,
		"threadid":4448,
		"keywords":"0x8000000000000000",
		"level":4,
		"opcode":0,
		"guid":"5770385F-C22A-43E0-BF4C-06F5698FFBD9",
		"name":"Microsoft-Windows-Sysmon",
		"userid":"S-1-5-18",
		"task":10,
		"systemtime":"2020-10-20T22:33:02.064672Z",
		"version":3,
		"calltrace":"C:\\Windows\\SYSTEM32\\ntdll.dll+a0fb4|C:\\Windows\\System32\\wow64.dll+10705|C:\\Windows\\System32\\wow64.dll+fef1|C:\\Windows\\System32\\wow64.dll+7783|C:\\Windows\\System32\\wow64cpu.dll+1783|C:\\Windows\\System32\\wow64cpu.dll+1199|C:\\Windows\\System32\\wow64.dll+cfda|C:\\Windows\\System32\\wow64.dll+cea0|C:\\Windows\\SYSTEM32\\ntdll.dll+d5c7d|C:\\Windows\\SYSTEM32\\ntdll.dll+c38b9|C:\\Windows\\SYSTEM32\\ntdll.dll+756c3|C:\\Windows\\SYSTEM32\\ntdll.dll+7566e|C:\\Windows\\SYSTEM32\\ntdll.dll+712bc(wow64)|C:\\Windows\\System32\\KERNELBASE.dll+ebd8f(wow64)|UNKNOWN(0000000004352A30)",
		"grantedaccess":"0x1fffff",
		"sourceimage":"C:\\Windows\\SysWOW64\\rundll32.exe",
		"sourceprocessguid":"747F3D96-659B-5F8F-0000-001026C33300",
		"sourceprocessid":2372,
		"sourcethreadid":3772,
		"targetimage":"C:\\Windows\\system32\\wermgr.exe",
		"targetprocessguid":"747F3D96-659E-5F8F-0000-001064E03300",
		"targetprocessid":5600
	},
	{
		"Rule level":"critical",
		"title":"Suspicious In-Memory Module Execution - 8B78C085",
		"description":"Detects the access to processes by other suspicious processes which have reflectively loaded libraries in their memory space. An example is SilentTrinity C2 behaviour. Generally speaking, when Sysmon EventID 10 cannot reference a stack call to a dll loaded from disk (the standard way), it will display \"UNKNOWN\" as the module name. Usually this means the stack call points to a module that was reflectively loaded in memory. Adding to this, it is not common to see such few calls in the stack (ntdll.dll --\u003e kernelbase.dll --\u003e unknown) which essentially means that most of the functions required by the process to execute certain routines are already present in memory, not requiring any calls to external libraries. The latter should also be considered suspicious.",
		"row_id":7233,
		"processid":3344,
		"utctime":"2020-08-12 13:05:45.568",
		"channel":"Microsoft-Windows-Sysmon/Operational",
		"computer":"MSEDGEWIN10",
		"eventid":10,
		"eventrecordid":342410,
		"threadid":4176,
		"keywords":"0x8000000000000000",
		"level":4,
		"opcode":0,
		"guid":"5770385F-C22A-43E0-BF4C-06F5698FFBD9",
		"name":"Microsoft-Windows-Sysmon",
		"userid":"S-1-5-18",
		"task":10,
		"systemtime":"2020-08-12T13:05:45.570757Z",
		"version":3,
		"calltrace":"C:\\Windows\\SYSTEM32\\ntdll.dll+9fc24|C:\\Windows\\System32\\KERNELBASE.dll+212ee|C:\\Windows\\System32\\appresolver.dll+22098|C:\\Windows\\System32\\appresolver.dll+1f0e6|C:\\Windows\\System32\\appresolver.dll+1ee4f|C:\\Windows\\Explorer.EXE+4f551|C:\\Windows\\Explorer.EXE+4f3e8|C:\\Windows\\Explorer.EXE+37f41|C:\\Windows\\Explorer.EXE+3725b|C:\\Windows\\Explorer.EXE+34491|C:\\Windows\\Explorer.EXE+32f07|C:\\Windows\\Explorer.EXE+323bc|C:\\Windows\\Explorer.EXE+484cc|C:\\Windows\\Explorer.EXE+70048|C:\\Windows\\System32\\USER32.dll+174c6|C:\\Windows\\System32\\USER32.dll+171ec|C:\\Windows\\System32\\USER32.dll+6e60|C:\\Windows\\SYSTEM32\\ntdll.dll+a34b4|UNKNOWN(FFFFF8022626EBA5)|UNKNOWN(FFFF80A36CE0CA38)|UNKNOWN(FFFF80A36CD65C90)|UNKNOWN(FFFF80A36CD6A66D)|UNKNOWN(FFFF80A36CD6AEE8)|UNKNOWN(FFFF80A36CD6A9D7)",
		"grantedaccess":"0x1410",
		"sourceimage":"C:\\Windows\\Explorer.EXE",
		"sourceprocessguid":"747F3D96-E914-5F33-0000-001009990500",
		"sourceprocessid":5144,
		"sourcethreadid":5208,
		"targetimage":"C:\\Program Files (x86)\\FileZilla Server\\FileZilla Server Interface.exe",
		"targetprocessguid":"747F3D96-E928-5F33-0000-0010B8330D00",
		"targetprocessid":7480
	},
	{
		"Rule level":"critical",
		"title":"Suspicious In-Memory Module Execution - 8B78C085",
		"description":"Detects the access to processes by other suspicious processes which have reflectively loaded libraries in their memory space. An example is SilentTrinity C2 behaviour. Generally speaking, when Sysmon EventID 10 cannot reference a stack call to a dll loaded from disk (the standard way), it will display \"UNKNOWN\" as the module name. Usually this means the stack call points to a module that was reflectively loaded in memory. Adding to this, it is not common to see such few calls in the stack (ntdll.dll --\u003e kernelbase.dll --\u003e unknown) which essentially means that most of the functions required by the process to execute certain routines are already present in memory, not requiring any calls to external libraries. The latter should also be considered suspicious.",
		"row_id":7326,
		"processid":3332,
		"utctime":"2020-07-26 22:26:14.517",
		"channel":"Microsoft-Windows-Sysmon/Operational",
		"computer":"MSEDGEWIN10",
		"eventid":10,
		"eventrecordid":339221,
		"threadid":4376,
		"keywords":"0x8000000000000000",
		"level":4,
		"opcode":0,
		"guid":"5770385F-C22A-43E0-BF4C-06F5698FFBD9",
		"name":"Microsoft-Windows-Sysmon",
		"userid":"S-1-5-18",
		"task":10,
		"systemtime":"2020-07-26T22:26:14.522570Z",
		"version":3,
		"calltrace":"C:\\Windows\\SYSTEM32\\ntdll.dll+9fc24|C:\\Windows\\System32\\KERNELBASE.dll+212ee|UNKNOWN(000001A063DE13D4)",
		"grantedaccess":"0x1fffff",
		"sourceimage":"C:\\Windows\\System32\\WindowsPowerShell\\v1.0\\powershell.exe",
		"sourceprocessguid":"747F3D96-FF9D-5F1D-0000-00100AC62400",
		"sourceprocessid":7400,
		"sourcethreadid":2812,
		"targetimage":"C:\\Windows\\system32\\winlogon.exe",
		"targetprocessguid":"747F3D96-F938-5F1D-0000-00104B500000",
		"targetprocessid":584
	},
	{
		"Rule level":"critical",
		"title":"Suspicious In-Memory Module Execution - 8B78C085",
		"description":"Detects the access to processes by other suspicious processes which have reflectively loaded libraries in their memory space. An example is SilentTrinity C2 behaviour. Generally speaking, when Sysmon EventID 10 cannot reference a stack call to a dll loaded from disk (the standard way), it will display \"UNKNOWN\" as the module name. Usually this means the stack call points to a module that was reflectively loaded in memory. Adding to this, it is not common to see such few calls in the stack (ntdll.dll --\u003e kernelbase.dll --\u003e unknown) which essentially means that most of the functions required by the process to execute certain routines are already present in memory, not requiring any calls to external libraries. The latter should also be considered suspicious.",
		"row_id":7878,
		"processid":112,
		"utctime":"2019-07-03 20:39:29.223",
		"channel":"Microsoft-Windows-Sysmon/Operational",
		"computer":"IEWIN7",
		"eventid":10,
		"eventrecordid":8342,
		"threadid":2084,
		"keywords":"0x8000000000000000",
		"level":4,
		"opcode":0,
		"guid":"5770385F-C22A-43E0-BF4C-06F5698FFBD9",
		"name":"Microsoft-Windows-Sysmon",
		"userid":"S-1-5-18",
		"task":10,
		"systemtime":"2019-07-03T20:39:29.223483Z",
		"version":3,
		"calltrace":"C:\\Windows\\SYSTEM32\\ntdll.dll+4591c|C:\\Windows\\system32\\KERNELBASE.dll+8185|C:\\Windows\\Microsoft.NET\\Framework\\v2.0.50727\\mscorwks.dll+1d59|UNKNOWN(043F99AB)|UNKNOWN(04396942)|C:\\Windows\\assembly\\NativeImages_v2.0.50727_32\\System.Management.A#\\4a19b10c25d9e1a0dbdf5baf4b3561ea\\System.Management.Automation.ni.dll+f1ffa800|C:\\Windows\\assembly\\NativeImages_v2.0.50727_32\\System.Management.A#\\4a19b10c25d9e1a0dbdf5baf4b3561ea\\System.Management.Automation.ni.dll+f1ffa800|C:\\Windows\\assembly\\NativeImages_v2.0.50727_32\\System.Management.A#\\4a19b10c25d9e1a0dbdf5baf4b3561ea\\System.Management.Automation.ni.dll+f1ffa800|C:\\Windows\\assembly\\NativeImages_v2.0.50727_32\\System.Management.A#\\4a19b10c25d9e1a0dbdf5baf4b3561ea\\System.Management.Automation.ni.dll+f1ffa800|C:\\Windows\\assembly\\NativeImages_v2.0.50727_32\\System.Management.A#\\4a19b10c25d9e1a0dbdf5baf4b3561ea\\System.Management.Automation.ni.dll+f1ffa800|C:\\Windows\\assembly\\NativeImages_v2.0.50727_32\\System.Management.A#\\4a19b10c25d9e1a0dbdf5baf4b3561ea\\System.Management.Automation.ni.dll+f1ffa800|C:\\Windows\\assembly\\NativeImages_v2.0.50727_32\\System.Management.A#\\4a19b10c25d9e1a0dbdf5baf4b3561ea\\System.Management.Automation.ni.dll+f1ffa800|C:\\Windows\\assembly\\NativeImages_v2.0.50727_32\\System.Management.A#\\4a19b10c25d9e1a0dbdf5baf4b3561ea\\System.Management.Automation.ni.dll+f1ffa800|C:\\Windows\\assembly\\NativeImages_v2.0.50727_32\\System.Management.A#\\4a19b10c25d9e1a0dbdf5baf4b3561ea\\System.Management.Automation.ni.dll+f1ffa800|C:\\Windows\\assembly\\NativeImages_v2.0.50727_32\\System.Management.A#\\4a19b10c25d9e1a0dbdf5baf4b3561ea\\System.Management.Automation.ni.dll+f1ffa800|C:\\Windows\\assembly\\NativeImages_v2.0.50727_32\\System.Management.A#\\4a19b10c25d9e1a0dbdf5baf4b3561ea\\System.Management.Automation.ni.dll+f1ffa800",
		"grantedaccess":"0x1f1fff",
		"sourceimage":"\u3100",
		"sourceprocessguid":"365ABB72-0C16-5D1D-0000-00108B721100",
		"sourceprocessid":3092,
		"sourcethreadid":2768,
		"targetimage":"C:\\Windows\\system32\\notepad.exe",
		"targetprocessguid":"365ABB72-1256-5D1D-0000-0010FB1A1B00",
		"targetprocessid":1632
	},
	{
		"Rule level":"critical",
		"title":"Suspicious In-Memory Module Execution - 8B78C085",
		"description":"Detects the access to processes by other suspicious processes which have reflectively loaded libraries in their memory space. An example is SilentTrinity C2 behaviour. Generally speaking, when Sysmon EventID 10 cannot reference a stack call to a dll loaded from disk (the standard way), it will display \"UNKNOWN\" as the module name. Usually this means the stack call points to a module that was reflectively loaded in memory. Adding to this, it is not common to see such few calls in the stack (ntdll.dll --\u003e kernelbase.dll --\u003e unknown) which essentially means that most of the functions required by the process to execute certain routines are already present in memory, not requiring any calls to external libraries. The latter should also be considered suspicious.",
		"row_id":7889,
		"processid":112,
		"utctime":"2019-07-03 20:39:30.254",
		"channel":"Microsoft-Windows-Sysmon/Operational",
		"computer":"IEWIN7",
		"eventid":10,
		"eventrecordid":8353,
		"threadid":2084,
		"keywords":"0x8000000000000000",
		"level":4,
		"opcode":0,
		"guid":"5770385F-C22A-43E0-BF4C-06F5698FFBD9",
		"name":"Microsoft-Windows-Sysmon",
		"userid":"S-1-5-18",
		"task":10,
		"systemtime":"2019-07-03T20:39:30.254733Z",
		"version":3,
		"calltrace":"C:\\Windows\\SYSTEM32\\ntdll.dll+4530c|C:\\Windows\\system32\\kernel32.dll+51133|C:\\Windows\\system32\\kernel32.dll+5cc37|C:\\Windows\\system32\\kernel32.dll+20ae|UNKNOWN(0053108F)|UNKNOWN(00531147)|UNKNOWN(0054001F)|C:\\Windows\\SYSTEM32\\ntdll.dll+63618|C:\\Windows\\SYSTEM32\\ntdll.dll+635eb",
		"grantedaccess":"0x1fffff",
		"sourceimage":"C:\\Windows\\system32\\notepad.exe",
		"sourceprocessguid":"365ABB72-1256-5D1D-0000-0010FB1A1B00",
		"sourceprocessid":1632,
		"sourcethreadid":3148,
		"targetimage":"C:\\Windows\\system32\\rundll32.exe",
		"targetprocessguid":"365ABB72-1282-5D1D-0000-0010DD401B00",
		"targetprocessid":2328
	},
	{
		"Rule level":"critical",
		"title":"Suspicious In-Memory Module Execution - 8B78C085",
		"description":"Detects the access to processes by other suspicious processes which have reflectively loaded libraries in their memory space. An example is SilentTrinity C2 behaviour. Generally speaking, when Sysmon EventID 10 cannot reference a stack call to a dll loaded from disk (the standard way), it will display \"UNKNOWN\" as the module name. Usually this means the stack call points to a module that was reflectively loaded in memory. Adding to this, it is not common to see such few calls in the stack (ntdll.dll --\u003e kernelbase.dll --\u003e unknown) which essentially means that most of the functions required by the process to execute certain routines are already present in memory, not requiring any calls to external libraries. The latter should also be considered suspicious.",
		"row_id":7894,
		"processid":324,
		"utctime":"2019-05-26 15:47:56.627",
		"channel":"Microsoft-Windows-Sysmon/Operational",
		"computer":"IEWIN7",
		"eventid":10,
		"eventrecordid":5409,
		"threadid":2260,
		"keywords":"0x8000000000000000",
		"level":4,
		"opcode":0,
		"guid":"5770385F-C22A-43E0-BF4C-06F5698FFBD9",
		"name":"Microsoft-Windows-Sysmon",
		"userid":"S-1-5-18",
		"task":10,
		"systemtime":"2019-05-26T15:47:56.667118Z",
		"version":3,
		"calltrace":"C:\\Windows\\SYSTEM32\\ntdll.dll+4530c|C:\\Windows\\system32\\kernel32.dll+51133|C:\\Windows\\system32\\kernel32.dll+5cc37|C:\\Windows\\system32\\kernel32.dll+20ae|UNKNOWN(0358F723)|UNKNOWN(010B7486)|UNKNOWN(010B73A0)|UNKNOWN(010B78A3)|C:\\Windows\\system32\\kernel32.dll+4ef3c|C:\\Windows\\SYSTEM32\\ntdll.dll+63618|C:\\Windows\\SYSTEM32\\ntdll.dll+635eb",
		"grantedaccess":"0x1fffff",
		"sourceimage":"c:\\windows\\system32\\inetsrv\\w3wp.exe",
		"sourceprocessguid":"365ABB72-B26B-5CEA-0000-0010582A0800",
		"sourceprocessid":2744,
		"sourcethreadid":168,
		"targetimage":"C:\\Windows\\System32\\notepad.exe",
		"targetprocessguid":"365ABB72-B52C-5CEA-0000-00107A0D1100",
		"targetprocessid":3388
	},
	{
		"Rule level":"critical",
		"title":"Suspicious In-Memory Module Execution - 8B78C085",
		"description":"Detects the access to processes by other suspicious processes which have reflectively loaded libraries in their memory space. An example is SilentTrinity C2 behaviour. Generally speaking, when Sysmon EventID 10 cannot reference a stack call to a dll loaded from disk (the standard way), it will display \"UNKNOWN\" as the module name. Usually this means the stack call points to a module that was reflectively loaded in memory. Adding to this, it is not common to see such few calls in the stack (ntdll.dll --\u003e kernelbase.dll --\u003e unknown) which essentially means that most of the functions required by the process to execute certain routines are already present in memory, not requiring any calls to external libraries. The latter should also be considered suspicious.",
		"row_id":7895,
		"processid":324,
		"utctime":"2019-05-26 15:47:56.727",
		"channel":"Microsoft-Windows-Sysmon/Operational",
		"computer":"IEWIN7",
		"eventid":10,
		"eventrecordid":5410,
		"threadid":2260,
		"keywords":"0x8000000000000000",
		"level":4,
		"opcode":0,
		"guid":"5770385F-C22A-43E0-BF4C-06F5698FFBD9",
		"name":"Microsoft-Windows-Sysmon",
		"userid":"S-1-5-18",
		"task":10,
		"systemtime":"2019-05-26T15:47:56.727205Z",
		"version":3,
		"calltrace":"C:\\Windows\\SYSTEM32\\ntdll.dll+4591c|C:\\Windows\\system32\\KERNELBASE.dll+8185|UNKNOWN(0358F03E)|UNKNOWN(010B7486)|UNKNOWN(010B73A0)|UNKNOWN(010B78A3)|C:\\Windows\\system32\\kernel32.dll+4ef3c|C:\\Windows\\SYSTEM32\\ntdll.dll+63618|C:\\Windows\\SYSTEM32\\ntdll.dll+635eb",
		"grantedaccess":"0x1fff",
		"sourceimage":"c:\\windows\\system32\\inetsrv\\w3wp.exe",
		"sourceprocessguid":"365ABB72-B26B-5CEA-0000-0010582A0800",
		"sourceprocessid":2744,
		"sourcethreadid":932,
		"targetimage":"C:\\Windows\\System32\\notepad.exe",
		"targetprocessguid":"365ABB72-B52C-5CEA-0000-00107A0D1100",
		"targetprocessid":3388
	},
	{
		"Rule level":"critical",
		"title":"Suspicious In-Memory Module Execution - 8B78C085",
		"description":"Detects the access to processes by other suspicious processes which have reflectively loaded libraries in their memory space. An example is SilentTrinity C2 behaviour. Generally speaking, when Sysmon EventID 10 cannot reference a stack call to a dll loaded from disk (the standard way), it will display \"UNKNOWN\" as the module name. Usually this means the stack call points to a module that was reflectively loaded in memory. Adding to this, it is not common to see such few calls in the stack (ntdll.dll --\u003e kernelbase.dll --\u003e unknown) which essentially means that most of the functions required by the process to execute certain routines are already present in memory, not requiring any calls to external libraries. The latter should also be considered suspicious.",
		"row_id":8023,
		"processid":2780,
		"utctime":"2019-08-03 12:08:23.377",
		"channel":"Microsoft-Windows-Sysmon/Operational",
		"computer":"MSEDGEWIN10",
		"eventid":10,
		"eventrecordid":5453,
		"threadid":3676,
		"keywords":"0x8000000000000000",
		"level":4,
		"opcode":0,
		"guid":"5770385F-C22A-43E0-BF4C-06F5698FFBD9",
		"name":"Microsoft-Windows-Sysmon",
		"userid":"S-1-5-18",
		"task":10,
		"systemtime":"2019-08-03T12:08:23.555174Z",
		"version":3,
		"calltrace":"C:\\Windows\\SYSTEM32\\ntdll.dll+a0fb4|C:\\Windows\\System32\\KERNELBASE.dll+47241|C:\\Windows\\System32\\KERNELBASE.dll+46196|C:\\Windows\\System32\\KERNEL32.DLL+1c2e3|UNKNOWN(000001611150B621)|UNKNOWN(000001611150B621)|C:\\Windows\\SYSTEM32\\ntdll.dll+48f07|C:\\Windows\\SYSTEM32\\ntdll.dll+44865|C:\\Windows\\SYSTEM32\\ntdll.dll+44648|C:\\Windows\\SYSTEM32\\ntdll.dll+44672|C:\\Windows\\SYSTEM32\\ntdll.dll+d62ca|C:\\Windows\\SYSTEM32\\ntdll.dll+c3879|C:\\Windows\\SYSTEM32\\ntdll.dll+756c3|C:\\Windows\\SYSTEM32\\ntdll.dll+7566e",
		"grantedaccess":"0x1fffff",
		"sourceimage":"C:\\Windows\\system32\\consent.exe",
		"sourceprocessguid":"747F3D96-7934-5D45-0000-0010CAB90701",
		"sourceprocessid":7564,
		"sourcethreadid":7188,
		"targetimage":"C:\\Windows\\system32\\cmd.exe",
		"targetprocessguid":"747F3D96-7937-5D45-0000-00100D290801",
		"targetprocessid":4192
	},
	{
		"Rule level":"critical",
		"title":"Suspicious In-Memory Module Execution - 8B78C085",
		"description":"Detects the access to processes by other suspicious processes which have reflectively loaded libraries in their memory space. An example is SilentTrinity C2 behaviour. Generally speaking, when Sysmon EventID 10 cannot reference a stack call to a dll loaded from disk (the standard way), it will display \"UNKNOWN\" as the module name. Usually this means the stack call points to a module that was reflectively loaded in memory. Adding to this, it is not common to see such few calls in the stack (ntdll.dll --\u003e kernelbase.dll --\u003e unknown) which essentially means that most of the functions required by the process to execute certain routines are already present in memory, not requiring any calls to external libraries. The latter should also be considered suspicious.",
		"row_id":8127,
		"processid":1912,
		"utctime":"2019-04-27 15:57:53.806",
		"channel":"Microsoft-Windows-Sysmon/Operational",
		"computer":"IEWIN7",
		"eventid":10,
		"eventrecordid":6595,
		"threadid":996,
		"keywords":"0x8000000000000000",
		"level":4,
		"opcode":0,
		"guid":"5770385F-C22A-43E0-BF4C-06F5698FFBD9",
		"name":"Microsoft-Windows-Sysmon",
		"userid":"S-1-5-18",
		"task":10,
		"systemtime":"2019-04-27T15:57:53.931363Z",
		"version":3,
		"calltrace":"C:\\Windows\\SYSTEM32\\ntdll.dll+4534c|C:\\Windows\\system32\\kernel32.dll+5112b|C:\\Windows\\system32\\kernel32.dll+2079|UNKNOWN(100013EA)|UNKNOWN(10001D84)|UNKNOWN(1000249F)|UNKNOWN(100025A6)|UNKNOWN(0020082A)|UNKNOWN(002008D0)|UNKNOWN(00200A72)|UNKNOWN(00200022)|C:\\Windows\\system32\\kernel32.dll+4ef8c|C:\\Windows\\SYSTEM32\\ntdll.dll+6367a|C:\\Windows\\SYSTEM32\\ntdll.dll+6364d",
		"grantedaccess":"0x1fffff",
		"sourceimage":"C:\\Users\\IEUser\\AppData\\Roaming\\NvSmart.exe",
		"sourceprocessguid":"365ABB72-7C01-5CC4-0000-0010F9530C00",
		"sourceprocessid":2992,
		"sourcethreadid":3008,
		"targetimage":"C:\\Windows\\system32\\cmd.exe",
		"targetprocessguid":"365ABB72-7C01-5CC4-0000-00105C5C0C00",
		"targetprocessid":3076
	},
	{
		"Rule level":"high",
		"title":"Fax Service DLL Search Order Hijack - A5AA6D22",
		"description":"The Fax service attempts to load ualapi.dll, which is non-existent. An attacker can then (side)load their own malicious DLL using this service.",
		"row_id":1931,
		"company":"?",
		"description":"?",
		"fileversion":"?",
		"hashes":"SHA1=9D1873AEFC3F59E649F3FB822C1FA3D52C39970E,MD5=9B97E05E67107AA18BBF3E4F5F121B2B,SHA256=9915C62360EFF866C09072AF754FA70A9BD4BF4A73CDB4048F415002F7256AD0,IMPHASH=DF1295012B8EB2127DC3667CF1881634",
		"image":"C:\\Windows\\System32\\FXSSVC.exe",
		"processguid":"747F3D96-E8A7-5F26-0000-0010230D1A00",
		"processid":3200,
		"product":"?",
		"utctime":"2020-08-02 16:24:07.483",
		"channel":"Microsoft-Windows-Sysmon/Operational",
		"computer":"MSEDGEWIN10",
		"eventid":7,
		"eventrecordid":339882,
		"threadid":3596,
		"keywords":"0x8000000000000000",
		"level":4,
		"opcode":0,
		"guid":"5770385F-C22A-43E0-BF4C-06F5698FFBD9",
		"name":"Microsoft-Windows-Sysmon",
		"userid":"S-1-5-18",
		"task":7,
		"systemtime":"2020-08-02T16:24:07.551366Z",
		"version":3,
		"imageloaded":"C:\\Windows\\System32\\Ualapi.dll",
		"signaturestatus":"Unavailable",
		"signed":"false",
		"originalfilename":"?"
	},
	{
		"Rule level":"high",
		"title":"CMSTP Execution Registry Event - 31AC13A3",
		"description":"Detects various indicators of Microsoft Connection Manager Profile Installer execution",
		"row_id":4,
		"image":"C:\\Windows\\system32\\DllHost.exe",
		"processguid":"365ABB72-0545-5CD7-0000-001078371F00",
		"processid":2008,
		"utctime":"2019-05-11 17:28:22.488",
		"channel":"Microsoft-Windows-Sysmon/Operational",
		"computer":"IEWIN7",
		"eventid":13,
		"eventrecordid":16039,
		"threadid":1992,
		"keywords":"0x8000000000000000",
		"level":4,
		"opcode":0,
		"guid":"5770385F-C22A-43E0-BF4C-06F5698FFBD9",
		"name":"Microsoft-Windows-Sysmon",
		"userid":"S-1-5-18",
		"task":13,
		"systemtime":"2019-05-11T17:28:22.598305Z",
		"version":2,
		"details":"C:\\ProgramData\\Microsoft\\Network\\Connections\\Cm",
		"eventtype":"SetValue",
		"targetobject":"HKLM\\SOFTWARE\\Microsoft\\Windows\\CurrentVersion\\App Paths\\cmmgr32.exe\\ProfileInstallPath"
	},
	{
		"Rule level":"critical",
		"title":"Registry Persistence Mechanisms - BB467BB2",
		"description":"Detects persistence registry keys",
		"row_id":430,
		"image":"C:\\Windows\\system32\\reg.exe",
		"processguid":"365ABB72-6F5D-5D0A-0000-00109B331300",
		"processid":284,
		"utctime":"2019-06-19 17:22:41.709",
		"channel":"Microsoft-Windows-Sysmon/Operational",
		"computer":"IEWIN7",
		"eventid":13,
		"eventrecordid":8034,
		"threadid":2076,
		"keywords":"0x8000000000000000",
		"level":4,
		"opcode":0,
		"guid":"5770385F-C22A-43E0-BF4C-06F5698FFBD9",
		"name":"Microsoft-Windows-Sysmon",
		"userid":"S-1-5-18",
		"task":13,
		"systemtime":"2019-06-19T17:22:41.709638Z",
		"version":2,
		"details":"DWORD (0x00000200)",
		"eventtype":"SetValue",
		"targetobject":"HKLM\\SOFTWARE\\Microsoft\\Windows NT\\CurrentVersion\\Image File Execution Options\\notepad.exe\\GlobalFlag"
	},
