	{
		"Rule level":"critical",
		"title":"Suspicious In-Memory Module Execution - 8B78C085",
		"description":"Detects the access to processes by other suspicious processes which have reflectively loaded libraries in their memory space. An example is SilentTrinity C2 behaviour. Generally speaking, when Sysmon EventID 10 cannot reference a stack call to a dll loaded from disk (the standard way), it will display \"UNKNOWN\" as the module name. Usually this means the stack call points to a module that was reflectively loaded in memory. Adding to this, it is not common to see such few calls in the stack (ntdll.dll --\u003e kernelbase.dll --\u003e unknown) which essentially means that most of the functions required by the process to execute certain routines are already present in memory, not requiring any calls to external libraries. The latter should also be considered suspicious.",
		"row_id":1299,
		"processid":1876,
		"utctime":"2019-04-30 07:23:00.883",
		"channel":"Microsoft-Windows-Sysmon/Operational",
		"computer":"IEWIN7",
		"eventid":10,
		"eventrecordid":8335,
		"threadid":1444,
		"keywords":"0x8000000000000000",
		"level":4,
		"opcode":0,
		"guid":"5770385F-C22A-43E0-BF4C-06F5698FFBD9",
		"name":"Microsoft-Windows-Sysmon",
		"userid":"S-1-5-18",
		"task":10,
		"systemtime":"2019-04-30T07:23:00.883638Z",
		"version":3,
		"calltrace":"C:\\Windows\\SYSTEM32\\ntdll.dll+4595c|C:\\Windows\\system32\\KERNELBASE.dll+8185|UNKNOWN(01770343)|UNKNOWN(0176FF9D)|UNKNOWN(0176F8EC)|UNKNOWN(00397486)|UNKNOWN(003973A0)|UNKNOWN(003978A3)|C:\\Windows\\system32\\kernel32.dll+4ef8c|C:\\Windows\\SYSTEM32\\ntdll.dll+6367a|C:\\Windows\\SYSTEM32\\ntdll.dll+6364d",
		"grantedaccess":"0x1410",
		"sourceimage":"D:\\m.exe",
		"sourceprocessguid":"365ABB72-F7C9-5CC7-0000-0010BF010E00",
		"sourceprocessid":3772,
		"sourcethreadid":1088,
		"targetimage":"C:\\Windows\\System32\\smss.exe",
		"targetprocessguid":"365ABB72-F69F-5CC7-0000-0010132B0000",
		"targetprocessid":264
	},
	{
		"Rule level":"critical",
		"title":"Suspicious In-Memory Module Execution - 8B78C085",
		"description":"Detects the access to processes by other suspicious processes which have reflectively loaded libraries in their memory space. An example is SilentTrinity C2 behaviour. Generally speaking, when Sysmon EventID 10 cannot reference a stack call to a dll loaded from disk (the standard way), it will display \"UNKNOWN\" as the module name. Usually this means the stack call points to a module that was reflectively loaded in memory. Adding to this, it is not common to see such few calls in the stack (ntdll.dll --\u003e kernelbase.dll --\u003e unknown) which essentially means that most of the functions required by the process to execute certain routines are already present in memory, not requiring any calls to external libraries. The latter should also be considered suspicious.",
		"row_id":1300,
		"processid":1876,
		"utctime":"2019-04-30 07:23:00.883",
		"channel":"Microsoft-Windows-Sysmon/Operational",
		"computer":"IEWIN7",
		"eventid":10,
		"eventrecordid":8336,
		"threadid":1444,
		"keywords":"0x8000000000000000",
		"level":4,
		"opcode":0,
		"guid":"5770385F-C22A-43E0-BF4C-06F5698FFBD9",
		"name":"Microsoft-Windows-Sysmon",
		"userid":"S-1-5-18",
		"task":10,
		"systemtime":"2019-04-30T07:23:00.899263Z",
		"version":3,
		"calltrace":"C:\\Windows\\SYSTEM32\\ntdll.dll+4595c|C:\\Windows\\system32\\KERNELBASE.dll+8185|UNKNOWN(01770343)|UNKNOWN(0176FF9D)|UNKNOWN(0176F8EC)|UNKNOWN(00397486)|UNKNOWN(003973A0)|UNKNOWN(003978A3)|C:\\Windows\\system32\\kernel32.dll+4ef8c|C:\\Windows\\SYSTEM32\\ntdll.dll+6367a|C:\\Windows\\SYSTEM32\\ntdll.dll+6364d",
		"grantedaccess":"0x1410",
		"sourceimage":"D:\\m.exe",
		"sourceprocessguid":"365ABB72-F7C9-5CC7-0000-0010BF010E00",
		"sourceprocessid":3772,
		"sourcethreadid":1088,
		"targetimage":"C:\\Windows\\system32\\csrss.exe",
		"targetprocessguid":"365ABB72-F6A1-5CC7-0000-001033480000",
		"targetprocessid":336
	},
	{
		"Rule level":"critical",
		"title":"Suspicious In-Memory Module Execution - 8B78C085",
		"description":"Detects the access to processes by other suspicious processes which have reflectively loaded libraries in their memory space. An example is SilentTrinity C2 behaviour. Generally speaking, when Sysmon EventID 10 cannot reference a stack call to a dll loaded from disk (the standard way), it will display \"UNKNOWN\" as the module name. Usually this means the stack call points to a module that was reflectively loaded in memory. Adding to this, it is not common to see such few calls in the stack (ntdll.dll --\u003e kernelbase.dll --\u003e unknown) which essentially means that most of the functions required by the process to execute certain routines are already present in memory, not requiring any calls to external libraries. The latter should also be considered suspicious.",
		"row_id":1301,
		"processid":1876,
		"utctime":"2019-04-30 07:23:00.883",
		"channel":"Microsoft-Windows-Sysmon/Operational",
		"computer":"IEWIN7",
		"eventid":10,
		"eventrecordid":8337,
		"threadid":1444,
		"keywords":"0x8000000000000000",
		"level":4,
		"opcode":0,
		"guid":"5770385F-C22A-43E0-BF4C-06F5698FFBD9",
		"name":"Microsoft-Windows-Sysmon",
		"userid":"S-1-5-18",
		"task":10,
		"systemtime":"2019-04-30T07:23:00.899263Z",
		"version":3,
		"calltrace":"C:\\Windows\\SYSTEM32\\ntdll.dll+4595c|C:\\Windows\\system32\\KERNELBASE.dll+8185|UNKNOWN(01770343)|UNKNOWN(0176FF9D)|UNKNOWN(0176F8EC)|UNKNOWN(00397486)|UNKNOWN(003973A0)|UNKNOWN(003978A3)|C:\\Windows\\system32\\kernel32.dll+4ef8c|C:\\Windows\\SYSTEM32\\ntdll.dll+6367a|C:\\Windows\\SYSTEM32\\ntdll.dll+6364d",
		"grantedaccess":"0x1410",
		"sourceimage":"D:\\m.exe",
		"sourceprocessguid":"365ABB72-F7C9-5CC7-0000-0010BF010E00",
		"sourceprocessid":3772,
		"sourcethreadid":1088,
		"targetimage":"C:\\Windows\\system32\\wininit.exe",
		"targetprocessguid":"365ABB72-F6A1-5CC7-0000-0010A74B0000",
		"targetprocessid":384
	},
	{
		"Rule level":"critical",
		"title":"Suspicious In-Memory Module Execution - 8B78C085",
		"description":"Detects the access to processes by other suspicious processes which have reflectively loaded libraries in their memory space. An example is SilentTrinity C2 behaviour. Generally speaking, when Sysmon EventID 10 cannot reference a stack call to a dll loaded from disk (the standard way), it will display \"UNKNOWN\" as the module name. Usually this means the stack call points to a module that was reflectively loaded in memory. Adding to this, it is not common to see such few calls in the stack (ntdll.dll --\u003e kernelbase.dll --\u003e unknown) which essentially means that most of the functions required by the process to execute certain routines are already present in memory, not requiring any calls to external libraries. The latter should also be considered suspicious.",
		"row_id":1302,
		"processid":1876,
		"utctime":"2019-04-30 07:23:00.883",
		"channel":"Microsoft-Windows-Sysmon/Operational",
		"computer":"IEWIN7",
		"eventid":10,
		"eventrecordid":8338,
		"threadid":1444,
		"keywords":"0x8000000000000000",
		"level":4,
		"opcode":0,
		"guid":"5770385F-C22A-43E0-BF4C-06F5698FFBD9",
		"name":"Microsoft-Windows-Sysmon",
		"userid":"S-1-5-18",
		"task":10,
		"systemtime":"2019-04-30T07:23:00.899263Z",
		"version":3,
		"calltrace":"C:\\Windows\\SYSTEM32\\ntdll.dll+4595c|C:\\Windows\\system32\\KERNELBASE.dll+8185|UNKNOWN(01770343)|UNKNOWN(0176FF9D)|UNKNOWN(0176F8EC)|UNKNOWN(00397486)|UNKNOWN(003973A0)|UNKNOWN(003978A3)|C:\\Windows\\system32\\kernel32.dll+4ef8c|C:\\Windows\\SYSTEM32\\ntdll.dll+6367a|C:\\Windows\\SYSTEM32\\ntdll.dll+6364d",
		"grantedaccess":"0x1410",
		"sourceimage":"D:\\m.exe",
		"sourceprocessguid":"365ABB72-F7C9-5CC7-0000-0010BF010E00",
		"sourceprocessid":3772,
		"sourcethreadid":1088,
		"targetimage":"C:\\Windows\\system32\\csrss.exe",
		"targetprocessguid":"365ABB72-F6A1-5CC7-0000-00103F4C0000",
		"targetprocessid":392
	},
	{
		"Rule level":"critical",
		"title":"Suspicious In-Memory Module Execution - 8B78C085",
		"description":"Detects the access to processes by other suspicious processes which have reflectively loaded libraries in their memory space. An example is SilentTrinity C2 behaviour. Generally speaking, when Sysmon EventID 10 cannot reference a stack call to a dll loaded from disk (the standard way), it will display \"UNKNOWN\" as the module name. Usually this means the stack call points to a module that was reflectively loaded in memory. Adding to this, it is not common to see such few calls in the stack (ntdll.dll --\u003e kernelbase.dll --\u003e unknown) which essentially means that most of the functions required by the process to execute certain routines are already present in memory, not requiring any calls to external libraries. The latter should also be considered suspicious.",
		"row_id":1303,
		"processid":1876,
		"utctime":"2019-04-30 07:23:00.883",
		"channel":"Microsoft-Windows-Sysmon/Operational",
		"computer":"IEWIN7",
		"eventid":10,
		"eventrecordid":8339,
		"threadid":1444,
		"keywords":"0x8000000000000000",
		"level":4,
		"opcode":0,
		"guid":"5770385F-C22A-43E0-BF4C-06F5698FFBD9",
		"name":"Microsoft-Windows-Sysmon",
		"userid":"S-1-5-18",
		"task":10,
		"systemtime":"2019-04-30T07:23:00.899263Z",
		"version":3,
		"calltrace":"C:\\Windows\\SYSTEM32\\ntdll.dll+4595c|C:\\Windows\\system32\\KERNELBASE.dll+8185|UNKNOWN(01770343)|UNKNOWN(0176FF9D)|UNKNOWN(0176F8EC)|UNKNOWN(00397486)|UNKNOWN(003973A0)|UNKNOWN(003978A3)|C:\\Windows\\system32\\kernel32.dll+4ef8c|C:\\Windows\\SYSTEM32\\ntdll.dll+6367a|C:\\Windows\\SYSTEM32\\ntdll.dll+6364d",
		"grantedaccess":"0x1410",
		"sourceimage":"D:\\m.exe",
		"sourceprocessguid":"365ABB72-F7C9-5CC7-0000-0010BF010E00",
		"sourceprocessid":3772,
		"sourcethreadid":1088,
		"targetimage":"C:\\Windows\\system32\\winlogon.exe",
		"targetprocessguid":"365ABB72-F6A1-5CC7-0000-001043520000",
		"targetprocessid":440
	},
	{
		"Rule level":"critical",
		"title":"Suspicious In-Memory Module Execution - 8B78C085",
		"description":"Detects the access to processes by other suspicious processes which have reflectively loaded libraries in their memory space. An example is SilentTrinity C2 behaviour. Generally speaking, when Sysmon EventID 10 cannot reference a stack call to a dll loaded from disk (the standard way), it will display \"UNKNOWN\" as the module name. Usually this means the stack call points to a module that was reflectively loaded in memory. Adding to this, it is not common to see such few calls in the stack (ntdll.dll --\u003e kernelbase.dll --\u003e unknown) which essentially means that most of the functions required by the process to execute certain routines are already present in memory, not requiring any calls to external libraries. The latter should also be considered suspicious.",
		"row_id":1304,
		"processid":1876,
		"utctime":"2019-04-30 07:23:00.883",
		"channel":"Microsoft-Windows-Sysmon/Operational",
		"computer":"IEWIN7",
		"eventid":10,
		"eventrecordid":8340,
		"threadid":1444,
		"keywords":"0x8000000000000000",
		"level":4,
		"opcode":0,
		"guid":"5770385F-C22A-43E0-BF4C-06F5698FFBD9",
		"name":"Microsoft-Windows-Sysmon",
		"userid":"S-1-5-18",
		"task":10,
		"systemtime":"2019-04-30T07:23:00.899263Z",
		"version":3,
		"calltrace":"C:\\Windows\\SYSTEM32\\ntdll.dll+4595c|C:\\Windows\\system32\\KERNELBASE.dll+8185|UNKNOWN(01770343)|UNKNOWN(0176FF9D)|UNKNOWN(0176F8EC)|UNKNOWN(00397486)|UNKNOWN(003973A0)|UNKNOWN(003978A3)|C:\\Windows\\system32\\kernel32.dll+4ef8c|C:\\Windows\\SYSTEM32\\ntdll.dll+6367a|C:\\Windows\\SYSTEM32\\ntdll.dll+6364d",
		"grantedaccess":"0x1410",
		"sourceimage":"D:\\m.exe",
		"sourceprocessguid":"365ABB72-F7C9-5CC7-0000-0010BF010E00",
		"sourceprocessid":3772,
		"sourcethreadid":1088,
		"targetimage":"C:\\Windows\\system32\\services.exe",
		"targetprocessguid":"365ABB72-F6A1-5CC7-0000-001004550000",
		"targetprocessid":468
	},
	{
		"Rule level":"critical",
		"title":"Suspicious In-Memory Module Execution - 8B78C085",
		"description":"Detects the access to processes by other suspicious processes which have reflectively loaded libraries in their memory space. An example is SilentTrinity C2 behaviour. Generally speaking, when Sysmon EventID 10 cannot reference a stack call to a dll loaded from disk (the standard way), it will display \"UNKNOWN\" as the module name. Usually this means the stack call points to a module that was reflectively loaded in memory. Adding to this, it is not common to see such few calls in the stack (ntdll.dll --\u003e kernelbase.dll --\u003e unknown) which essentially means that most of the functions required by the process to execute certain routines are already present in memory, not requiring any calls to external libraries. The latter should also be considered suspicious.",
		"row_id":1305,
		"processid":1876,
		"utctime":"2019-04-30 07:23:00.883",
		"channel":"Microsoft-Windows-Sysmon/Operational",
		"computer":"IEWIN7",
		"eventid":10,
		"eventrecordid":8341,
		"threadid":1444,
		"keywords":"0x8000000000000000",
		"level":4,
		"opcode":0,
		"guid":"5770385F-C22A-43E0-BF4C-06F5698FFBD9",
		"name":"Microsoft-Windows-Sysmon",
		"userid":"S-1-5-18",
		"task":10,
		"systemtime":"2019-04-30T07:23:00.899263Z",
		"version":3,
		"calltrace":"C:\\Windows\\SYSTEM32\\ntdll.dll+4595c|C:\\Windows\\system32\\KERNELBASE.dll+8185|UNKNOWN(01770343)|UNKNOWN(0176FF9D)|UNKNOWN(0176F8EC)|UNKNOWN(00397486)|UNKNOWN(003973A0)|UNKNOWN(003978A3)|C:\\Windows\\system32\\kernel32.dll+4ef8c|C:\\Windows\\SYSTEM32\\ntdll.dll+6367a|C:\\Windows\\SYSTEM32\\ntdll.dll+6364d",
		"grantedaccess":"0x1410",
		"sourceimage":"D:\\m.exe",
		"sourceprocessguid":"365ABB72-F7C9-5CC7-0000-0010BF010E00",
		"sourceprocessid":3772,
		"sourcethreadid":1088,
		"targetimage":"C:\\Windows\\system32\\lsass.exe",
		"targetprocessguid":"365ABB72-F6A1-5CC7-0000-001072590000",
		"targetprocessid":492
	},
	{
		"Rule level":"critical",
		"title":"Suspicious In-Memory Module Execution - 8B78C085",
		"description":"Detects the access to processes by other suspicious processes which have reflectively loaded libraries in their memory space. An example is SilentTrinity C2 behaviour. Generally speaking, when Sysmon EventID 10 cannot reference a stack call to a dll loaded from disk (the standard way), it will display \"UNKNOWN\" as the module name. Usually this means the stack call points to a module that was reflectively loaded in memory. Adding to this, it is not common to see such few calls in the stack (ntdll.dll --\u003e kernelbase.dll --\u003e unknown) which essentially means that most of the functions required by the process to execute certain routines are already present in memory, not requiring any calls to external libraries. The latter should also be considered suspicious.",
		"row_id":1306,
		"processid":1876,
		"utctime":"2019-04-30 07:23:00.883",
		"channel":"Microsoft-Windows-Sysmon/Operational",
		"computer":"IEWIN7",
		"eventid":10,
		"eventrecordid":8342,
		"threadid":1444,
		"keywords":"0x8000000000000000",
		"level":4,
		"opcode":0,
		"guid":"5770385F-C22A-43E0-BF4C-06F5698FFBD9",
		"name":"Microsoft-Windows-Sysmon",
		"userid":"S-1-5-18",
		"task":10,
		"systemtime":"2019-04-30T07:23:00.899263Z",
		"version":3,
		"calltrace":"C:\\Windows\\SYSTEM32\\ntdll.dll+4595c|C:\\Windows\\system32\\KERNELBASE.dll+8185|UNKNOWN(01770343)|UNKNOWN(0176FF9D)|UNKNOWN(0176F8EC)|UNKNOWN(00397486)|UNKNOWN(003973A0)|UNKNOWN(003978A3)|C:\\Windows\\system32\\kernel32.dll+4ef8c|C:\\Windows\\SYSTEM32\\ntdll.dll+6367a|C:\\Windows\\SYSTEM32\\ntdll.dll+6364d",
		"grantedaccess":"0x1410",
		"sourceimage":"D:\\m.exe",
		"sourceprocessguid":"365ABB72-F7C9-5CC7-0000-0010BF010E00",
		"sourceprocessid":3772,
		"sourcethreadid":1088,
		"targetimage":"C:\\Windows\\system32\\lsm.exe",
		"targetprocessguid":"365ABB72-F6A1-5CC7-0000-0010A3590000",
		"targetprocessid":500
	},
	{
		"Rule level":"critical",
		"title":"Suspicious In-Memory Module Execution - 8B78C085",
		"description":"Detects the access to processes by other suspicious processes which have reflectively loaded libraries in their memory space. An example is SilentTrinity C2 behaviour. Generally speaking, when Sysmon EventID 10 cannot reference a stack call to a dll loaded from disk (the standard way), it will display \"UNKNOWN\" as the module name. Usually this means the stack call points to a module that was reflectively loaded in memory. Adding to this, it is not common to see such few calls in the stack (ntdll.dll --\u003e kernelbase.dll --\u003e unknown) which essentially means that most of the functions required by the process to execute certain routines are already present in memory, not requiring any calls to external libraries. The latter should also be considered suspicious.",
		"row_id":1307,
		"processid":1876,
		"utctime":"2019-04-30 07:23:00.883",
		"channel":"Microsoft-Windows-Sysmon/Operational",
		"computer":"IEWIN7",
		"eventid":10,
		"eventrecordid":8343,
		"threadid":1444,
		"keywords":"0x8000000000000000",
		"level":4,
		"opcode":0,
		"guid":"5770385F-C22A-43E0-BF4C-06F5698FFBD9",
		"name":"Microsoft-Windows-Sysmon",
		"userid":"S-1-5-18",
		"task":10,
		"systemtime":"2019-04-30T07:23:00.899263Z",
		"version":3,
		"calltrace":"C:\\Windows\\SYSTEM32\\ntdll.dll+4595c|C:\\Windows\\system32\\KERNELBASE.dll+8185|UNKNOWN(01770343)|UNKNOWN(0176FF9D)|UNKNOWN(0176F8EC)|UNKNOWN(00397486)|UNKNOWN(003973A0)|UNKNOWN(003978A3)|C:\\Windows\\system32\\kernel32.dll+4ef8c|C:\\Windows\\SYSTEM32\\ntdll.dll+6367a|C:\\Windows\\SYSTEM32\\ntdll.dll+6364d",
		"grantedaccess":"0x1410",
		"sourceimage":"D:\\m.exe",
		"sourceprocessguid":"365ABB72-F7C9-5CC7-0000-0010BF010E00",
		"sourceprocessid":3772,
		"sourcethreadid":1088,
		"targetimage":"C:\\Windows\\system32\\svchost.exe",
		"targetprocessguid":"365ABB72-F6A1-5CC7-0000-0010BB700000",
		"targetprocessid":616
	},
	{
		"Rule level":"critical",
		"title":"Suspicious In-Memory Module Execution - 8B78C085",
		"description":"Detects the access to processes by other suspicious processes which have reflectively loaded libraries in their memory space. An example is SilentTrinity C2 behaviour. Generally speaking, when Sysmon EventID 10 cannot reference a stack call to a dll loaded from disk (the standard way), it will display \"UNKNOWN\" as the module name. Usually this means the stack call points to a module that was reflectively loaded in memory. Adding to this, it is not common to see such few calls in the stack (ntdll.dll --\u003e kernelbase.dll --\u003e unknown) which essentially means that most of the functions required by the process to execute certain routines are already present in memory, not requiring any calls to external libraries. The latter should also be considered suspicious.",
		"row_id":1308,
		"processid":1876,
		"utctime":"2019-04-30 07:23:00.883",
		"channel":"Microsoft-Windows-Sysmon/Operational",
		"computer":"IEWIN7",
		"eventid":10,
		"eventrecordid":8344,
		"threadid":1444,
		"keywords":"0x8000000000000000",
		"level":4,
		"opcode":0,
		"guid":"5770385F-C22A-43E0-BF4C-06F5698FFBD9",
		"name":"Microsoft-Windows-Sysmon",
		"userid":"S-1-5-18",
		"task":10,
		"systemtime":"2019-04-30T07:23:00.899263Z",
		"version":3,
		"calltrace":"C:\\Windows\\SYSTEM32\\ntdll.dll+4595c|C:\\Windows\\system32\\KERNELBASE.dll+8185|UNKNOWN(01770343)|UNKNOWN(0176FF9D)|UNKNOWN(0176F8EC)|UNKNOWN(00397486)|UNKNOWN(003973A0)|UNKNOWN(003978A3)|C:\\Windows\\system32\\kernel32.dll+4ef8c|C:\\Windows\\SYSTEM32\\ntdll.dll+6367a|C:\\Windows\\SYSTEM32\\ntdll.dll+6364d",
		"grantedaccess":"0x1410",
		"sourceimage":"D:\\m.exe",
		"sourceprocessguid":"365ABB72-F7C9-5CC7-0000-0010BF010E00",
		"sourceprocessid":3772,
		"sourcethreadid":1088,
		"targetimage":"C:\\Windows\\System32\\VBoxService.exe",
		"targetprocessguid":"365ABB72-F6A1-5CC7-0000-0010E7AC0000",
		"targetprocessid":676
	},
	{
		"Rule level":"critical",
		"title":"Suspicious In-Memory Module Execution - 8B78C085",
		"description":"Detects the access to processes by other suspicious processes which have reflectively loaded libraries in their memory space. An example is SilentTrinity C2 behaviour. Generally speaking, when Sysmon EventID 10 cannot reference a stack call to a dll loaded from disk (the standard way), it will display \"UNKNOWN\" as the module name. Usually this means the stack call points to a module that was reflectively loaded in memory. Adding to this, it is not common to see such few calls in the stack (ntdll.dll --\u003e kernelbase.dll --\u003e unknown) which essentially means that most of the functions required by the process to execute certain routines are already present in memory, not requiring any calls to external libraries. The latter should also be considered suspicious.",
		"row_id":1309,
		"processid":1876,
		"utctime":"2019-04-30 07:23:00.883",
		"channel":"Microsoft-Windows-Sysmon/Operational",
		"computer":"IEWIN7",
		"eventid":10,
		"eventrecordid":8345,
		"threadid":1444,
		"keywords":"0x8000000000000000",
		"level":4,
		"opcode":0,
		"guid":"5770385F-C22A-43E0-BF4C-06F5698FFBD9",
		"name":"Microsoft-Windows-Sysmon",
		"userid":"S-1-5-18",
		"task":10,
		"systemtime":"2019-04-30T07:23:00.899263Z",
		"version":3,
		"calltrace":"C:\\Windows\\SYSTEM32\\ntdll.dll+4595c|C:\\Windows\\system32\\KERNELBASE.dll+8185|UNKNOWN(01770343)|UNKNOWN(0176FF9D)|UNKNOWN(0176F8EC)|UNKNOWN(00397486)|UNKNOWN(003973A0)|UNKNOWN(003978A3)|C:\\Windows\\system32\\kernel32.dll+4ef8c|C:\\Windows\\SYSTEM32\\ntdll.dll+6367a|C:\\Windows\\SYSTEM32\\ntdll.dll+6364d",
		"grantedaccess":"0x1410",
		"sourceimage":"D:\\m.exe",
		"sourceprocessguid":"365ABB72-F7C9-5CC7-0000-0010BF010E00",
		"sourceprocessid":3772,
		"sourcethreadid":1088,
		"targetimage":"C:\\Windows\\system32\\svchost.exe",
		"targetprocessguid":"365ABB72-F6A1-5CC7-0000-00101AB00000",
		"targetprocessid":740
	},
	{
		"Rule level":"critical",
		"title":"Suspicious In-Memory Module Execution - 8B78C085",
		"description":"Detects the access to processes by other suspicious processes which have reflectively loaded libraries in their memory space. An example is SilentTrinity C2 behaviour. Generally speaking, when Sysmon EventID 10 cannot reference a stack call to a dll loaded from disk (the standard way), it will display \"UNKNOWN\" as the module name. Usually this means the stack call points to a module that was reflectively loaded in memory. Adding to this, it is not common to see such few calls in the stack (ntdll.dll --\u003e kernelbase.dll --\u003e unknown) which essentially means that most of the functions required by the process to execute certain routines are already present in memory, not requiring any calls to external libraries. The latter should also be considered suspicious.",
		"row_id":1310,
		"processid":1876,
		"utctime":"2019-04-30 07:23:00.883",
		"channel":"Microsoft-Windows-Sysmon/Operational",
		"computer":"IEWIN7",
		"eventid":10,
		"eventrecordid":8346,
		"threadid":1444,
		"keywords":"0x8000000000000000",
		"level":4,
		"opcode":0,
		"guid":"5770385F-C22A-43E0-BF4C-06F5698FFBD9",
		"name":"Microsoft-Windows-Sysmon",
		"userid":"S-1-5-18",
		"task":10,
		"systemtime":"2019-04-30T07:23:00.899263Z",
		"version":3,
		"calltrace":"C:\\Windows\\SYSTEM32\\ntdll.dll+4595c|C:\\Windows\\system32\\KERNELBASE.dll+8185|UNKNOWN(01770343)|UNKNOWN(0176FF9D)|UNKNOWN(0176F8EC)|UNKNOWN(00397486)|UNKNOWN(003973A0)|UNKNOWN(003978A3)|C:\\Windows\\system32\\kernel32.dll+4ef8c|C:\\Windows\\SYSTEM32\\ntdll.dll+6367a|C:\\Windows\\SYSTEM32\\ntdll.dll+6364d",
		"grantedaccess":"0x1410",
		"sourceimage":"D:\\m.exe",
		"sourceprocessguid":"365ABB72-F7C9-5CC7-0000-0010BF010E00",
		"sourceprocessid":3772,
		"sourcethreadid":1088,
		"targetimage":"C:\\Windows\\System32\\svchost.exe",
		"targetprocessguid":"365ABB72-F6A2-5CC7-0000-00105FB40000",
		"targetprocessid":804
	},
	{
		"Rule level":"critical",
		"title":"Suspicious In-Memory Module Execution - 8B78C085",
		"description":"Detects the access to processes by other suspicious processes which have reflectively loaded libraries in their memory space. An example is SilentTrinity C2 behaviour. Generally speaking, when Sysmon EventID 10 cannot reference a stack call to a dll loaded from disk (the standard way), it will display \"UNKNOWN\" as the module name. Usually this means the stack call points to a module that was reflectively loaded in memory. Adding to this, it is not common to see such few calls in the stack (ntdll.dll --\u003e kernelbase.dll --\u003e unknown) which essentially means that most of the functions required by the process to execute certain routines are already present in memory, not requiring any calls to external libraries. The latter should also be considered suspicious.",
		"row_id":1311,
		"processid":1876,
		"utctime":"2019-04-30 07:23:00.883",
		"channel":"Microsoft-Windows-Sysmon/Operational",
		"computer":"IEWIN7",
		"eventid":10,
		"eventrecordid":8347,
		"threadid":1444,
		"keywords":"0x8000000000000000",
		"level":4,
		"opcode":0,
		"guid":"5770385F-C22A-43E0-BF4C-06F5698FFBD9",
		"name":"Microsoft-Windows-Sysmon",
		"userid":"S-1-5-18",
		"task":10,
		"systemtime":"2019-04-30T07:23:00.899263Z",
		"version":3,
		"calltrace":"C:\\Windows\\SYSTEM32\\ntdll.dll+4595c|C:\\Windows\\system32\\KERNELBASE.dll+8185|UNKNOWN(01770343)|UNKNOWN(0176FF9D)|UNKNOWN(0176F8EC)|UNKNOWN(00397486)|UNKNOWN(003973A0)|UNKNOWN(003978A3)|C:\\Windows\\system32\\kernel32.dll+4ef8c|C:\\Windows\\SYSTEM32\\ntdll.dll+6367a|C:\\Windows\\SYSTEM32\\ntdll.dll+6364d",
		"grantedaccess":"0x1410",
		"sourceimage":"D:\\m.exe",
		"sourceprocessguid":"365ABB72-F7C9-5CC7-0000-0010BF010E00",
		"sourceprocessid":3772,
		"sourcethreadid":1088,
		"targetimage":"C:\\Windows\\System32\\svchost.exe",
		"targetprocessguid":"365ABB72-F6A2-5CC7-0000-001015C00000",
		"targetprocessid":872
	},
	{
		"Rule level":"critical",
		"title":"Suspicious In-Memory Module Execution - 8B78C085",
		"description":"Detects the access to processes by other suspicious processes which have reflectively loaded libraries in their memory space. An example is SilentTrinity C2 behaviour. Generally speaking, when Sysmon EventID 10 cannot reference a stack call to a dll loaded from disk (the standard way), it will display \"UNKNOWN\" as the module name. Usually this means the stack call points to a module that was reflectively loaded in memory. Adding to this, it is not common to see such few calls in the stack (ntdll.dll --\u003e kernelbase.dll --\u003e unknown) which essentially means that most of the functions required by the process to execute certain routines are already present in memory, not requiring any calls to external libraries. The latter should also be considered suspicious.",
		"row_id":1312,
		"processid":1876,
		"utctime":"2019-04-30 07:23:00.883",
		"channel":"Microsoft-Windows-Sysmon/Operational",
		"computer":"IEWIN7",
		"eventid":10,
		"eventrecordid":8348,
		"threadid":1444,
		"keywords":"0x8000000000000000",
		"level":4,
		"opcode":0,
		"guid":"5770385F-C22A-43E0-BF4C-06F5698FFBD9",
		"name":"Microsoft-Windows-Sysmon",
		"userid":"S-1-5-18",
		"task":10,
		"systemtime":"2019-04-30T07:23:00.899263Z",
		"version":3,
		"calltrace":"C:\\Windows\\SYSTEM32\\ntdll.dll+4595c|C:\\Windows\\system32\\KERNELBASE.dll+8185|UNKNOWN(01770343)|UNKNOWN(0176FF9D)|UNKNOWN(0176F8EC)|UNKNOWN(00397486)|UNKNOWN(003973A0)|UNKNOWN(003978A3)|C:\\Windows\\system32\\kernel32.dll+4ef8c|C:\\Windows\\SYSTEM32\\ntdll.dll+6367a|C:\\Windows\\SYSTEM32\\ntdll.dll+6364d",
		"grantedaccess":"0x1410",
		"sourceimage":"D:\\m.exe",
		"sourceprocessguid":"365ABB72-F7C9-5CC7-0000-0010BF010E00",
		"sourceprocessid":3772,
		"sourcethreadid":1088,
		"targetimage":"C:\\Windows\\system32\\svchost.exe",
		"targetprocessguid":"365ABB72-F6A2-5CC7-0000-0010A7C40000",
		"targetprocessid":908
	},
	{
		"Rule level":"critical",
		"title":"Suspicious In-Memory Module Execution - 8B78C085",
		"description":"Detects the access to processes by other suspicious processes which have reflectively loaded libraries in their memory space. An example is SilentTrinity C2 behaviour. Generally speaking, when Sysmon EventID 10 cannot reference a stack call to a dll loaded from disk (the standard way), it will display \"UNKNOWN\" as the module name. Usually this means the stack call points to a module that was reflectively loaded in memory. Adding to this, it is not common to see such few calls in the stack (ntdll.dll --\u003e kernelbase.dll --\u003e unknown) which essentially means that most of the functions required by the process to execute certain routines are already present in memory, not requiring any calls to external libraries. The latter should also be considered suspicious.",
		"row_id":1313,
		"processid":1876,
		"utctime":"2019-04-30 07:23:00.883",
		"channel":"Microsoft-Windows-Sysmon/Operational",
		"computer":"IEWIN7",
		"eventid":10,
		"eventrecordid":8349,
		"threadid":1444,
		"keywords":"0x8000000000000000",
		"level":4,
		"opcode":0,
		"guid":"5770385F-C22A-43E0-BF4C-06F5698FFBD9",
		"name":"Microsoft-Windows-Sysmon",
		"userid":"S-1-5-18",
		"task":10,
		"systemtime":"2019-04-30T07:23:00.914888Z",
		"version":3,
		"calltrace":"C:\\Windows\\SYSTEM32\\ntdll.dll+4595c|C:\\Windows\\system32\\KERNELBASE.dll+8185|UNKNOWN(01770343)|UNKNOWN(0176FF9D)|UNKNOWN(0176F8EC)|UNKNOWN(00397486)|UNKNOWN(003973A0)|UNKNOWN(003978A3)|C:\\Windows\\system32\\kernel32.dll+4ef8c|C:\\Windows\\SYSTEM32\\ntdll.dll+6367a|C:\\Windows\\SYSTEM32\\ntdll.dll+6364d",
		"grantedaccess":"0x1410",
		"sourceimage":"D:\\m.exe",
		"sourceprocessguid":"365ABB72-F7C9-5CC7-0000-0010BF010E00",
		"sourceprocessid":3772,
		"sourcethreadid":1088,
		"targetimage":"C:\\Windows\\system32\\svchost.exe",
		"targetprocessguid":"365ABB72-F6A2-5CC7-0000-001014C90000",
		"targetprocessid":956
	},
	{
		"Rule level":"critical",
		"title":"Suspicious In-Memory Module Execution - 8B78C085",
		"description":"Detects the access to processes by other suspicious processes which have reflectively loaded libraries in their memory space. An example is SilentTrinity C2 behaviour. Generally speaking, when Sysmon EventID 10 cannot reference a stack call to a dll loaded from disk (the standard way), it will display \"UNKNOWN\" as the module name. Usually this means the stack call points to a module that was reflectively loaded in memory. Adding to this, it is not common to see such few calls in the stack (ntdll.dll --\u003e kernelbase.dll --\u003e unknown) which essentially means that most of the functions required by the process to execute certain routines are already present in memory, not requiring any calls to external libraries. The latter should also be considered suspicious.",
		"row_id":1314,
		"processid":1876,
		"utctime":"2019-04-30 07:23:00.883",
		"channel":"Microsoft-Windows-Sysmon/Operational",
		"computer":"IEWIN7",
		"eventid":10,
		"eventrecordid":8350,
		"threadid":1444,
		"keywords":"0x8000000000000000",
		"level":4,
		"opcode":0,
		"guid":"5770385F-C22A-43E0-BF4C-06F5698FFBD9",
		"name":"Microsoft-Windows-Sysmon",
		"userid":"S-1-5-18",
		"task":10,
		"systemtime":"2019-04-30T07:23:00.914888Z",
		"version":3,
		"calltrace":"C:\\Windows\\SYSTEM32\\ntdll.dll+4595c|C:\\Windows\\system32\\KERNELBASE.dll+8185|UNKNOWN(01770343)|UNKNOWN(0176FF9D)|UNKNOWN(0176F8EC)|UNKNOWN(00397486)|UNKNOWN(003973A0)|UNKNOWN(003978A3)|C:\\Windows\\system32\\kernel32.dll+4ef8c|C:\\Windows\\SYSTEM32\\ntdll.dll+6367a|C:\\Windows\\SYSTEM32\\ntdll.dll+6364d",
		"grantedaccess":"0x1410",
		"sourceimage":"D:\\m.exe",
		"sourceprocessguid":"365ABB72-F7C9-5CC7-0000-0010BF010E00",
		"sourceprocessid":3772,
		"sourcethreadid":1088,
		"targetimage":"C:\\Windows\\system32\\svchost.exe",
		"targetprocessguid":"365ABB72-F6A2-5CC7-0000-001012CF0000",
		"targetprocessid":1016
	},
	{
		"Rule level":"critical",
		"title":"Suspicious In-Memory Module Execution - 8B78C085",
		"description":"Detects the access to processes by other suspicious processes which have reflectively loaded libraries in their memory space. An example is SilentTrinity C2 behaviour. Generally speaking, when Sysmon EventID 10 cannot reference a stack call to a dll loaded from disk (the standard way), it will display \"UNKNOWN\" as the module name. Usually this means the stack call points to a module that was reflectively loaded in memory. Adding to this, it is not common to see such few calls in the stack (ntdll.dll --\u003e kernelbase.dll --\u003e unknown) which essentially means that most of the functions required by the process to execute certain routines are already present in memory, not requiring any calls to external libraries. The latter should also be considered suspicious.",
		"row_id":1315,
		"processid":1876,
		"utctime":"2019-04-30 07:23:00.883",
		"channel":"Microsoft-Windows-Sysmon/Operational",
		"computer":"IEWIN7",
		"eventid":10,
		"eventrecordid":8351,
		"threadid":1444,
		"keywords":"0x8000000000000000",
		"level":4,
		"opcode":0,
		"guid":"5770385F-C22A-43E0-BF4C-06F5698FFBD9",
		"name":"Microsoft-Windows-Sysmon",
		"userid":"S-1-5-18",
		"task":10,
		"systemtime":"2019-04-30T07:23:00.914888Z",
		"version":3,
		"calltrace":"C:\\Windows\\SYSTEM32\\ntdll.dll+4595c|C:\\Windows\\system32\\KERNELBASE.dll+8185|UNKNOWN(01770343)|UNKNOWN(0176FF9D)|UNKNOWN(0176F8EC)|UNKNOWN(00397486)|UNKNOWN(003973A0)|UNKNOWN(003978A3)|C:\\Windows\\system32\\kernel32.dll+4ef8c|C:\\Windows\\SYSTEM32\\ntdll.dll+6367a|C:\\Windows\\SYSTEM32\\ntdll.dll+6364d",
		"grantedaccess":"0x1410",
		"sourceimage":"D:\\m.exe",
		"sourceprocessguid":"365ABB72-F7C9-5CC7-0000-0010BF010E00",
		"sourceprocessid":3772,
		"sourcethreadid":1088,
		"targetimage":"C:\\Windows\\system32\\svchost.exe",
		"targetprocessguid":"365ABB72-F6A2-5CC7-0000-0010F9D80000",
		"targetprocessid":1148
	},
	{
		"Rule level":"critical",
		"title":"Suspicious In-Memory Module Execution - 8B78C085",
		"description":"Detects the access to processes by other suspicious processes which have reflectively loaded libraries in their memory space. An example is SilentTrinity C2 behaviour. Generally speaking, when Sysmon EventID 10 cannot reference a stack call to a dll loaded from disk (the standard way), it will display \"UNKNOWN\" as the module name. Usually this means the stack call points to a module that was reflectively loaded in memory. Adding to this, it is not common to see such few calls in the stack (ntdll.dll --\u003e kernelbase.dll --\u003e unknown) which essentially means that most of the functions required by the process to execute certain routines are already present in memory, not requiring any calls to external libraries. The latter should also be considered suspicious.",
		"row_id":1316,
		"processid":1876,
		"utctime":"2019-04-30 07:23:00.883",
		"channel":"Microsoft-Windows-Sysmon/Operational",
		"computer":"IEWIN7",
		"eventid":10,
		"eventrecordid":8352,
		"threadid":1444,
		"keywords":"0x8000000000000000",
		"level":4,
		"opcode":0,
		"guid":"5770385F-C22A-43E0-BF4C-06F5698FFBD9",
		"name":"Microsoft-Windows-Sysmon",
		"userid":"S-1-5-18",
		"task":10,
		"systemtime":"2019-04-30T07:23:00.914888Z",
		"version":3,
		"calltrace":"C:\\Windows\\SYSTEM32\\ntdll.dll+4595c|C:\\Windows\\system32\\KERNELBASE.dll+8185|UNKNOWN(01770343)|UNKNOWN(0176FF9D)|UNKNOWN(0176F8EC)|UNKNOWN(00397486)|UNKNOWN(003973A0)|UNKNOWN(003978A3)|C:\\Windows\\system32\\kernel32.dll+4ef8c|C:\\Windows\\SYSTEM32\\ntdll.dll+6367a|C:\\Windows\\SYSTEM32\\ntdll.dll+6364d",
		"grantedaccess":"0x1410",
		"sourceimage":"D:\\m.exe",
		"sourceprocessguid":"365ABB72-F7C9-5CC7-0000-0010BF010E00",
		"sourceprocessid":3772,
		"sourcethreadid":1088,
		"targetimage":"C:\\Windows\\System32\\spoolsv.exe",
		"targetprocessguid":"365ABB72-F6A2-5CC7-0000-00100EED0000",
		"targetprocessid":1288
	},
	{
		"Rule level":"critical",
		"title":"Suspicious In-Memory Module Execution - 8B78C085",
		"description":"Detects the access to processes by other suspicious processes which have reflectively loaded libraries in their memory space. An example is SilentTrinity C2 behaviour. Generally speaking, when Sysmon EventID 10 cannot reference a stack call to a dll loaded from disk (the standard way), it will display \"UNKNOWN\" as the module name. Usually this means the stack call points to a module that was reflectively loaded in memory. Adding to this, it is not common to see such few calls in the stack (ntdll.dll --\u003e kernelbase.dll --\u003e unknown) which essentially means that most of the functions required by the process to execute certain routines are already present in memory, not requiring any calls to external libraries. The latter should also be considered suspicious.",
		"row_id":1317,
		"processid":1876,
		"utctime":"2019-04-30 07:23:00.883",
		"channel":"Microsoft-Windows-Sysmon/Operational",
		"computer":"IEWIN7",
		"eventid":10,
		"eventrecordid":8353,
		"threadid":1444,
		"keywords":"0x8000000000000000",
		"level":4,
		"opcode":0,
		"guid":"5770385F-C22A-43E0-BF4C-06F5698FFBD9",
		"name":"Microsoft-Windows-Sysmon",
		"userid":"S-1-5-18",
		"task":10,
		"systemtime":"2019-04-30T07:23:00.914888Z",
		"version":3,
		"calltrace":"C:\\Windows\\SYSTEM32\\ntdll.dll+4595c|C:\\Windows\\system32\\KERNELBASE.dll+8185|UNKNOWN(01770343)|UNKNOWN(0176FF9D)|UNKNOWN(0176F8EC)|UNKNOWN(00397486)|UNKNOWN(003973A0)|UNKNOWN(003978A3)|C:\\Windows\\system32\\kernel32.dll+4ef8c|C:\\Windows\\SYSTEM32\\ntdll.dll+6367a|C:\\Windows\\SYSTEM32\\ntdll.dll+6364d",
		"grantedaccess":"0x1410",
		"sourceimage":"D:\\m.exe",
		"sourceprocessguid":"365ABB72-F7C9-5CC7-0000-0010BF010E00",
		"sourceprocessid":3772,
		"sourcethreadid":1088,
		"targetimage":"C:\\Windows\\system32\\svchost.exe",
		"targetprocessguid":"365ABB72-F6A2-5CC7-0000-0010B8F20000",
		"targetprocessid":1328
	},
	{
		"Rule level":"critical",
		"title":"Suspicious In-Memory Module Execution - 8B78C085",
		"description":"Detects the access to processes by other suspicious processes which have reflectively loaded libraries in their memory space. An example is SilentTrinity C2 behaviour. Generally speaking, when Sysmon EventID 10 cannot reference a stack call to a dll loaded from disk (the standard way), it will display \"UNKNOWN\" as the module name. Usually this means the stack call points to a module that was reflectively loaded in memory. Adding to this, it is not common to see such few calls in the stack (ntdll.dll --\u003e kernelbase.dll --\u003e unknown) which essentially means that most of the functions required by the process to execute certain routines are already present in memory, not requiring any calls to external libraries. The latter should also be considered suspicious.",
		"row_id":1318,
		"processid":1876,
		"utctime":"2019-04-30 07:23:00.899",
		"channel":"Microsoft-Windows-Sysmon/Operational",
		"computer":"IEWIN7",
		"eventid":10,
		"eventrecordid":8354,
		"threadid":1444,
		"keywords":"0x8000000000000000",
		"level":4,
		"opcode":0,
		"guid":"5770385F-C22A-43E0-BF4C-06F5698FFBD9",
		"name":"Microsoft-Windows-Sysmon",
		"userid":"S-1-5-18",
		"task":10,
		"systemtime":"2019-04-30T07:23:00.914888Z",
		"version":3,
		"calltrace":"C:\\Windows\\SYSTEM32\\ntdll.dll+4595c|C:\\Windows\\system32\\KERNELBASE.dll+8185|UNKNOWN(01770343)|UNKNOWN(0176FF9D)|UNKNOWN(0176F8EC)|UNKNOWN(00397486)|UNKNOWN(003973A0)|UNKNOWN(003978A3)|C:\\Windows\\system32\\kernel32.dll+4ef8c|C:\\Windows\\SYSTEM32\\ntdll.dll+6367a|C:\\Windows\\SYSTEM32\\ntdll.dll+6364d",
		"grantedaccess":"0x1410",
		"sourceimage":"D:\\m.exe",
		"sourceprocessguid":"365ABB72-F7C9-5CC7-0000-0010BF010E00",
		"sourceprocessid":3772,
		"sourcethreadid":1088,
		"targetimage":"C:\\Windows\\System32\\svchost.exe",
		"targetprocessguid":"365ABB72-F6A3-5CC7-0000-0010D30E0100",
		"targetprocessid":1476
	},
	{
		"Rule level":"critical",
		"title":"Suspicious In-Memory Module Execution - 8B78C085",
		"description":"Detects the access to processes by other suspicious processes which have reflectively loaded libraries in their memory space. An example is SilentTrinity C2 behaviour. Generally speaking, when Sysmon EventID 10 cannot reference a stack call to a dll loaded from disk (the standard way), it will display \"UNKNOWN\" as the module name. Usually this means the stack call points to a module that was reflectively loaded in memory. Adding to this, it is not common to see such few calls in the stack (ntdll.dll --\u003e kernelbase.dll --\u003e unknown) which essentially means that most of the functions required by the process to execute certain routines are already present in memory, not requiring any calls to external libraries. The latter should also be considered suspicious.",
		"row_id":1319,
		"processid":1876,
		"utctime":"2019-04-30 07:23:00.899",
		"channel":"Microsoft-Windows-Sysmon/Operational",
		"computer":"IEWIN7",
		"eventid":10,
		"eventrecordid":8355,
		"threadid":1444,
		"keywords":"0x8000000000000000",
		"level":4,
		"opcode":0,
		"guid":"5770385F-C22A-43E0-BF4C-06F5698FFBD9",
		"name":"Microsoft-Windows-Sysmon",
		"userid":"S-1-5-18",
		"task":10,
		"systemtime":"2019-04-30T07:23:00.914888Z",
		"version":3,
		"calltrace":"C:\\Windows\\SYSTEM32\\ntdll.dll+4595c|C:\\Windows\\system32\\KERNELBASE.dll+8185|UNKNOWN(01770343)|UNKNOWN(0176FF9D)|UNKNOWN(0176F8EC)|UNKNOWN(00397486)|UNKNOWN(003973A0)|UNKNOWN(003978A3)|C:\\Windows\\system32\\kernel32.dll+4ef8c|C:\\Windows\\SYSTEM32\\ntdll.dll+6367a|C:\\Windows\\SYSTEM32\\ntdll.dll+6364d",
		"grantedaccess":"0x1410",
		"sourceimage":"D:\\m.exe",
		"sourceprocessguid":"365ABB72-F7C9-5CC7-0000-0010BF010E00",
		"sourceprocessid":3772,
		"sourcethreadid":1088,
		"targetimage":"C:\\Windows\\system32\\taskhost.exe",
		"targetprocessguid":"365ABB72-F6A3-5CC7-0000-001062120100",
		"targetprocessid":1504
	},
	{
		"Rule level":"critical",
		"title":"Suspicious In-Memory Module Execution - 8B78C085",
		"description":"Detects the access to processes by other suspicious processes which have reflectively loaded libraries in their memory space. An example is SilentTrinity C2 behaviour. Generally speaking, when Sysmon EventID 10 cannot reference a stack call to a dll loaded from disk (the standard way), it will display \"UNKNOWN\" as the module name. Usually this means the stack call points to a module that was reflectively loaded in memory. Adding to this, it is not common to see such few calls in the stack (ntdll.dll --\u003e kernelbase.dll --\u003e unknown) which essentially means that most of the functions required by the process to execute certain routines are already present in memory, not requiring any calls to external libraries. The latter should also be considered suspicious.",
		"row_id":1320,
		"processid":1876,
		"utctime":"2019-04-30 07:23:00.899",
		"channel":"Microsoft-Windows-Sysmon/Operational",
		"computer":"IEWIN7",
		"eventid":10,
		"eventrecordid":8356,
		"threadid":1444,
		"keywords":"0x8000000000000000",
		"level":4,
		"opcode":0,
		"guid":"5770385F-C22A-43E0-BF4C-06F5698FFBD9",
		"name":"Microsoft-Windows-Sysmon",
		"userid":"S-1-5-18",
		"task":10,
		"systemtime":"2019-04-30T07:23:00.914888Z",
		"version":3,
		"calltrace":"C:\\Windows\\SYSTEM32\\ntdll.dll+4595c|C:\\Windows\\system32\\KERNELBASE.dll+8185|UNKNOWN(01770343)|UNKNOWN(0176FF9D)|UNKNOWN(0176F8EC)|UNKNOWN(00397486)|UNKNOWN(003973A0)|UNKNOWN(003978A3)|C:\\Windows\\system32\\kernel32.dll+4ef8c|C:\\Windows\\SYSTEM32\\ntdll.dll+6367a|C:\\Windows\\SYSTEM32\\ntdll.dll+6364d",
		"grantedaccess":"0x1410",
		"sourceimage":"D:\\m.exe",
		"sourceprocessguid":"365ABB72-F7C9-5CC7-0000-0010BF010E00",
		"sourceprocessid":3772,
		"sourcethreadid":1088,
		"targetimage":"C:\\Windows\\system32\\taskeng.exe",
		"targetprocessguid":"365ABB72-F6A3-5CC7-0000-0010051A0100",
		"targetprocessid":1572
	},
	{
		"Rule level":"critical",
		"title":"Suspicious In-Memory Module Execution - 8B78C085",
		"description":"Detects the access to processes by other suspicious processes which have reflectively loaded libraries in their memory space. An example is SilentTrinity C2 behaviour. Generally speaking, when Sysmon EventID 10 cannot reference a stack call to a dll loaded from disk (the standard way), it will display \"UNKNOWN\" as the module name. Usually this means the stack call points to a module that was reflectively loaded in memory. Adding to this, it is not common to see such few calls in the stack (ntdll.dll --\u003e kernelbase.dll --\u003e unknown) which essentially means that most of the functions required by the process to execute certain routines are already present in memory, not requiring any calls to external libraries. The latter should also be considered suspicious.",
		"row_id":1321,
		"processid":1876,
		"utctime":"2019-04-30 07:23:00.899",
		"channel":"Microsoft-Windows-Sysmon/Operational",
		"computer":"IEWIN7",
		"eventid":10,
		"eventrecordid":8357,
		"threadid":1444,
		"keywords":"0x8000000000000000",
		"level":4,
		"opcode":0,
		"guid":"5770385F-C22A-43E0-BF4C-06F5698FFBD9",
		"name":"Microsoft-Windows-Sysmon",
		"userid":"S-1-5-18",
		"task":10,
		"systemtime":"2019-04-30T07:23:00.914888Z",
		"version":3,
		"calltrace":"C:\\Windows\\SYSTEM32\\ntdll.dll+4595c|C:\\Windows\\system32\\KERNELBASE.dll+8185|UNKNOWN(01770343)|UNKNOWN(0176FF9D)|UNKNOWN(0176F8EC)|UNKNOWN(00397486)|UNKNOWN(003973A0)|UNKNOWN(003978A3)|C:\\Windows\\system32\\kernel32.dll+4ef8c|C:\\Windows\\SYSTEM32\\ntdll.dll+6367a|C:\\Windows\\SYSTEM32\\ntdll.dll+6364d",
		"grantedaccess":"0x1410",
		"sourceimage":"D:\\m.exe",
		"sourceprocessguid":"365ABB72-F7C9-5CC7-0000-0010BF010E00",
		"sourceprocessid":3772,
		"sourcethreadid":1088,
		"targetimage":"C:\\Program Files\\OpenSSH\\bin\\cygrunsrv.exe",
		"targetprocessguid":"365ABB72-F6A3-5CC7-0000-0010443A0100",
		"targetprocessid":1732
	},
	{
		"Rule level":"critical",
		"title":"Suspicious In-Memory Module Execution - 8B78C085",
		"description":"Detects the access to processes by other suspicious processes which have reflectively loaded libraries in their memory space. An example is SilentTrinity C2 behaviour. Generally speaking, when Sysmon EventID 10 cannot reference a stack call to a dll loaded from disk (the standard way), it will display \"UNKNOWN\" as the module name. Usually this means the stack call points to a module that was reflectively loaded in memory. Adding to this, it is not common to see such few calls in the stack (ntdll.dll --\u003e kernelbase.dll --\u003e unknown) which essentially means that most of the functions required by the process to execute certain routines are already present in memory, not requiring any calls to external libraries. The latter should also be considered suspicious.",
		"row_id":1322,
		"processid":1876,
		"utctime":"2019-04-30 07:23:00.899",
		"channel":"Microsoft-Windows-Sysmon/Operational",
		"computer":"IEWIN7",
		"eventid":10,
		"eventrecordid":8358,
		"threadid":1444,
		"keywords":"0x8000000000000000",
		"level":4,
		"opcode":0,
		"guid":"5770385F-C22A-43E0-BF4C-06F5698FFBD9",
		"name":"Microsoft-Windows-Sysmon",
		"userid":"S-1-5-18",
		"task":10,
		"systemtime":"2019-04-30T07:23:00.914888Z",
		"version":3,
		"calltrace":"C:\\Windows\\SYSTEM32\\ntdll.dll+4595c|C:\\Windows\\system32\\KERNELBASE.dll+8185|UNKNOWN(01770343)|UNKNOWN(0176FF9D)|UNKNOWN(0176F8EC)|UNKNOWN(00397486)|UNKNOWN(003973A0)|UNKNOWN(003978A3)|C:\\Windows\\system32\\kernel32.dll+4ef8c|C:\\Windows\\SYSTEM32\\ntdll.dll+6367a|C:\\Windows\\SYSTEM32\\ntdll.dll+6364d",
		"grantedaccess":"0x1410",
		"sourceimage":"D:\\m.exe",
		"sourceprocessguid":"365ABB72-F7C9-5CC7-0000-0010BF010E00",
		"sourceprocessid":3772,
		"sourcethreadid":1088,
		"targetimage":"C:\\Windows\\system32\\conhost.exe",
		"targetprocessguid":"365ABB72-F6A3-5CC7-0000-0010F7500100",
		"targetprocessid":1904
	},
	{
		"Rule level":"critical",
		"title":"Suspicious In-Memory Module Execution - 8B78C085",
		"description":"Detects the access to processes by other suspicious processes which have reflectively loaded libraries in their memory space. An example is SilentTrinity C2 behaviour. Generally speaking, when Sysmon EventID 10 cannot reference a stack call to a dll loaded from disk (the standard way), it will display \"UNKNOWN\" as the module name. Usually this means the stack call points to a module that was reflectively loaded in memory. Adding to this, it is not common to see such few calls in the stack (ntdll.dll --\u003e kernelbase.dll --\u003e unknown) which essentially means that most of the functions required by the process to execute certain routines are already present in memory, not requiring any calls to external libraries. The latter should also be considered suspicious.",
		"row_id":1323,
		"processid":1876,
		"utctime":"2019-04-30 07:23:00.899",
		"channel":"Microsoft-Windows-Sysmon/Operational",
		"computer":"IEWIN7",
		"eventid":10,
		"eventrecordid":8359,
		"threadid":1444,
		"keywords":"0x8000000000000000",
		"level":4,
		"opcode":0,
		"guid":"5770385F-C22A-43E0-BF4C-06F5698FFBD9",
		"name":"Microsoft-Windows-Sysmon",
		"userid":"S-1-5-18",
		"task":10,
		"systemtime":"2019-04-30T07:23:00.914888Z",
		"version":3,
		"calltrace":"C:\\Windows\\SYSTEM32\\ntdll.dll+4595c|C:\\Windows\\system32\\KERNELBASE.dll+8185|UNKNOWN(01770343)|UNKNOWN(0176FF9D)|UNKNOWN(0176F8EC)|UNKNOWN(00397486)|UNKNOWN(003973A0)|UNKNOWN(003978A3)|C:\\Windows\\system32\\kernel32.dll+4ef8c|C:\\Windows\\SYSTEM32\\ntdll.dll+6367a|C:\\Windows\\SYSTEM32\\ntdll.dll+6364d",
		"grantedaccess":"0x1410",
		"sourceimage":"D:\\m.exe",
		"sourceprocessguid":"365ABB72-F7C9-5CC7-0000-0010BF010E00",
		"sourceprocessid":3772,
		"sourcethreadid":1088,
		"targetimage":"C:\\Program Files\\OpenSSH\\usr\\sbin\\sshd.exe",
		"targetprocessguid":"365ABB72-F6A3-5CC7-0000-00108A560100",
		"targetprocessid":1952
	},
