{"Event": {"System": {"EventID": 1, "Channel": "Microsoft-Windows-Sysmon/Operational", "Computer": "WORKSTATION01", "TimeCreated": {"#attributes": {"SystemTime": "2024-01-15T10:30:00.000Z"}}, "Provider": {"#attributes": {"Name": "Microsoft-Windows-Sysmon"}}}, "EventData": {"CommandLine": "powershell.exe -encodedCommand SGVsbG8gV29ybGQ=", "Image": "C:\\Windows\\System32\\WindowsPowerShell\\v1.0\\powershell.exe", "User": "WORKSTATION01\\admin", "ParentImage": "C:\\Windows\\explorer.exe", "ProcessId": "1234", "ParentProcessId": "5678"}}}
{"Event": {"System": {"EventID": 1, "Channel": "Microsoft-Windows-Sysmon/Operational", "Computer": "WORKSTATION01", "TimeCreated": {"#attributes": {"SystemTime": "2024-01-15T10:31:00.000Z"}}}, "EventData": {"CommandLine": "cmd.exe /c whoami", "Image": "C:\\Windows\\System32\\cmd.exe", "User": "WORKSTATION01\\admin"}}}
{"Event": {"System": {"EventID": 3, "Channel": "Microsoft-Windows-Sysmon/Operational", "Computer": "WORKSTATION02", "TimeCreated": {"#attributes": {"SystemTime": "2024-01-15T10:32:00.000Z"}}}, "EventData": {"DestinationIp": "192.168.1.100", "DestinationPort": "443", "Image": "C:\\Windows\\System32\\firefox.exe"}}}
{"Event": {"System": {"EventID": 11, "Channel": "Microsoft-Windows-Sysmon/Operational", "Computer": "WORKSTATION01", "TimeCreated": {"#attributes": {"SystemTime": "2024-01-15T10:33:00.000Z"}}}, "EventData": {"TargetFilename": "C:\\Users\\admin\\malware.exe", "Image": "C:\\Windows\\explorer.exe"}}}
