Nov 11 10:31:03 Forensics sysmon: <Event><System><Provider Name="Linux-Sysmon" Guid="{ff032593-a8d3-4f13-b0d6-01fc615a0f97}"/><EventID>23</EventID><Version>5</Version><Level>4</Level><Task>23</Task><Opcode>0</Opcode><Keywords>0x8000000000000000</Keywords><TimeCreated SystemTime="2021-11-11T09:31:03.920486000Z"/><EventRecordID>86718492</EventRecordID><Correlation/><Execution ProcessID="545567" ThreadID="545567"/><Channel>Linux-Sysmon/Operational</Channel><Computer>Forensics</Computer><Security UserId="0"/></System><EventData><Data Name="RuleName">-</Data><Data Name="UtcTime">2021-11-10 17:55:37.161</Data><Data Name="ProcessGuid">{d24caf80-9108-6187-28af-35f642560000}</Data><Data Name="ProcessId">626550</Data><Data Name="User">-</Data><Data Name="Image">/opt/splunk/bin/splunkd</Data><Data Name="TargetFilename">/opt/splunk/var/run/splunk/dispatch/scheduler__nobody_U3BsdW5rNFNpZ21hX0FwcA__RMD555064e926fb44bc8_at_1636566900_71842/metadata.csv.lock</Data><Data Name="Hashes">-</Data><Data Name="IsExecutable">-</Data><Data Name="Archived">-</Data></EventData></Event>
Nov 11 10:31:03 Forensics sysmon: <Event><System><Provider Name="Linux-Sysmon" Guid="{ff032593-a8d3-4f13-b0d6-01fc615a0f97}"/><EventID>23</EventID><Version>5</Version><Level>4</Level><Task>23</Task><Opcode>0</Opcode><Keywords>0x8000000000000000</Keywords><TimeCreated SystemTime="2021-11-11T09:31:03.935159000Z"/><EventRecordID>86718493</EventRecordID><Correlation/><Execution ProcessID="545567" ThreadID="545567"/><Channel>Linux-Sysmon/Operational</Channel><Computer>Forensics</Computer><Security UserId="0"/></System><EventData><Data Name="RuleName">-</Data><Data Name="UtcTime">2021-11-10 17:55:37.161</Data><Data Name="ProcessGuid">{d24caf80-9108-6187-28af-35f642560000}</Data><Data Name="ProcessId">626550</Data><Data Name="User">-</Data><Data Name="Image">/opt/splunk/bin/splunkd</Data><Data Name="TargetFilename">/opt/splunk/var/run/splunk/dispatch/scheduler__nobody_U3BsdW5rNFNpZ21hX0FwcA__RMD555064e926fb44bc8_at_1636566900_71842/metadata.csv.lock</Data><Data Name="Hashes">-</Data><Data Name="IsExecutable">-</Data><Data Name="Archived">-</Data></EventData></Event>
Nov 11 10:31:03 Forensics sysmon: <Event><System><Provider Name="Linux-Sysmon" Guid="{ff032593-a8d3-4f13-b0d6-01fc615a0f97}"/><EventID>23</EventID><Version>5</Version><Level>4</Level><Task>23</Task><Opcode>0</Opcode><Keywords>0x8000000000000000</Keywords><TimeCreated SystemTime="2021-11-11T09:31:03.949630000Z"/><EventRecordID>86718494</EventRecordID><Correlation/><Execution ProcessID="545567" ThreadID="545567"/><Channel>Linux-Sysmon/Operational</Channel><Computer>Forensics</Computer><Security UserId="0"/></System><EventData><Data Name="RuleName">-</Data><Data Name="UtcTime">2021-11-10 17:55:37.179</Data><Data Name="ProcessGuid">{d24caf80-9108-6187-28af-35f642560000}</Data><Data Name="ProcessId">626550</Data><Data Name="User">-</Data><Data Name="Image">/opt/splunk/bin/splunkd</Data><Data Name="TargetFilename">/opt/splunk/var/run/splunk/dispatch/scheduler__nobody_U3BsdW5rNFNpZ21hX0FwcA__RMD5d68bdfdf171cafb7_at_1636566900_71843/metadata.csv.lock</Data><Data Name="Hashes">-</Data><Data Name="IsExecutable">-</Data><Data Name="Archived">-</Data></EventData></Event>
Nov 11 10:31:03 Forensics sysmon: <Event><System><Provider Name="Linux-Sysmon" Guid="{ff032593-a8d3-4f13-b0d6-01fc615a0f97}"/><EventID>23</EventID><Version>5</Version><Level>4</Level><Task>23</Task><Opcode>0</Opcode><Keywords>0x8000000000000000</Keywords><TimeCreated SystemTime="2021-11-11T09:31:03.964083000Z"/><EventRecordID>86718495</EventRecordID><Correlation/><Execution ProcessID="545567" ThreadID="545567"/><Channel>Linux-Sysmon/Operational</Channel><Computer>Forensics</Computer><Security UserId="0"/></System><EventData><Data Name="RuleName">-</Data><Data Name="UtcTime">2021-11-10 17:55:37.180</Data><Data Name="ProcessGuid">{d24caf80-9108-6187-28af-35f642560000}</Data><Data Name="ProcessId">626550</Data><Data Name="User">-</Data><Data Name="Image">/opt/splunk/bin/splunkd</Data><Data Name="TargetFilename">/opt/splunk/var/run/splunk/dispatch/scheduler__nobody_U3BsdW5rNFNpZ21hX0FwcA__RMD5d68bdfdf171cafb7_at_1636566900_71843/metadata.csv.lock</Data><Data Name="Hashes">-</Data><Data Name="IsExecutable">-</Data><Data Name="Archived">-</Data></EventData></Event>
Nov 11 10:31:03 Forensics sysmon: <Event><System><Provider Name="Linux-Sysmon" Guid="{ff032593-a8d3-4f13-b0d6-01fc615a0f97}"/><EventID>23</EventID><Version>5</Version><Level>4</Level><Task>23</Task><Opcode>0</Opcode><Keywords>0x8000000000000000</Keywords><TimeCreated SystemTime="2021-11-11T09:31:03.978672000Z"/><EventRecordID>86718496</EventRecordID><Correlation/><Execution ProcessID="545567" ThreadID="545567"/><Channel>Linux-Sysmon/Operational</Channel><Computer>Forensics</Computer><Security UserId="0"/></System><EventData><Data Name="RuleName">-</Data><Data Name="UtcTime">2021-11-10 17:55:37.201</Data><Data Name="ProcessGuid">{d24caf80-9108-6187-28af-35f642560000}</Data><Data Name="ProcessId">626550</Data><Data Name="User">-</Data><Data Name="Image">/opt/splunk/bin/splunkd</Data><Data Name="TargetFilename">/opt/splunk/var/run/splunk/dispatch/scheduler__nobody_U3BsdW5rNFNpZ21hX0FwcA__RMD59ed18ad6df8a9ce4_at_1636566900_71844/metadata.csv.lock</Data><Data Name="Hashes">-</Data><Data Name="IsExecutable">-</Data><Data Name="Archived">-</Data></EventData></Event>
